<?xml version="1.0" encoding="UTF-8"?>
<testsuite xmlns:xsi="http://www.w3.org/2001/XMLSchema-instance" xsi:noNamespaceSchemaLocation="https://maven.apache.org/surefire/maven-surefire-plugin/xsd/surefire-test-report-3.0.xsd" version="3.0" name="com.fintech.expensetracker.integration.ExpenseTrackerH2IntegrationTest" time="7.665" tests="1" errors="0" skipped="0" failures="1">
  <properties>
    <property name="java.specification.version" value="21"/>
    <property name="sun.jnu.encoding" value="UTF-8"/>
    <property name="java.class.path" value="/Users/bahadirbozoglu/Projects/VScode/kiro-test/kiro-test/target/test-classes:/Users/bahadirbozoglu/Projects/VScode/kiro-test/kiro-test/target/classes:/Users/bahadirbozoglu/.m2/repository/org/springframework/boot/spring-boot-starter-web/3.2.1/spring-boot-starter-web-3.2.1.jar:/Users/bahadirbozoglu/.m2/repository/org/springframework/boot/spring-boot-starter/3.2.1/spring-boot-starter-3.2.1.jar:/Users/bahadirbozoglu/.m2/repository/org/springframework/boot/spring-boot/3.2.1/spring-boot-3.2.1.jar:/Users/bahadirbozoglu/.m2/repository/org/springframework/boot/spring-boot-autoconfigure/3.2.1/spring-boot-autoconfigure-3.2.1.jar:/Users/bahadirbozoglu/.m2/repository/org/springframework/boot/spring-boot-starter-logging/3.2.1/spring-boot-starter-logging-3.2.1.jar:/Users/bahadirbozoglu/.m2/repository/ch/qos/logback/logback-classic/1.4.14/logback-classic-1.4.14.jar:/Users/bahadirbozoglu/.m2/repository/ch/qos/logback/logback-core/1.4.14/logback-core-1.4.14.jar:/Users/bahadirbozoglu/.m2/repository/org/apache/logging/log4j/log4j-to-slf4j/2.21.1/log4j-to-slf4j-2.21.1.jar:/Users/bahadirbozoglu/.m2/repository/org/apache/logging/log4j/log4j-api/2.21.1/log4j-api-2.21.1.jar:/Users/bahadirbozoglu/.m2/repository/org/slf4j/jul-to-slf4j/2.0.9/jul-to-slf4j-2.0.9.jar:/Users/bahadirbozoglu/.m2/repository/jakarta/annotation/jakarta.annotation-api/2.1.1/jakarta.annotation-api-2.1.1.jar:/Users/bahadirbozoglu/.m2/repository/org/yaml/snakeyaml/2.2/snakeyaml-2.2.jar:/Users/bahadirbozoglu/.m2/repository/org/springframework/boot/spring-boot-starter-json/3.2.1/spring-boot-starter-json-3.2.1.jar:/Users/bahadirbozoglu/.m2/repository/com/fasterxml/jackson/datatype/jackson-datatype-jdk8/2.15.3/jackson-datatype-jdk8-2.15.3.jar:/Users/bahadirbozoglu/.m2/repository/com/fasterxml/jackson/datatype/jackson-datatype-jsr310/2.15.3/jackson-datatype-jsr310-2.15.3.jar:/Users/bahadirbozoglu/.m2/repository/com/fasterxml/jackson/module/jackson-module-parameter-names/2.15.3/jackson-module-parameter-names-2.15.3.jar:/Users/bahadirbozoglu/.m2/repository/org/springframework/boot/spring-boot-starter-tomcat/3.2.1/spring-boot-starter-tomcat-3.2.1.jar:/Users/bahadirbozoglu/.m2/repository/org/apache/tomcat/embed/tomcat-embed-core/10.1.17/tomcat-embed-core-10.1.17.jar:/Users/bahadirbozoglu/.m2/repository/org/apache/tomcat/embed/tomcat-embed-websocket/10.1.17/tomcat-embed-websocket-10.1.17.jar:/Users/bahadirbozoglu/.m2/repository/org/springframework/spring-web/6.1.2/spring-web-6.1.2.jar:/Users/bahadirbozoglu/.m2/repository/org/springframework/spring-beans/6.1.2/spring-beans-6.1.2.jar:/Users/bahadirbozoglu/.m2/repository/io/micrometer/micrometer-observation/1.12.1/micrometer-observation-1.12.1.jar:/Users/bahadirbozoglu/.m2/repository/io/micrometer/micrometer-commons/1.12.1/micrometer-commons-1.12.1.jar:/Users/bahadirbozoglu/.m2/repository/org/springframework/spring-webmvc/6.1.2/spring-webmvc-6.1.2.jar:/Users/bahadirbozoglu/.m2/repository/org/springframework/spring-context/6.1.2/spring-context-6.1.2.jar:/Users/bahadirbozoglu/.m2/repository/org/springframework/spring-expression/6.1.2/spring-expression-6.1.2.jar:/Users/bahadirbozoglu/.m2/repository/org/springframework/boot/spring-boot-starter-data-jpa/3.2.1/spring-boot-starter-data-jpa-3.2.1.jar:/Users/bahadirbozoglu/.m2/repository/org/springframework/boot/spring-boot-starter-aop/3.2.1/spring-boot-starter-aop-3.2.1.jar:/Users/bahadirbozoglu/.m2/repository/org/aspectj/aspectjweaver/1.9.21/aspectjweaver-1.9.21.jar:/Users/bahadirbozoglu/.m2/repository/org/springframework/boot/spring-boot-starter-jdbc/3.2.1/spring-boot-starter-jdbc-3.2.1.jar:/Users/bahadirbozoglu/.m2/repository/com/zaxxer/HikariCP/5.0.1/HikariCP-5.0.1.jar:/Users/bahadirbozoglu/.m2/repository/org/springframework/spring-jdbc/6.1.2/spring-jdbc-6.1.2.jar:/Users/bahadirbozoglu/.m2/repository/org/hibernate/orm/hibernate-core/6.4.1.Final/hibernate-core-6.4.1.Final.jar:/Users/bahadirbozoglu/.m2/repository/jakarta/persistence/jakarta.persistence-api/3.1.0/jakarta.persistence-api-3.1.0.jar:/Users/bahadirbozoglu/.m2/repository/jakarta/transaction/jakarta.transaction-api/2.0.1/jakarta.transaction-api-2.0.1.jar:/Users/bahadirbozoglu/.m2/repository/org/jboss/logging/jboss-logging/3.5.3.Final/jboss-logging-3.5.3.Final.jar:/Users/bahadirbozoglu/.m2/repository/org/hibernate/common/hibernate-commons-annotations/6.0.6.Final/hibernate-commons-annotations-6.0.6.Final.jar:/Users/bahadirbozoglu/.m2/repository/io/smallrye/jandex/3.1.2/jandex-3.1.2.jar:/Users/bahadirbozoglu/.m2/repository/com/fasterxml/classmate/1.6.0/classmate-1.6.0.jar:/Users/bahadirbozoglu/.m2/repository/net/bytebuddy/byte-buddy/1.14.10/byte-buddy-1.14.10.jar:/Users/bahadirbozoglu/.m2/repository/org/glassfish/jaxb/jaxb-runtime/4.0.4/jaxb-runtime-4.0.4.jar:/Users/bahadirbozoglu/.m2/repository/org/glassfish/jaxb/jaxb-core/4.0.4/jaxb-core-4.0.4.jar:/Users/bahadirbozoglu/.m2/repository/org/eclipse/angus/angus-activation/2.0.1/angus-activation-2.0.1.jar:/Users/bahadirbozoglu/.m2/repository/org/glassfish/jaxb/txw2/4.0.4/txw2-4.0.4.jar:/Users/bahadirbozoglu/.m2/repository/com/sun/istack/istack-commons-runtime/4.1.2/istack-commons-runtime-4.1.2.jar:/Users/bahadirbozoglu/.m2/repository/jakarta/inject/jakarta.inject-api/2.0.1/jakarta.inject-api-2.0.1.jar:/Users/bahadirbozoglu/.m2/repository/org/antlr/antlr4-runtime/4.13.0/antlr4-runtime-4.13.0.jar:/Users/bahadirbozoglu/.m2/repository/org/springframework/data/spring-data-jpa/3.2.1/spring-data-jpa-3.2.1.jar:/Users/bahadirbozoglu/.m2/repository/org/springframework/data/spring-data-commons/3.2.1/spring-data-commons-3.2.1.jar:/Users/bahadirbozoglu/.m2/repository/org/springframework/spring-orm/6.1.2/spring-orm-6.1.2.jar:/Users/bahadirbozoglu/.m2/repository/org/springframework/spring-tx/6.1.2/spring-tx-6.1.2.jar:/Users/bahadirbozoglu/.m2/repository/org/slf4j/slf4j-api/2.0.9/slf4j-api-2.0.9.jar:/Users/bahadirbozoglu/.m2/repository/org/springframework/spring-aspects/6.1.2/spring-aspects-6.1.2.jar:/Users/bahadirbozoglu/.m2/repository/org/springframework/boot/spring-boot-starter-security/3.2.1/spring-boot-starter-security-3.2.1.jar:/Users/bahadirbozoglu/.m2/repository/org/springframework/spring-aop/6.1.2/spring-aop-6.1.2.jar:/Users/bahadirbozoglu/.m2/repository/org/springframework/security/spring-security-config/6.2.1/spring-security-config-6.2.1.jar:/Users/bahadirbozoglu/.m2/repository/org/springframework/security/spring-security-web/6.2.1/spring-security-web-6.2.1.jar:/Users/bahadirbozoglu/.m2/repository/org/springframework/boot/spring-boot-starter-validation/3.2.1/spring-boot-starter-validation-3.2.1.jar:/Users/bahadirbozoglu/.m2/repository/org/apache/tomcat/embed/tomcat-embed-el/10.1.17/tomcat-embed-el-10.1.17.jar:/Users/bahadirbozoglu/.m2/repository/org/hibernate/validator/hibernate-validator/8.0.1.Final/hibernate-validator-8.0.1.Final.jar:/Users/bahadirbozoglu/.m2/repository/jakarta/validation/jakarta.validation-api/3.0.2/jakarta.validation-api-3.0.2.jar:/Users/bahadirbozoglu/.m2/repository/com/h2database/h2/2.2.224/h2-2.2.224.jar:/Users/bahadirbozoglu/.m2/repository/io/jsonwebtoken/jjwt-api/0.11.5/jjwt-api-0.11.5.jar:/Users/bahadirbozoglu/.m2/repository/io/jsonwebtoken/jjwt-impl/0.11.5/jjwt-impl-0.11.5.jar:/Users/bahadirbozoglu/.m2/repository/io/jsonwebtoken/jjwt-jackson/0.11.5/jjwt-jackson-0.11.5.jar:/Users/bahadirbozoglu/.m2/repository/com/fasterxml/jackson/core/jackson-databind/2.15.3/jackson-databind-2.15.3.jar:/Users/bahadirbozoglu/.m2/repository/com/fasterxml/jackson/core/jackson-annotations/2.15.3/jackson-annotations-2.15.3.jar:/Users/bahadirbozoglu/.m2/repository/com/fasterxml/jackson/core/jackson-core/2.15.3/jackson-core-2.15.3.jar:/Users/bahadirbozoglu/.m2/repository/org/springframework/boot/spring-boot-starter-test/3.2.1/spring-boot-starter-test-3.2.1.jar:/Users/bahadirbozoglu/.m2/repository/org/springframework/boot/spring-boot-test/3.2.1/spring-boot-test-3.2.1.jar:/Users/bahadirbozoglu/.m2/repository/org/springframework/boot/spring-boot-test-autoconfigure/3.2.1/spring-boot-test-autoconfigure-3.2.1.jar:/Users/bahadirbozoglu/.m2/repository/com/jayway/jsonpath/json-path/2.8.0/json-path-2.8.0.jar:/Users/bahadirbozoglu/.m2/repository/jakarta/xml/bind/jakarta.xml.bind-api/4.0.1/jakarta.xml.bind-api-4.0.1.jar:/Users/bahadirbozoglu/.m2/repository/jakarta/activation/jakarta.activation-api/2.1.2/jakarta.activation-api-2.1.2.jar:/Users/bahadirbozoglu/.m2/repository/net/minidev/json-smart/2.5.0/json-smart-2.5.0.jar:/Users/bahadirbozoglu/.m2/repository/net/minidev/accessors-smart/2.5.0/accessors-smart-2.5.0.jar:/Users/bahadirbozoglu/.m2/repository/org/ow2/asm/asm/9.3/asm-9.3.jar:/Users/bahadirbozoglu/.m2/repository/org/assertj/assertj-core/3.24.2/assertj-core-3.24.2.jar:/Users/bahadirbozoglu/.m2/repository/org/awaitility/awaitility/4.2.0/awaitility-4.2.0.jar:/Users/bahadirbozoglu/.m2/repository/org/hamcrest/hamcrest/2.2/hamcrest-2.2.jar:/Users/bahadirbozoglu/.m2/repository/org/junit/jupiter/junit-jupiter/5.10.1/junit-jupiter-5.10.1.jar:/Users/bahadirbozoglu/.m2/repository/org/junit/jupiter/junit-jupiter-api/5.10.1/junit-jupiter-api-5.10.1.jar:/Users/bahadirbozoglu/.m2/repository/org/opentest4j/opentest4j/1.3.0/opentest4j-1.3.0.jar:/Users/bahadirbozoglu/.m2/repository/org/junit/platform/junit-platform-commons/1.10.1/junit-platform-commons-1.10.1.jar:/Users/bahadirbozoglu/.m2/repository/org/apiguardian/apiguardian-api/1.1.2/apiguardian-api-1.1.2.jar:/Users/bahadirbozoglu/.m2/repository/org/junit/jupiter/junit-jupiter-params/5.10.1/junit-jupiter-params-5.10.1.jar:/Users/bahadirbozoglu/.m2/repository/org/junit/jupiter/junit-jupiter-engine/5.10.1/junit-jupiter-engine-5.10.1.jar:/Users/bahadirbozoglu/.m2/repository/org/junit/platform/junit-platform-engine/1.10.1/junit-platform-engine-1.10.1.jar:/Users/bahadirbozoglu/.m2/repository/org/mockito/mockito-core/5.7.0/mockito-core-5.7.0.jar:/Users/bahadirbozoglu/.m2/repository/net/bytebuddy/byte-buddy-agent/1.14.10/byte-buddy-agent-1.14.10.jar:/Users/bahadirbozoglu/.m2/repository/org/objenesis/objenesis/3.3/objenesis-3.3.jar:/Users/bahadirbozoglu/.m2/repository/org/mockito/mockito-junit-jupiter/5.7.0/mockito-junit-jupiter-5.7.0.jar:/Users/bahadirbozoglu/.m2/repository/org/skyscreamer/jsonassert/1.5.1/jsonassert-1.5.1.jar:/Users/bahadirbozoglu/.m2/repository/com/vaadin/external/google/android-json/0.0.20131108.vaadin1/android-json-0.0.20131108.vaadin1.jar:/Users/bahadirbozoglu/.m2/repository/org/springframework/spring-core/6.1.2/spring-core-6.1.2.jar:/Users/bahadirbozoglu/.m2/repository/org/springframework/spring-jcl/6.1.2/spring-jcl-6.1.2.jar:/Users/bahadirbozoglu/.m2/repository/org/springframework/spring-test/6.1.2/spring-test-6.1.2.jar:/Users/bahadirbozoglu/.m2/repository/org/xmlunit/xmlunit-core/2.9.1/xmlunit-core-2.9.1.jar:/Users/bahadirbozoglu/.m2/repository/org/springframework/security/spring-security-test/6.2.1/spring-security-test-6.2.1.jar:/Users/bahadirbozoglu/.m2/repository/org/springframework/security/spring-security-core/6.2.1/spring-security-core-6.2.1.jar:/Users/bahadirbozoglu/.m2/repository/org/springframework/security/spring-security-crypto/6.2.1/spring-security-crypto-6.2.1.jar:/Users/bahadirbozoglu/.m2/repository/org/testcontainers/junit-jupiter/1.19.3/junit-jupiter-1.19.3.jar:/Users/bahadirbozoglu/.m2/repository/org/testcontainers/testcontainers/1.19.3/testcontainers-1.19.3.jar:/Users/bahadirbozoglu/.m2/repository/junit/junit/4.13.2/junit-4.13.2.jar:/Users/bahadirbozoglu/.m2/repository/org/hamcrest/hamcrest-core/2.2/hamcrest-core-2.2.jar:/Users/bahadirbozoglu/.m2/repository/org/apache/commons/commons-compress/1.24.0/commons-compress-1.24.0.jar:/Users/bahadirbozoglu/.m2/repository/org/rnorth/duct-tape/duct-tape/1.0.8/duct-tape-1.0.8.jar:/Users/bahadirbozoglu/.m2/repository/org/jetbrains/annotations/17.0.0/annotations-17.0.0.jar:/Users/bahadirbozoglu/.m2/repository/com/github/docker-java/docker-java-api/3.3.4/docker-java-api-3.3.4.jar:/Users/bahadirbozoglu/.m2/repository/com/github/docker-java/docker-java-transport-zerodep/3.3.4/docker-java-transport-zerodep-3.3.4.jar:/Users/bahadirbozoglu/.m2/repository/com/github/docker-java/docker-java-transport/3.3.4/docker-java-transport-3.3.4.jar:/Users/bahadirbozoglu/.m2/repository/net/java/dev/jna/jna/5.13.0/jna-5.13.0.jar:/Users/bahadirbozoglu/.m2/repository/org/testcontainers/postgresql/1.19.3/postgresql-1.19.3.jar:/Users/bahadirbozoglu/.m2/repository/org/testcontainers/jdbc/1.19.3/jdbc-1.19.3.jar:/Users/bahadirbozoglu/.m2/repository/org/testcontainers/database-commons/1.19.3/database-commons-1.19.3.jar:/Users/bahadirbozoglu/.m2/repository/org/postgresql/postgresql/42.6.0/postgresql-42.6.0.jar:/Users/bahadirbozoglu/.m2/repository/org/checkerframework/checker-qual/3.31.0/checker-qual-3.31.0.jar:"/>
    <property name="java.vm.vendor" value="Homebrew"/>
    <property name="sun.arch.data.model" value="64"/>
    <property name="java.vendor.url" value="https://github.com/Homebrew/homebrew-core/issues"/>
    <property name="user.timezone" value="Europe/Istanbul"/>
    <property name="org.jboss.logging.provider" value="slf4j"/>
    <property name="os.name" value="Mac OS X"/>
    <property name="java.vm.specification.version" value="21"/>
    <property name="sun.java.launcher" value="SUN_STANDARD"/>
    <property name="user.country" value="US"/>
    <property name="sun.boot.library.path" value="/usr/local/Cellar/openjdk@21/21.0.8/libexec/openjdk.jdk/Contents/Home/lib"/>
    <property name="sun.java.command" value="/Users/bahadirbozoglu/Projects/VScode/kiro-test/kiro-test/target/surefire/surefirebooter-20250819151010294_3.jar /Users/bahadirbozoglu/Projects/VScode/kiro-test/kiro-test/target/surefire 2025-08-19T15-10-10_207-jvmRun1 surefire-20250819151010294_1tmp surefire_0-20250819151010294_2tmp"/>
    <property name="http.nonProxyHosts" value="local|*.local|169.254/16|*.169.254/16"/>
    <property name="jdk.debug" value="release"/>
    <property name="test" value="ExpenseTrackerH2IntegrationTest"/>
    <property name="surefire.test.class.path" value="/Users/bahadirbozoglu/Projects/VScode/kiro-test/kiro-test/target/test-classes:/Users/bahadirbozoglu/Projects/VScode/kiro-test/kiro-test/target/classes:/Users/bahadirbozoglu/.m2/repository/org/springframework/boot/spring-boot-starter-web/3.2.1/spring-boot-starter-web-3.2.1.jar:/Users/bahadirbozoglu/.m2/repository/org/springframework/boot/spring-boot-starter/3.2.1/spring-boot-starter-3.2.1.jar:/Users/bahadirbozoglu/.m2/repository/org/springframework/boot/spring-boot/3.2.1/spring-boot-3.2.1.jar:/Users/bahadirbozoglu/.m2/repository/org/springframework/boot/spring-boot-autoconfigure/3.2.1/spring-boot-autoconfigure-3.2.1.jar:/Users/bahadirbozoglu/.m2/repository/org/springframework/boot/spring-boot-starter-logging/3.2.1/spring-boot-starter-logging-3.2.1.jar:/Users/bahadirbozoglu/.m2/repository/ch/qos/logback/logback-classic/1.4.14/logback-classic-1.4.14.jar:/Users/bahadirbozoglu/.m2/repository/ch/qos/logback/logback-core/1.4.14/logback-core-1.4.14.jar:/Users/bahadirbozoglu/.m2/repository/org/apache/logging/log4j/log4j-to-slf4j/2.21.1/log4j-to-slf4j-2.21.1.jar:/Users/bahadirbozoglu/.m2/repository/org/apache/logging/log4j/log4j-api/2.21.1/log4j-api-2.21.1.jar:/Users/bahadirbozoglu/.m2/repository/org/slf4j/jul-to-slf4j/2.0.9/jul-to-slf4j-2.0.9.jar:/Users/bahadirbozoglu/.m2/repository/jakarta/annotation/jakarta.annotation-api/2.1.1/jakarta.annotation-api-2.1.1.jar:/Users/bahadirbozoglu/.m2/repository/org/yaml/snakeyaml/2.2/snakeyaml-2.2.jar:/Users/bahadirbozoglu/.m2/repository/org/springframework/boot/spring-boot-starter-json/3.2.1/spring-boot-starter-json-3.2.1.jar:/Users/bahadirbozoglu/.m2/repository/com/fasterxml/jackson/datatype/jackson-datatype-jdk8/2.15.3/jackson-datatype-jdk8-2.15.3.jar:/Users/bahadirbozoglu/.m2/repository/com/fasterxml/jackson/datatype/jackson-datatype-jsr310/2.15.3/jackson-datatype-jsr310-2.15.3.jar:/Users/bahadirbozoglu/.m2/repository/com/fasterxml/jackson/module/jackson-module-parameter-names/2.15.3/jackson-module-parameter-names-2.15.3.jar:/Users/bahadirbozoglu/.m2/repository/org/springframework/boot/spring-boot-starter-tomcat/3.2.1/spring-boot-starter-tomcat-3.2.1.jar:/Users/bahadirbozoglu/.m2/repository/org/apache/tomcat/embed/tomcat-embed-core/10.1.17/tomcat-embed-core-10.1.17.jar:/Users/bahadirbozoglu/.m2/repository/org/apache/tomcat/embed/tomcat-embed-websocket/10.1.17/tomcat-embed-websocket-10.1.17.jar:/Users/bahadirbozoglu/.m2/repository/org/springframework/spring-web/6.1.2/spring-web-6.1.2.jar:/Users/bahadirbozoglu/.m2/repository/org/springframework/spring-beans/6.1.2/spring-beans-6.1.2.jar:/Users/bahadirbozoglu/.m2/repository/io/micrometer/micrometer-observation/1.12.1/micrometer-observation-1.12.1.jar:/Users/bahadirbozoglu/.m2/repository/io/micrometer/micrometer-commons/1.12.1/micrometer-commons-1.12.1.jar:/Users/bahadirbozoglu/.m2/repository/org/springframework/spring-webmvc/6.1.2/spring-webmvc-6.1.2.jar:/Users/bahadirbozoglu/.m2/repository/org/springframework/spring-context/6.1.2/spring-context-6.1.2.jar:/Users/bahadirbozoglu/.m2/repository/org/springframework/spring-expression/6.1.2/spring-expression-6.1.2.jar:/Users/bahadirbozoglu/.m2/repository/org/springframework/boot/spring-boot-starter-data-jpa/3.2.1/spring-boot-starter-data-jpa-3.2.1.jar:/Users/bahadirbozoglu/.m2/repository/org/springframework/boot/spring-boot-starter-aop/3.2.1/spring-boot-starter-aop-3.2.1.jar:/Users/bahadirbozoglu/.m2/repository/org/aspectj/aspectjweaver/1.9.21/aspectjweaver-1.9.21.jar:/Users/bahadirbozoglu/.m2/repository/org/springframework/boot/spring-boot-starter-jdbc/3.2.1/spring-boot-starter-jdbc-3.2.1.jar:/Users/bahadirbozoglu/.m2/repository/com/zaxxer/HikariCP/5.0.1/HikariCP-5.0.1.jar:/Users/bahadirbozoglu/.m2/repository/org/springframework/spring-jdbc/6.1.2/spring-jdbc-6.1.2.jar:/Users/bahadirbozoglu/.m2/repository/org/hibernate/orm/hibernate-core/6.4.1.Final/hibernate-core-6.4.1.Final.jar:/Users/bahadirbozoglu/.m2/repository/jakarta/persistence/jakarta.persistence-api/3.1.0/jakarta.persistence-api-3.1.0.jar:/Users/bahadirbozoglu/.m2/repository/jakarta/transaction/jakarta.transaction-api/2.0.1/jakarta.transaction-api-2.0.1.jar:/Users/bahadirbozoglu/.m2/repository/org/jboss/logging/jboss-logging/3.5.3.Final/jboss-logging-3.5.3.Final.jar:/Users/bahadirbozoglu/.m2/repository/org/hibernate/common/hibernate-commons-annotations/6.0.6.Final/hibernate-commons-annotations-6.0.6.Final.jar:/Users/bahadirbozoglu/.m2/repository/io/smallrye/jandex/3.1.2/jandex-3.1.2.jar:/Users/bahadirbozoglu/.m2/repository/com/fasterxml/classmate/1.6.0/classmate-1.6.0.jar:/Users/bahadirbozoglu/.m2/repository/net/bytebuddy/byte-buddy/1.14.10/byte-buddy-1.14.10.jar:/Users/bahadirbozoglu/.m2/repository/org/glassfish/jaxb/jaxb-runtime/4.0.4/jaxb-runtime-4.0.4.jar:/Users/bahadirbozoglu/.m2/repository/org/glassfish/jaxb/jaxb-core/4.0.4/jaxb-core-4.0.4.jar:/Users/bahadirbozoglu/.m2/repository/org/eclipse/angus/angus-activation/2.0.1/angus-activation-2.0.1.jar:/Users/bahadirbozoglu/.m2/repository/org/glassfish/jaxb/txw2/4.0.4/txw2-4.0.4.jar:/Users/bahadirbozoglu/.m2/repository/com/sun/istack/istack-commons-runtime/4.1.2/istack-commons-runtime-4.1.2.jar:/Users/bahadirbozoglu/.m2/repository/jakarta/inject/jakarta.inject-api/2.0.1/jakarta.inject-api-2.0.1.jar:/Users/bahadirbozoglu/.m2/repository/org/antlr/antlr4-runtime/4.13.0/antlr4-runtime-4.13.0.jar:/Users/bahadirbozoglu/.m2/repository/org/springframework/data/spring-data-jpa/3.2.1/spring-data-jpa-3.2.1.jar:/Users/bahadirbozoglu/.m2/repository/org/springframework/data/spring-data-commons/3.2.1/spring-data-commons-3.2.1.jar:/Users/bahadirbozoglu/.m2/repository/org/springframework/spring-orm/6.1.2/spring-orm-6.1.2.jar:/Users/bahadirbozoglu/.m2/repository/org/springframework/spring-tx/6.1.2/spring-tx-6.1.2.jar:/Users/bahadirbozoglu/.m2/repository/org/slf4j/slf4j-api/2.0.9/slf4j-api-2.0.9.jar:/Users/bahadirbozoglu/.m2/repository/org/springframework/spring-aspects/6.1.2/spring-aspects-6.1.2.jar:/Users/bahadirbozoglu/.m2/repository/org/springframework/boot/spring-boot-starter-security/3.2.1/spring-boot-starter-security-3.2.1.jar:/Users/bahadirbozoglu/.m2/repository/org/springframework/spring-aop/6.1.2/spring-aop-6.1.2.jar:/Users/bahadirbozoglu/.m2/repository/org/springframework/security/spring-security-config/6.2.1/spring-security-config-6.2.1.jar:/Users/bahadirbozoglu/.m2/repository/org/springframework/security/spring-security-web/6.2.1/spring-security-web-6.2.1.jar:/Users/bahadirbozoglu/.m2/repository/org/springframework/boot/spring-boot-starter-validation/3.2.1/spring-boot-starter-validation-3.2.1.jar:/Users/bahadirbozoglu/.m2/repository/org/apache/tomcat/embed/tomcat-embed-el/10.1.17/tomcat-embed-el-10.1.17.jar:/Users/bahadirbozoglu/.m2/repository/org/hibernate/validator/hibernate-validator/8.0.1.Final/hibernate-validator-8.0.1.Final.jar:/Users/bahadirbozoglu/.m2/repository/jakarta/validation/jakarta.validation-api/3.0.2/jakarta.validation-api-3.0.2.jar:/Users/bahadirbozoglu/.m2/repository/com/h2database/h2/2.2.224/h2-2.2.224.jar:/Users/bahadirbozoglu/.m2/repository/io/jsonwebtoken/jjwt-api/0.11.5/jjwt-api-0.11.5.jar:/Users/bahadirbozoglu/.m2/repository/io/jsonwebtoken/jjwt-impl/0.11.5/jjwt-impl-0.11.5.jar:/Users/bahadirbozoglu/.m2/repository/io/jsonwebtoken/jjwt-jackson/0.11.5/jjwt-jackson-0.11.5.jar:/Users/bahadirbozoglu/.m2/repository/com/fasterxml/jackson/core/jackson-databind/2.15.3/jackson-databind-2.15.3.jar:/Users/bahadirbozoglu/.m2/repository/com/fasterxml/jackson/core/jackson-annotations/2.15.3/jackson-annotations-2.15.3.jar:/Users/bahadirbozoglu/.m2/repository/com/fasterxml/jackson/core/jackson-core/2.15.3/jackson-core-2.15.3.jar:/Users/bahadirbozoglu/.m2/repository/org/springframework/boot/spring-boot-starter-test/3.2.1/spring-boot-starter-test-3.2.1.jar:/Users/bahadirbozoglu/.m2/repository/org/springframework/boot/spring-boot-test/3.2.1/spring-boot-test-3.2.1.jar:/Users/bahadirbozoglu/.m2/repository/org/springframework/boot/spring-boot-test-autoconfigure/3.2.1/spring-boot-test-autoconfigure-3.2.1.jar:/Users/bahadirbozoglu/.m2/repository/com/jayway/jsonpath/json-path/2.8.0/json-path-2.8.0.jar:/Users/bahadirbozoglu/.m2/repository/jakarta/xml/bind/jakarta.xml.bind-api/4.0.1/jakarta.xml.bind-api-4.0.1.jar:/Users/bahadirbozoglu/.m2/repository/jakarta/activation/jakarta.activation-api/2.1.2/jakarta.activation-api-2.1.2.jar:/Users/bahadirbozoglu/.m2/repository/net/minidev/json-smart/2.5.0/json-smart-2.5.0.jar:/Users/bahadirbozoglu/.m2/repository/net/minidev/accessors-smart/2.5.0/accessors-smart-2.5.0.jar:/Users/bahadirbozoglu/.m2/repository/org/ow2/asm/asm/9.3/asm-9.3.jar:/Users/bahadirbozoglu/.m2/repository/org/assertj/assertj-core/3.24.2/assertj-core-3.24.2.jar:/Users/bahadirbozoglu/.m2/repository/org/awaitility/awaitility/4.2.0/awaitility-4.2.0.jar:/Users/bahadirbozoglu/.m2/repository/org/hamcrest/hamcrest/2.2/hamcrest-2.2.jar:/Users/bahadirbozoglu/.m2/repository/org/junit/jupiter/junit-jupiter/5.10.1/junit-jupiter-5.10.1.jar:/Users/bahadirbozoglu/.m2/repository/org/junit/jupiter/junit-jupiter-api/5.10.1/junit-jupiter-api-5.10.1.jar:/Users/bahadirbozoglu/.m2/repository/org/opentest4j/opentest4j/1.3.0/opentest4j-1.3.0.jar:/Users/bahadirbozoglu/.m2/repository/org/junit/platform/junit-platform-commons/1.10.1/junit-platform-commons-1.10.1.jar:/Users/bahadirbozoglu/.m2/repository/org/apiguardian/apiguardian-api/1.1.2/apiguardian-api-1.1.2.jar:/Users/bahadirbozoglu/.m2/repository/org/junit/jupiter/junit-jupiter-params/5.10.1/junit-jupiter-params-5.10.1.jar:/Users/bahadirbozoglu/.m2/repository/org/junit/jupiter/junit-jupiter-engine/5.10.1/junit-jupiter-engine-5.10.1.jar:/Users/bahadirbozoglu/.m2/repository/org/junit/platform/junit-platform-engine/1.10.1/junit-platform-engine-1.10.1.jar:/Users/bahadirbozoglu/.m2/repository/org/mockito/mockito-core/5.7.0/mockito-core-5.7.0.jar:/Users/bahadirbozoglu/.m2/repository/net/bytebuddy/byte-buddy-agent/1.14.10/byte-buddy-agent-1.14.10.jar:/Users/bahadirbozoglu/.m2/repository/org/objenesis/objenesis/3.3/objenesis-3.3.jar:/Users/bahadirbozoglu/.m2/repository/org/mockito/mockito-junit-jupiter/5.7.0/mockito-junit-jupiter-5.7.0.jar:/Users/bahadirbozoglu/.m2/repository/org/skyscreamer/jsonassert/1.5.1/jsonassert-1.5.1.jar:/Users/bahadirbozoglu/.m2/repository/com/vaadin/external/google/android-json/0.0.20131108.vaadin1/android-json-0.0.20131108.vaadin1.jar:/Users/bahadirbozoglu/.m2/repository/org/springframework/spring-core/6.1.2/spring-core-6.1.2.jar:/Users/bahadirbozoglu/.m2/repository/org/springframework/spring-jcl/6.1.2/spring-jcl-6.1.2.jar:/Users/bahadirbozoglu/.m2/repository/org/springframework/spring-test/6.1.2/spring-test-6.1.2.jar:/Users/bahadirbozoglu/.m2/repository/org/xmlunit/xmlunit-core/2.9.1/xmlunit-core-2.9.1.jar:/Users/bahadirbozoglu/.m2/repository/org/springframework/security/spring-security-test/6.2.1/spring-security-test-6.2.1.jar:/Users/bahadirbozoglu/.m2/repository/org/springframework/security/spring-security-core/6.2.1/spring-security-core-6.2.1.jar:/Users/bahadirbozoglu/.m2/repository/org/springframework/security/spring-security-crypto/6.2.1/spring-security-crypto-6.2.1.jar:/Users/bahadirbozoglu/.m2/repository/org/testcontainers/junit-jupiter/1.19.3/junit-jupiter-1.19.3.jar:/Users/bahadirbozoglu/.m2/repository/org/testcontainers/testcontainers/1.19.3/testcontainers-1.19.3.jar:/Users/bahadirbozoglu/.m2/repository/junit/junit/4.13.2/junit-4.13.2.jar:/Users/bahadirbozoglu/.m2/repository/org/hamcrest/hamcrest-core/2.2/hamcrest-core-2.2.jar:/Users/bahadirbozoglu/.m2/repository/org/apache/commons/commons-compress/1.24.0/commons-compress-1.24.0.jar:/Users/bahadirbozoglu/.m2/repository/org/rnorth/duct-tape/duct-tape/1.0.8/duct-tape-1.0.8.jar:/Users/bahadirbozoglu/.m2/repository/org/jetbrains/annotations/17.0.0/annotations-17.0.0.jar:/Users/bahadirbozoglu/.m2/repository/com/github/docker-java/docker-java-api/3.3.4/docker-java-api-3.3.4.jar:/Users/bahadirbozoglu/.m2/repository/com/github/docker-java/docker-java-transport-zerodep/3.3.4/docker-java-transport-zerodep-3.3.4.jar:/Users/bahadirbozoglu/.m2/repository/com/github/docker-java/docker-java-transport/3.3.4/docker-java-transport-3.3.4.jar:/Users/bahadirbozoglu/.m2/repository/net/java/dev/jna/jna/5.13.0/jna-5.13.0.jar:/Users/bahadirbozoglu/.m2/repository/org/testcontainers/postgresql/1.19.3/postgresql-1.19.3.jar:/Users/bahadirbozoglu/.m2/repository/org/testcontainers/jdbc/1.19.3/jdbc-1.19.3.jar:/Users/bahadirbozoglu/.m2/repository/org/testcontainers/database-commons/1.19.3/database-commons-1.19.3.jar:/Users/bahadirbozoglu/.m2/repository/org/postgresql/postgresql/42.6.0/postgresql-42.6.0.jar:/Users/bahadirbozoglu/.m2/repository/org/checkerframework/checker-qual/3.31.0/checker-qual-3.31.0.jar:"/>
    <property name="sun.cpu.endian" value="little"/>
    <property name="user.home" value="/Users/bahadirbozoglu"/>
    <property name="user.language" value="en"/>
    <property name="java.specification.vendor" value="Oracle Corporation"/>
    <property name="java.version.date" value="2025-07-15"/>
    <property name="java.home" value="/usr/local/Cellar/openjdk@21/21.0.8/libexec/openjdk.jdk/Contents/Home"/>
    <property name="file.separator" value="/"/>
    <property name="basedir" value="/Users/bahadirbozoglu/Projects/VScode/kiro-test/kiro-test"/>
    <property name="java.vm.compressedOopsMode" value="Zero based"/>
    <property name="line.separator" value="&#10;"/>
    <property name="java.vm.specification.vendor" value="Oracle Corporation"/>
    <property name="java.specification.name" value="Java Platform API Specification"/>
    <property name="FILE_LOG_CHARSET" value="UTF-8"/>
    <property name="java.awt.headless" value="true"/>
    <property name="apple.awt.application.name" value="ForkedBooter"/>
    <property name="surefire.real.class.path" value="/Users/bahadirbozoglu/Projects/VScode/kiro-test/kiro-test/target/surefire/surefirebooter-20250819151010294_3.jar"/>
    <property name="sun.management.compiler" value="HotSpot 64-Bit Tiered Compilers"/>
    <property name="ftp.nonProxyHosts" value="local|*.local|169.254/16|*.169.254/16"/>
    <property name="java.runtime.version" value="21.0.8"/>
    <property name="user.name" value="bahadirbozoglu"/>
    <property name="stdout.encoding" value="UTF-8"/>
    <property name="path.separator" value=":"/>
    <property name="os.version" value="15.6"/>
    <property name="java.runtime.name" value="OpenJDK Runtime Environment"/>
    <property name="file.encoding" value="UTF-8"/>
    <property name="java.vm.name" value="OpenJDK 64-Bit Server VM"/>
    <property name="java.vendor.version" value="Homebrew"/>
    <property name="localRepository" value="/Users/bahadirbozoglu/.m2/repository"/>
    <property name="java.vendor.url.bug" value="https://github.com/Homebrew/homebrew-core/issues"/>
    <property name="java.io.tmpdir" value="/var/folders/_s/2mvngjb15351mc7ctsrcz5sh0000gn/T/"/>
    <property name="com.zaxxer.hikari.pool_number" value="1"/>
    <property name="java.version" value="21.0.8"/>
    <property name="user.dir" value="/Users/bahadirbozoglu/Projects/VScode/kiro-test/kiro-test"/>
    <property name="os.arch" value="x86_64"/>
    <property name="java.vm.specification.name" value="Java Virtual Machine Specification"/>
    <property name="PID" value="21303"/>
    <property name="CONSOLE_LOG_CHARSET" value="UTF-8"/>
    <property name="native.encoding" value="UTF-8"/>
    <property name="java.library.path" value="/Users/bahadirbozoglu/Library/Java/Extensions:/Library/Java/Extensions:/Network/Library/Java/Extensions:/System/Library/Java/Extensions:/usr/lib/java:."/>
    <property name="java.vm.info" value="mixed mode, sharing"/>
    <property name="stderr.encoding" value="UTF-8"/>
    <property name="java.vendor" value="Homebrew"/>
    <property name="java.vm.version" value="21.0.8"/>
    <property name="sun.io.unicode.encoding" value="UnicodeBig"/>
    <property name="socksNonProxyHosts" value="local|*.local|169.254/16|*.169.254/16"/>
    <property name="java.class.version" value="65.0"/>
    <property name="LOGGED_APPLICATION_NAME" value="[expense-tracker-test] "/>
  </properties>
  <testcase name="shouldCompleteFullIntegrationWorkflow" classname="com.fintech.expensetracker.integration.ExpenseTrackerH2IntegrationTest" time="1.564">
    <failure message="No value at JSON path &quot;$.totalIncome&quot;" type="java.lang.AssertionError"><![CDATA[java.lang.AssertionError: No value at JSON path "$.totalIncome"
	at org.springframework.test.util.JsonPathExpectationsHelper.evaluateJsonPath(JsonPathExpectationsHelper.java:302)
	at org.springframework.test.util.JsonPathExpectationsHelper.assertValue(JsonPathExpectationsHelper.java:99)
	at org.springframework.test.web.servlet.result.JsonPathResultMatchers.lambda$value$2(JsonPathResultMatchers.java:111)
	at org.springframework.test.web.servlet.MockMvc$1.andExpect(MockMvc.java:214)
	at com.fintech.expensetracker.integration.ExpenseTrackerH2IntegrationTest.shouldCompleteFullIntegrationWorkflow(ExpenseTrackerH2IntegrationTest.java:271)
	at java.base/java.lang.reflect.Method.invoke(Method.java:580)
	at java.base/java.util.ArrayList.forEach(ArrayList.java:1596)
	at java.base/java.util.ArrayList.forEach(ArrayList.java:1596)
Caused by: com.jayway.jsonpath.PathNotFoundException: No results for path: $['totalIncome']
]]></failure>
    <system-out><![CDATA[15:10:11.356 [main] INFO org.springframework.test.context.support.AnnotationConfigContextLoaderUtils -- Could not detect default configuration classes for test class [com.fintech.expensetracker.integration.ExpenseTrackerH2IntegrationTest]: ExpenseTrackerH2IntegrationTest does not declare any static, non-private, non-final, nested classes annotated with @Configuration.
15:10:11.485 [main] INFO org.springframework.boot.test.context.SpringBootTestContextBootstrapper -- Found @SpringBootConfiguration com.fintech.expensetracker.ExpenseTrackerApplication for test class com.fintech.expensetracker.integration.ExpenseTrackerH2IntegrationTest

  .   ____          _            __ _ _
 /\\ / ___'_ __ _ _(_)_ __  __ _ \ \ \ \
( ( )\___ | '_ | '_| | '_ \/ _` | \ \ \ \
 \\/  ___)| |_)| | | | | || (_| |  ) ) ) )
  '  |____| .__|_| |_|_| |_\__, | / / / /
 =========|_|==============|___/=/_/_/_/
 :: Spring Boot ::                (v3.2.1)

2025-08-19T15:10:11.923+03:00  INFO 21303 --- [expense-tracker-test] [           main] c.f.e.i.ExpenseTrackerH2IntegrationTest  : Starting ExpenseTrackerH2IntegrationTest using Java 21.0.8 with PID 21303 (started by bahadirbozoglu in /Users/bahadirbozoglu/Projects/VScode/kiro-test/kiro-test)
2025-08-19T15:10:11.924+03:00  INFO 21303 --- [expense-tracker-test] [           main] c.f.e.i.ExpenseTrackerH2IntegrationTest  : The following 1 profile is active: "test"
2025-08-19T15:10:12.653+03:00  INFO 21303 --- [expense-tracker-test] [           main] .s.d.r.c.RepositoryConfigurationDelegate : Bootstrapping Spring Data JPA repositories in DEFAULT mode.
2025-08-19T15:10:12.730+03:00  INFO 21303 --- [expense-tracker-test] [           main] .s.d.r.c.RepositoryConfigurationDelegate : Finished Spring Data repository scanning in 68 ms. Found 4 JPA repository interfaces.
2025-08-19T15:10:13.203+03:00  INFO 21303 --- [expense-tracker-test] [           main] o.hibernate.jpa.internal.util.LogHelper  : HHH000204: Processing PersistenceUnitInfo [name: default]
2025-08-19T15:10:13.279+03:00  INFO 21303 --- [expense-tracker-test] [           main] org.hibernate.Version                    : HHH000412: Hibernate ORM core version 6.4.1.Final
2025-08-19T15:10:13.316+03:00  INFO 21303 --- [expense-tracker-test] [           main] o.h.c.internal.RegionFactoryInitiator    : HHH000026: Second-level cache disabled
2025-08-19T15:10:13.585+03:00  INFO 21303 --- [expense-tracker-test] [           main] o.s.o.j.p.SpringPersistenceUnitInfo      : No LoadTimeWeaver setup: ignoring JPA class transformer
2025-08-19T15:10:13.612+03:00  INFO 21303 --- [expense-tracker-test] [           main] com.zaxxer.hikari.HikariDataSource       : HikariPool-1 - Starting...
2025-08-19T15:10:13.800+03:00  INFO 21303 --- [expense-tracker-test] [           main] com.zaxxer.hikari.pool.HikariPool        : HikariPool-1 - Added connection conn0: url=jdbc:h2:mem:testdb user=SA
2025-08-19T15:10:13.802+03:00  INFO 21303 --- [expense-tracker-test] [           main] com.zaxxer.hikari.HikariDataSource       : HikariPool-1 - Start completed.
2025-08-19T15:10:13.833+03:00  WARN 21303 --- [expense-tracker-test] [           main] org.hibernate.orm.deprecation            : HHH90000025: H2Dialect does not need to be specified explicitly using 'hibernate.dialect' (remove the property setting and it will be selected by default)
2025-08-19T15:10:14.803+03:00  INFO 21303 --- [expense-tracker-test] [           main] o.h.e.t.j.p.i.JtaPlatformInitiator       : HHH000489: No JTA platform available (set 'hibernate.transaction.jta.platform' to enable JTA platform integration)
2025-08-19T15:10:14.855+03:00  INFO 21303 --- [expense-tracker-test] [           main] j.LocalContainerEntityManagerFactoryBean : Initialized JPA EntityManagerFactory for persistence unit 'default'
2025-08-19T15:10:15.160+03:00  INFO 21303 --- [expense-tracker-test] [           main] o.s.d.j.r.query.QueryEnhancerFactory     : Hibernate is in classpath; If applicable, HQL parser will be used.
2025-08-19T15:10:16.352+03:00  WARN 21303 --- [expense-tracker-test] [           main] JpaBaseConfiguration$JpaWebConfiguration : spring.jpa.open-in-view is enabled by default. Therefore, database queries may be performed during view rendering. Explicitly configure spring.jpa.open-in-view to disable this warning
2025-08-19T15:10:16.900+03:00  INFO 21303 --- [expense-tracker-test] [           main] o.s.b.a.h2.H2ConsoleAutoConfiguration    : H2 console available at '/h2-console'. Database available at 'jdbc:h2:mem:testdb'
2025-08-19T15:10:16.962+03:00  INFO 21303 --- [expense-tracker-test] [           main] o.s.b.t.m.w.SpringBootMockServletContext : Initializing Spring TestDispatcherServlet ''
2025-08-19T15:10:16.962+03:00  INFO 21303 --- [expense-tracker-test] [           main] o.s.t.web.servlet.TestDispatcherServlet  : Initializing Servlet ''
2025-08-19T15:10:16.964+03:00  INFO 21303 --- [expense-tracker-test] [           main] o.s.t.web.servlet.TestDispatcherServlet  : Completed initialization in 1 ms
2025-08-19T15:10:16.982+03:00  INFO 21303 --- [expense-tracker-test] [           main] c.f.e.i.ExpenseTrackerH2IntegrationTest  : Started ExpenseTrackerH2IntegrationTest in 5.333 seconds (process running for 6.595)
2025-08-19T15:10:16.986+03:00  INFO 21303 --- [expense-tracker-test] [           main] c.f.e.config.DatabaseConfig              : Initializing default categories...
2025-08-19T15:10:17.110+03:00  WARN 21303 --- [expense-tracker-test] [           main] c.f.e.config.DatabaseConfig              : Default category not found, creating 'Uncategorized' category
2025-08-19T15:10:17.175+03:00  INFO 21303 --- [expense-tracker-test] [           main] c.f.e.config.DatabaseConfig              : Created default 'Uncategorized' category
2025-08-19T15:10:17.233+03:00  INFO 21303 --- [expense-tracker-test] [           main] c.f.e.config.DatabaseConfig              : Created 23 missing essential categories
2025-08-19T15:10:17.245+03:00  INFO 21303 --- [expense-tracker-test] [           main] c.f.e.config.DatabaseConfig              : Database initialization complete. Total categories: 24
2025-08-19T15:10:17.968+03:00  INFO 21303 --- [expense-tracker-test] [           main] c.f.e.controller.AuthController          : Registration request received for email: integration@example.com
2025-08-19T15:10:17.969+03:00  INFO 21303 --- [expense-tracker-test] [           main] c.f.expensetracker.service.UserService   : Attempting to register user with email: integration@example.com
2025-08-19T15:10:18.058+03:00  INFO 21303 --- [expense-tracker-test] [           main] c.f.expensetracker.service.UserService   : User registered successfully with ID: 1
2025-08-19T15:10:18.090+03:00  INFO 21303 --- [expense-tracker-test] [           main] c.f.e.controller.AuthController          : User registered successfully: integration@example.com
2025-08-19T15:10:18.218+03:00  INFO 21303 --- [expense-tracker-test] [           main] c.f.e.controller.AuthController          : Registration request received for email: integration@example.com
2025-08-19T15:10:18.218+03:00  INFO 21303 --- [expense-tracker-test] [           main] c.f.expensetracker.service.UserService   : Attempting to register user with email: integration@example.com
2025-08-19T15:10:18.220+03:00  WARN 21303 --- [expense-tracker-test] [           main] c.f.expensetracker.service.UserService   : Registration failed - email already exists: integration@example.com
2025-08-19T15:10:18.224+03:00  WARN 21303 --- [expense-tracker-test] [           main] c.f.e.exception.GlobalExceptionHandler   : Bad request exception: Email address is already in use
2025-08-19T15:10:18.232+03:00  INFO 21303 --- [expense-tracker-test] [           main] c.f.e.controller.AuthController          : Login request received for email: integration@example.com
2025-08-19T15:10:18.232+03:00  INFO 21303 --- [expense-tracker-test] [           main] c.f.expensetracker.service.UserService   : Attempting to authenticate user with email: integration@example.com
2025-08-19T15:10:18.387+03:00  INFO 21303 --- [expense-tracker-test] [           main] c.f.expensetracker.service.UserService   : User authenticated successfully: integration@example.com
2025-08-19T15:10:18.387+03:00  INFO 21303 --- [expense-tracker-test] [           main] c.f.e.controller.AuthController          : User authenticated successfully: integration@example.com
2025-08-19T15:10:18.390+03:00  INFO 21303 --- [expense-tracker-test] [           main] c.f.e.controller.AuthController          : Login request received for email: integration@example.com
2025-08-19T15:10:18.390+03:00  INFO 21303 --- [expense-tracker-test] [           main] c.f.expensetracker.service.UserService   : Attempting to authenticate user with email: integration@example.com
2025-08-19T15:10:18.456+03:00  WARN 21303 --- [expense-tracker-test] [           main] c.f.expensetracker.service.UserService   : Authentication failed for email: integration@example.com
2025-08-19T15:10:18.457+03:00  WARN 21303 --- [expense-tracker-test] [           main] c.f.e.exception.GlobalExceptionHandler   : Authentication failed: Invalid email or password
2025-08-19T15:10:18.499+03:00  INFO 21303 --- [expense-tracker-test] [           main] c.f.e.controller.AccountController       : Creating account for user ID: 1 with name: Integration Test Account
2025-08-19T15:10:18.500+03:00  INFO 21303 --- [expense-tracker-test] [           main] c.f.e.service.AccountService             : Creating account for user ID: 1
2025-08-19T15:10:18.504+03:00  INFO 21303 --- [expense-tracker-test] [           main] c.f.e.service.AccountService             : Successfully created account with ID: 1 for user ID: 1
2025-08-19T15:10:18.520+03:00  INFO 21303 --- [expense-tracker-test] [           main] c.f.e.controller.AccountController       : Successfully created account ID: 1 for user ID: 1
2025-08-19T15:10:18.528+03:00  INFO 21303 --- [expense-tracker-test] [           main] c.f.e.controller.AccountController       : Retrieving accounts for user ID: 1
2025-08-19T15:10:18.528+03:00  INFO 21303 --- [expense-tracker-test] [           main] c.f.e.service.AccountService             : Retrieving accounts for user ID: 1
2025-08-19T15:10:18.538+03:00  INFO 21303 --- [expense-tracker-test] [           main] c.f.e.service.AccountService             : Found 1 accounts for user ID: 1
2025-08-19T15:10:18.543+03:00  INFO 21303 --- [expense-tracker-test] [           main] c.f.e.controller.AccountController       : Retrieved 1 accounts for user ID: 1
2025-08-19T15:10:18.560+03:00  INFO 21303 --- [expense-tracker-test] [           main] c.f.e.controller.AccountController       : Updating account ID: 1 for user ID: 1
2025-08-19T15:10:18.561+03:00  INFO 21303 --- [expense-tracker-test] [           main] c.f.e.service.AccountService             : Updating account ID: 1 for user ID: 1
2025-08-19T15:10:18.565+03:00  INFO 21303 --- [expense-tracker-test] [           main] c.f.e.service.AccountService             : Successfully updated account ID: 1 for user ID: 1
2025-08-19T15:10:18.593+03:00  INFO 21303 --- [expense-tracker-test] [           main] c.f.e.controller.AccountController       : Successfully updated account ID: 1 for user ID: 1
2025-08-19T15:10:18.603+03:00  INFO 21303 --- [expense-tracker-test] [           main] c.f.e.controller.AccountController       : Calculating balance for account ID: 1 for user ID: 1
2025-08-19T15:10:18.604+03:00  INFO 21303 --- [expense-tracker-test] [           main] c.f.e.service.AccountService             : Calculating balance for account ID: 1 for user ID: 1
2025-08-19T15:10:18.607+03:00  INFO 21303 --- [expense-tracker-test] [           main] c.f.e.service.AccountService             : Calculated balance for account ID: 1 is: 1500.00
2025-08-19T15:10:18.607+03:00  INFO 21303 --- [expense-tracker-test] [           main] c.f.e.controller.AccountController       : Calculated balance for account ID: 1 is: 1500.00
2025-08-19T15:10:18.630+03:00  INFO 21303 --- [expense-tracker-test] [           main] c.f.e.controller.TransactionController   : Creating transaction for user ID: 1 with amount: 3000.00 and description: 'Monthly Salary'
2025-08-19T15:10:18.630+03:00  INFO 21303 --- [expense-tracker-test] [           main] c.f.e.service.TransactionService         : DEBUG - Amount received: [3000.00], Type: [INCOME], Class: [java.math.BigDecimal]
2025-08-19T15:10:18.630+03:00  INFO 21303 --- [expense-tracker-test] [           main] c.f.e.service.TransactionService         : DEBUG - Amount details: value=[3000.00], scale=[2], precision=[6], signum=[1]
2025-08-19T15:10:18.635+03:00  INFO 21303 --- [expense-tracker-test] [           main] c.f.e.service.TransactionService         : DEBUG - convertAmountByType called with amount: [3000.00], type: [INCOME]
2025-08-19T15:10:18.635+03:00  INFO 21303 --- [expense-tracker-test] [           main] c.f.e.service.TransactionService         : DEBUG - Amount comparison with zero: amount.compareTo(BigDecimal.ZERO) = [1]
2025-08-19T15:10:18.635+03:00  INFO 21303 --- [expense-tracker-test] [           main] c.f.e.service.TransactionService         : DEBUG - Converted amount: [3000.00] -> [3000.00] for type: [INCOME]
2025-08-19T15:10:18.637+03:00  INFO 21303 --- [expense-tracker-test] [           main] c.f.e.service.TransactionService         : Created transaction with ID 1 for user 1
2025-08-19T15:10:18.639+03:00  INFO 21303 --- [expense-tracker-test] [           main] c.f.e.controller.TransactionController   : Successfully created transaction ID: 1 for user ID: 1
2025-08-19T15:10:18.649+03:00  INFO 21303 --- [expense-tracker-test] [           main] c.f.e.controller.TransactionController   : Creating transaction for user ID: 1 with amount: 1200.00 and description: 'Rent'
2025-08-19T15:10:18.650+03:00  INFO 21303 --- [expense-tracker-test] [           main] c.f.e.service.TransactionService         : DEBUG - Amount received: [1200.00], Type: [EXPENSE], Class: [java.math.BigDecimal]
2025-08-19T15:10:18.650+03:00  INFO 21303 --- [expense-tracker-test] [           main] c.f.e.service.TransactionService         : DEBUG - Amount details: value=[1200.00], scale=[2], precision=[6], signum=[1]
2025-08-19T15:10:18.652+03:00  INFO 21303 --- [expense-tracker-test] [           main] c.f.e.service.TransactionService         : DEBUG - convertAmountByType called with amount: [1200.00], type: [EXPENSE]
2025-08-19T15:10:18.652+03:00  INFO 21303 --- [expense-tracker-test] [           main] c.f.e.service.TransactionService         : DEBUG - Amount comparison with zero: amount.compareTo(BigDecimal.ZERO) = [1]
2025-08-19T15:10:18.652+03:00  INFO 21303 --- [expense-tracker-test] [           main] c.f.e.service.TransactionService         : DEBUG - Converted amount: [1200.00] -> [-1200.00] for type: [EXPENSE]
2025-08-19T15:10:18.653+03:00  INFO 21303 --- [expense-tracker-test] [           main] c.f.e.service.TransactionService         : Created transaction with ID 2 for user 1
2025-08-19T15:10:18.654+03:00  INFO 21303 --- [expense-tracker-test] [           main] c.f.e.controller.TransactionController   : Successfully created transaction ID: 2 for user ID: 1
2025-08-19T15:10:18.659+03:00  INFO 21303 --- [expense-tracker-test] [           main] c.f.e.controller.TransactionController   : Creating transaction for user ID: 1 with amount: 300.00 and description: 'Groceries'
2025-08-19T15:10:18.659+03:00  INFO 21303 --- [expense-tracker-test] [           main] c.f.e.service.TransactionService         : DEBUG - Amount received: [300.00], Type: [EXPENSE], Class: [java.math.BigDecimal]
2025-08-19T15:10:18.659+03:00  INFO 21303 --- [expense-tracker-test] [           main] c.f.e.service.TransactionService         : DEBUG - Amount details: value=[300.00], scale=[2], precision=[5], signum=[1]
2025-08-19T15:10:18.662+03:00  INFO 21303 --- [expense-tracker-test] [           main] c.f.e.service.TransactionService         : DEBUG - convertAmountByType called with amount: [300.00], type: [EXPENSE]
2025-08-19T15:10:18.662+03:00  INFO 21303 --- [expense-tracker-test] [           main] c.f.e.service.TransactionService         : DEBUG - Amount comparison with zero: amount.compareTo(BigDecimal.ZERO) = [1]
2025-08-19T15:10:18.662+03:00  INFO 21303 --- [expense-tracker-test] [           main] c.f.e.service.TransactionService         : DEBUG - Converted amount: [300.00] -> [-300.00] for type: [EXPENSE]
2025-08-19T15:10:18.663+03:00  INFO 21303 --- [expense-tracker-test] [           main] c.f.e.service.TransactionService         : Created transaction with ID 3 for user 1
2025-08-19T15:10:18.663+03:00  INFO 21303 --- [expense-tracker-test] [           main] c.f.e.controller.TransactionController   : Successfully created transaction ID: 3 for user ID: 1
2025-08-19T15:10:18.668+03:00  INFO 21303 --- [expense-tracker-test] [           main] c.f.e.controller.TransactionController   : Creating transaction for user ID: 1 with amount: 150.00 and description: 'Utilities'
2025-08-19T15:10:18.669+03:00  INFO 21303 --- [expense-tracker-test] [           main] c.f.e.service.TransactionService         : DEBUG - Amount received: [150.00], Type: [EXPENSE], Class: [java.math.BigDecimal]
2025-08-19T15:10:18.669+03:00  INFO 21303 --- [expense-tracker-test] [           main] c.f.e.service.TransactionService         : DEBUG - Amount details: value=[150.00], scale=[2], precision=[5], signum=[1]
2025-08-19T15:10:18.671+03:00  INFO 21303 --- [expense-tracker-test] [           main] c.f.e.service.TransactionService         : DEBUG - convertAmountByType called with amount: [150.00], type: [EXPENSE]
2025-08-19T15:10:18.671+03:00  INFO 21303 --- [expense-tracker-test] [           main] c.f.e.service.TransactionService         : DEBUG - Amount comparison with zero: amount.compareTo(BigDecimal.ZERO) = [1]
2025-08-19T15:10:18.671+03:00  INFO 21303 --- [expense-tracker-test] [           main] c.f.e.service.TransactionService         : DEBUG - Converted amount: [150.00] -> [-150.00] for type: [EXPENSE]
2025-08-19T15:10:18.672+03:00  INFO 21303 --- [expense-tracker-test] [           main] c.f.e.service.TransactionService         : Created transaction with ID 4 for user 1
2025-08-19T15:10:18.673+03:00  INFO 21303 --- [expense-tracker-test] [           main] c.f.e.controller.TransactionController   : Successfully created transaction ID: 4 for user ID: 1
2025-08-19T15:10:18.679+03:00  INFO 21303 --- [expense-tracker-test] [           main] c.f.e.controller.TransactionController   : Creating transaction for user ID: 1 with amount: 200.00 and description: 'Transportation'
2025-08-19T15:10:18.679+03:00  INFO 21303 --- [expense-tracker-test] [           main] c.f.e.service.TransactionService         : DEBUG - Amount received: [200.00], Type: [EXPENSE], Class: [java.math.BigDecimal]
2025-08-19T15:10:18.679+03:00  INFO 21303 --- [expense-tracker-test] [           main] c.f.e.service.TransactionService         : DEBUG - Amount details: value=[200.00], scale=[2], precision=[5], signum=[1]
2025-08-19T15:10:18.682+03:00  INFO 21303 --- [expense-tracker-test] [           main] c.f.e.service.TransactionService         : DEBUG - convertAmountByType called with amount: [200.00], type: [EXPENSE]
2025-08-19T15:10:18.682+03:00  INFO 21303 --- [expense-tracker-test] [           main] c.f.e.service.TransactionService         : DEBUG - Amount comparison with zero: amount.compareTo(BigDecimal.ZERO) = [1]
2025-08-19T15:10:18.682+03:00  INFO 21303 --- [expense-tracker-test] [           main] c.f.e.service.TransactionService         : DEBUG - Converted amount: [200.00] -> [-200.00] for type: [EXPENSE]
2025-08-19T15:10:18.683+03:00  INFO 21303 --- [expense-tracker-test] [           main] c.f.e.service.TransactionService         : Created transaction with ID 5 for user 1
2025-08-19T15:10:18.683+03:00  INFO 21303 --- [expense-tracker-test] [           main] c.f.e.controller.TransactionController   : Successfully created transaction ID: 5 for user ID: 1
2025-08-19T15:10:18.692+03:00  INFO 21303 --- [expense-tracker-test] [           main] c.f.e.controller.TransactionController   : Retrieving transactions for user ID: 1 with filters - page: 0, size: 20
2025-08-19T15:10:18.711+03:00  INFO 21303 --- [expense-tracker-test] [           main] c.f.e.controller.TransactionController   : Retrieved 5 transactions for user ID: 1 (page 1/1)
2025-08-19T15:10:18.730+03:00  INFO 21303 --- [expense-tracker-test] [           main] c.f.e.controller.TransactionController   : Updating transaction ID: 1 for user ID: 1
2025-08-19T15:10:18.733+03:00  INFO 21303 --- [expense-tracker-test] [           main] c.f.e.service.TransactionService         : Transaction update audit - User: 1, Transaction ID: 1, Original: [amount=3000.00, description='Monthly Salary', date=2025-08-19, account=1, category=1], Update request: UpdateTransactionRequest{amount=3200.00, description='Updated Monthly Salary', transactionDate=null, accountId=null, categoryId=null, type=INCOME}
2025-08-19T15:10:18.735+03:00  INFO 21303 --- [expense-tracker-test] [           main] c.f.e.service.TransactionService         : DEBUG - convertAmountByType called with amount: [3200.00], type: [INCOME]
2025-08-19T15:10:18.735+03:00  INFO 21303 --- [expense-tracker-test] [           main] c.f.e.service.TransactionService         : DEBUG - Amount comparison with zero: amount.compareTo(BigDecimal.ZERO) = [1]
2025-08-19T15:10:18.735+03:00  INFO 21303 --- [expense-tracker-test] [           main] c.f.e.service.TransactionService         : DEBUG - Converted amount: [3200.00] -> [3200.00] for type: [INCOME]
2025-08-19T15:10:18.736+03:00  INFO 21303 --- [expense-tracker-test] [           main] c.f.e.service.TransactionService         : Updated transaction with ID 1 for user 1
2025-08-19T15:10:18.738+03:00  INFO 21303 --- [expense-tracker-test] [           main] c.f.e.controller.TransactionController   : Successfully updated transaction ID: 1 for user ID: 1

MockHttpServletRequest:
      HTTP Method = PUT
      Request URI = /api/v1/transactions/1
       Parameters = {}
          Headers = [Content-Type:"application/json;charset=UTF-8", Authorization:"Bearer eyJhbGciOiJIUzUxMiJ9.eyJzdWIiOiIxIiwiaWF0IjoxNzU1NjA1NDE4LCJleHAiOjE3NTU2MDkwMTh9.Iz7mEq8bMp84noCBqcAEuTg9A7m2016C4YYGZHJ99yjVjscZGYJq15bd9aaSwWl3HPL4q-KtwceBpD_PO70mjg", Content-Length:"131"]
             Body = {"amount":3200.00,"description":"Updated Monthly Salary","transactionDate":null,"accountId":null,"categoryId":null,"type":"INCOME"}
    Session Attrs = {}

Handler:
             Type = com.fintech.expensetracker.controller.TransactionController
           Method = com.fintech.expensetracker.controller.TransactionController#updateTransaction(Long, UpdateTransactionRequest, UserPrincipal)

Async:
    Async started = false
     Async result = null

Resolved Exception:
             Type = null

ModelAndView:
        View name = null
             View = null
            Model = null

FlashMap:
       Attributes = null

MockHttpServletResponse:
           Status = 200
    Error message = null
          Headers = [Vary:"Origin", "Access-Control-Request-Method", "Access-Control-Request-Headers", Content-Type:"application/json", X-Content-Type-Options:"nosniff", X-XSS-Protection:"0", Cache-Control:"no-cache, no-store, max-age=0, must-revalidate", Pragma:"no-cache", Expires:"0"]
     Content type = application/json
             Body = {"id":1,"amount":3200.00,"description":"Updated Monthly Salary","transactionDate":"2025-08-19","account":{"id":1,"name":"Updated Integration Account","type":"CHECKING","initialBalance":null,"currentBalance":null,"createdAt":null,"updatedAt":null},"category":{"id":1,"name":"Uncategorized","description":"Default category for transactions without a specific category","default":true},"type":"INCOME","createdAt":"2025-08-19T15:10:18.636387","updatedAt":"2025-08-19T15:10:18.636408"}
    Forwarded URL = null
   Redirected URL = null
          Cookies = []
2025-08-19T15:10:18.746+03:00  INFO 21303 --- [expense-tracker-test] [           main] c.f.e.controller.AccountController       : Calculating balance for account ID: 1 for user ID: 1
2025-08-19T15:10:18.746+03:00  INFO 21303 --- [expense-tracker-test] [           main] c.f.e.service.AccountService             : Calculating balance for account ID: 1 for user ID: 1
2025-08-19T15:10:18.749+03:00  INFO 21303 --- [expense-tracker-test] [           main] c.f.e.service.AccountService             : Calculated balance for account ID: 1 is: 2850.00
2025-08-19T15:10:18.749+03:00  INFO 21303 --- [expense-tracker-test] [           main] c.f.e.controller.AccountController       : Calculated balance for account ID: 1 is: 2850.00
2025-08-19T15:10:18.761+03:00  INFO 21303 --- [expense-tracker-test] [           main] c.f.e.controller.AnalyticsController     : Retrieving monthly spending summary for user ID: 1 and month: 2025-08
2025-08-19T15:10:18.767+03:00  INFO 21303 --- [expense-tracker-test] [           main] c.f.e.controller.AnalyticsController     : Retrieved monthly spending summary for user ID: 1 and month: 2025-08 - Income: 3200.00, Expenses: 1850.00, Savings: 1350.00
2025-08-19T15:10:18.775+03:00  INFO 21303 --- [expense-tracker-test] [           main] c.f.e.controller.AnalyticsController     : Retrieving spending by category for user ID: 1 from 2025-07-20 to 2025-08-19
2025-08-19T15:10:18.780+03:00  INFO 21303 --- [expense-tracker-test] [           main] c.f.e.controller.AnalyticsController     : Retrieved spending by category for user ID: 1 - Total expenses: 1850.00, Categories: 1
2025-08-19T15:10:18.788+03:00  INFO 21303 --- [expense-tracker-test] [           main] c.f.e.controller.AnalyticsController     : Calculating savings rate for user ID: 1 from 2025-07-20 to 2025-08-19
2025-08-19T15:10:18.791+03:00  INFO 21303 --- [expense-tracker-test] [           main] c.f.e.controller.AnalyticsController     : Calculated savings rate for user ID: 1 from 2025-07-20 to 2025-08-19: 42.19%

MockHttpServletRequest:
      HTTP Method = POST
      Request URI = /api/v1/auth/register
       Parameters = {}
          Headers = [Content-Type:"application/json;charset=UTF-8", Content-Length:"91"]
             Body = {"email":"integration@example.com","password":"password123","name":"Integration Test User"}
    Session Attrs = {}

Handler:
             Type = com.fintech.expensetracker.controller.AuthController
           Method = com.fintech.expensetracker.controller.AuthController#registerUser(UserRegistrationRequest)

Async:
    Async started = false
     Async result = null

Resolved Exception:
             Type = null

ModelAndView:
        View name = null
             View = null
            Model = null

FlashMap:
       Attributes = null

MockHttpServletResponse:
           Status = 201
    Error message = null
          Headers = [Vary:"Origin", "Access-Control-Request-Method", "Access-Control-Request-Headers", Content-Type:"application/json", X-Content-Type-Options:"nosniff", X-XSS-Protection:"0", Cache-Control:"no-cache, no-store, max-age=0, must-revalidate", Pragma:"no-cache", Expires:"0"]
     Content type = application/json
             Body = {"token":"eyJhbGciOiJIUzUxMiJ9.eyJzdWIiOiIxIiwiaWF0IjoxNzU1NjA1NDE4LCJleHAiOjE3NTU2MDkwMTh9.Iz7mEq8bMp84noCBqcAEuTg9A7m2016C4YYGZHJ99yjVjscZGYJq15bd9aaSwWl3HPL4q-KtwceBpD_PO70mjg","tokenType":"Bearer","expiresIn":86400,"user":{"id":1,"email":"integration@example.com","name":"Integration Test User","createdAt":"2025-08-19T15:10:18.055882"}}
    Forwarded URL = null
   Redirected URL = null
          Cookies = []

MockHttpServletRequest:
      HTTP Method = POST
      Request URI = /api/v1/auth/register
       Parameters = {}
          Headers = [Content-Type:"application/json;charset=UTF-8", Content-Length:"91"]
             Body = {"email":"integration@example.com","password":"password123","name":"Integration Test User"}
    Session Attrs = {}

Handler:
             Type = com.fintech.expensetracker.controller.AuthController
           Method = com.fintech.expensetracker.controller.AuthController#registerUser(UserRegistrationRequest)

Async:
    Async started = false
     Async result = null

Resolved Exception:
             Type = com.fintech.expensetracker.exception.BadRequestException

ModelAndView:
        View name = null
             View = null
            Model = null

FlashMap:
       Attributes = null

MockHttpServletResponse:
           Status = 400
    Error message = null
          Headers = [Vary:"Origin", "Access-Control-Request-Method", "Access-Control-Request-Headers", Content-Type:"application/json", X-Content-Type-Options:"nosniff", X-XSS-Protection:"0", Cache-Control:"no-cache, no-store, max-age=0, must-revalidate", Pragma:"no-cache", Expires:"0"]
     Content type = application/json
             Body = {"timestamp":"2025-08-19T15:10:18.22463","status":400,"error":"Bad Request","message":"Email address is already in use","path":"/api/v1/auth/register","details":null}
    Forwarded URL = null
   Redirected URL = null
          Cookies = []

MockHttpServletRequest:
      HTTP Method = POST
      Request URI = /api/v1/auth/login
       Parameters = {}
          Headers = [Content-Type:"application/json;charset=UTF-8", Content-Length:"60"]
             Body = {"email":"integration@example.com","password":"password123"}
    Session Attrs = {}

Handler:
             Type = com.fintech.expensetracker.controller.AuthController
           Method = com.fintech.expensetracker.controller.AuthController#authenticateUser(LoginRequest)

Async:
    Async started = false
     Async result = null

Resolved Exception:
             Type = null

ModelAndView:
        View name = null
             View = null
            Model = null

FlashMap:
       Attributes = null

MockHttpServletResponse:
           Status = 200
    Error message = null
          Headers = [Vary:"Origin", "Access-Control-Request-Method", "Access-Control-Request-Headers", Content-Type:"application/json", X-Content-Type-Options:"nosniff", X-XSS-Protection:"0", Cache-Control:"no-cache, no-store, max-age=0, must-revalidate", Pragma:"no-cache", Expires:"0"]
     Content type = application/json
             Body = {"token":"eyJhbGciOiJIUzUxMiJ9.eyJzdWIiOiIxIiwiaWF0IjoxNzU1NjA1NDE4LCJleHAiOjE3NTU2MDkwMTh9.Iz7mEq8bMp84noCBqcAEuTg9A7m2016C4YYGZHJ99yjVjscZGYJq15bd9aaSwWl3HPL4q-KtwceBpD_PO70mjg","tokenType":"Bearer","expiresIn":86400,"user":{"id":1,"email":"integration@example.com","name":"Integration Test User","createdAt":"2025-08-19T15:10:18.055882"}}
    Forwarded URL = null
   Redirected URL = null
          Cookies = []

MockHttpServletRequest:
      HTTP Method = POST
      Request URI = /api/v1/auth/login
       Parameters = {}
          Headers = [Content-Type:"application/json;charset=UTF-8", Content-Length:"62"]
             Body = {"email":"integration@example.com","password":"wrongpassword"}
    Session Attrs = {}

Handler:
             Type = com.fintech.expensetracker.controller.AuthController
           Method = com.fintech.expensetracker.controller.AuthController#authenticateUser(LoginRequest)

Async:
    Async started = false
     Async result = null

Resolved Exception:
             Type = org.springframework.security.authentication.BadCredentialsException

ModelAndView:
        View name = null
             View = null
            Model = null

FlashMap:
       Attributes = null

MockHttpServletResponse:
           Status = 401
    Error message = null
          Headers = [Vary:"Origin", "Access-Control-Request-Method", "Access-Control-Request-Headers", Content-Type:"application/json", X-Content-Type-Options:"nosniff", X-XSS-Protection:"0", Cache-Control:"no-cache, no-store, max-age=0, must-revalidate", Pragma:"no-cache", Expires:"0"]
     Content type = application/json
             Body = {"timestamp":"2025-08-19T15:10:18.457586","status":401,"error":"Authentication Failed","message":"Invalid credentials provided","path":"/api/v1/auth/login","details":null}
    Forwarded URL = null
   Redirected URL = null
          Cookies = []

MockHttpServletRequest:
      HTTP Method = GET
      Request URI = /api/v1/accounts
       Parameters = {}
          Headers = []
             Body = null
    Session Attrs = {}

Handler:
             Type = null

Async:
    Async started = false
     Async result = null

Resolved Exception:
             Type = null

ModelAndView:
        View name = null
             View = null
            Model = null

FlashMap:
       Attributes = null

MockHttpServletResponse:
           Status = 403
    Error message = Access Denied
          Headers = [Vary:"Origin", "Access-Control-Request-Method", "Access-Control-Request-Headers", X-Content-Type-Options:"nosniff", X-XSS-Protection:"0", Cache-Control:"no-cache, no-store, max-age=0, must-revalidate", Pragma:"no-cache", Expires:"0"]
     Content type = null
             Body = 
    Forwarded URL = null
   Redirected URL = null
          Cookies = []

MockHttpServletRequest:
      HTTP Method = POST
      Request URI = /api/v1/accounts
       Parameters = {}
          Headers = [Content-Type:"application/json;charset=UTF-8", Authorization:"Bearer eyJhbGciOiJIUzUxMiJ9.eyJzdWIiOiIxIiwiaWF0IjoxNzU1NjA1NDE4LCJleHAiOjE3NTU2MDkwMTh9.Iz7mEq8bMp84noCBqcAEuTg9A7m2016C4YYGZHJ99yjVjscZGYJq15bd9aaSwWl3HPL4q-KtwceBpD_PO70mjg", Content-Length:"78"]
             Body = {"name":"Integration Test Account","type":"CHECKING","initialBalance":1500.00}
    Session Attrs = {}

Handler:
             Type = com.fintech.expensetracker.controller.AccountController
           Method = com.fintech.expensetracker.controller.AccountController#createAccount(CreateAccountRequest, UserPrincipal)

Async:
    Async started = false
     Async result = null

Resolved Exception:
             Type = null

ModelAndView:
        View name = null
             View = null
            Model = null

FlashMap:
       Attributes = null

MockHttpServletResponse:
           Status = 201
    Error message = null
          Headers = [Vary:"Origin", "Access-Control-Request-Method", "Access-Control-Request-Headers", Content-Type:"application/json", X-Content-Type-Options:"nosniff", X-XSS-Protection:"0", Cache-Control:"no-cache, no-store, max-age=0, must-revalidate", Pragma:"no-cache", Expires:"0"]
     Content type = application/json
             Body = {"id":1,"name":"Integration Test Account","type":"CHECKING","initialBalance":1500.00,"currentBalance":1500.00,"createdAt":"2025-08-19T15:10:18.502579","updatedAt":"2025-08-19T15:10:18.502598"}
    Forwarded URL = null
   Redirected URL = null
          Cookies = []

MockHttpServletRequest:
      HTTP Method = GET
      Request URI = /api/v1/accounts
       Parameters = {}
          Headers = [Authorization:"Bearer eyJhbGciOiJIUzUxMiJ9.eyJzdWIiOiIxIiwiaWF0IjoxNzU1NjA1NDE4LCJleHAiOjE3NTU2MDkwMTh9.Iz7mEq8bMp84noCBqcAEuTg9A7m2016C4YYGZHJ99yjVjscZGYJq15bd9aaSwWl3HPL4q-KtwceBpD_PO70mjg"]
             Body = null
    Session Attrs = {}

Handler:
             Type = com.fintech.expensetracker.controller.AccountController
           Method = com.fintech.expensetracker.controller.AccountController#getUserAccounts(UserPrincipal)

Async:
    Async started = false
     Async result = null

Resolved Exception:
             Type = null

ModelAndView:
        View name = null
             View = null
            Model = null

FlashMap:
       Attributes = null

MockHttpServletResponse:
           Status = 200
    Error message = null
          Headers = [Vary:"Origin", "Access-Control-Request-Method", "Access-Control-Request-Headers", Content-Type:"application/json", X-Content-Type-Options:"nosniff", X-XSS-Protection:"0", Cache-Control:"no-cache, no-store, max-age=0, must-revalidate", Pragma:"no-cache", Expires:"0"]
     Content type = application/json
             Body = [{"id":1,"name":"Integration Test Account","type":"CHECKING","initialBalance":1500.00,"currentBalance":1500.00,"createdAt":"2025-08-19T15:10:18.502579","updatedAt":"2025-08-19T15:10:18.502598"}]
    Forwarded URL = null
   Redirected URL = null
          Cookies = []

MockHttpServletRequest:
      HTTP Method = PUT
      Request URI = /api/v1/accounts/1
       Parameters = {}
          Headers = [Content-Type:"application/json;charset=UTF-8", Authorization:"Bearer eyJhbGciOiJIUzUxMiJ9.eyJzdWIiOiIxIiwiaWF0IjoxNzU1NjA1NDE4LCJleHAiOjE3NTU2MDkwMTh9.Iz7mEq8bMp84noCBqcAEuTg9A7m2016C4YYGZHJ99yjVjscZGYJq15bd9aaSwWl3HPL4q-KtwceBpD_PO70mjg", Content-Length:"72"]
             Body = {"name":"Updated Integration Account","type":null,"initialBalance":null}
    Session Attrs = {}

Handler:
             Type = com.fintech.expensetracker.controller.AccountController
           Method = com.fintech.expensetracker.controller.AccountController#updateAccount(Long, UpdateAccountRequest, UserPrincipal)

Async:
    Async started = false
     Async result = null

Resolved Exception:
             Type = null

ModelAndView:
        View name = null
             View = null
            Model = null

FlashMap:
       Attributes = null

MockHttpServletResponse:
           Status = 200
    Error message = null
          Headers = [Vary:"Origin", "Access-Control-Request-Method", "Access-Control-Request-Headers", Content-Type:"application/json", X-Content-Type-Options:"nosniff", X-XSS-Protection:"0", Cache-Control:"no-cache, no-store, max-age=0, must-revalidate", Pragma:"no-cache", Expires:"0"]
     Content type = application/json
             Body = {"id":1,"name":"Updated Integration Account","type":"CHECKING","initialBalance":1500.00,"currentBalance":1500.00,"createdAt":"2025-08-19T15:10:18.502579","updatedAt":"2025-08-19T15:10:18.567963"}
    Forwarded URL = null
   Redirected URL = null
          Cookies = []

MockHttpServletRequest:
      HTTP Method = GET
      Request URI = /api/v1/accounts/1/balance
       Parameters = {}
          Headers = [Authorization:"Bearer eyJhbGciOiJIUzUxMiJ9.eyJzdWIiOiIxIiwiaWF0IjoxNzU1NjA1NDE4LCJleHAiOjE3NTU2MDkwMTh9.Iz7mEq8bMp84noCBqcAEuTg9A7m2016C4YYGZHJ99yjVjscZGYJq15bd9aaSwWl3HPL4q-KtwceBpD_PO70mjg"]
             Body = null
    Session Attrs = {}

Handler:
             Type = com.fintech.expensetracker.controller.AccountController
           Method = com.fintech.expensetracker.controller.AccountController#getAccountBalance(Long, UserPrincipal)

Async:
    Async started = false
     Async result = null

Resolved Exception:
             Type = null

ModelAndView:
        View name = null
             View = null
            Model = null

FlashMap:
       Attributes = null

MockHttpServletResponse:
           Status = 200
    Error message = null
          Headers = [Vary:"Origin", "Access-Control-Request-Method", "Access-Control-Request-Headers", Content-Type:"application/json", X-Content-Type-Options:"nosniff", X-XSS-Protection:"0", Cache-Control:"no-cache, no-store, max-age=0, must-revalidate", Pragma:"no-cache", Expires:"0"]
     Content type = application/json
             Body = {"accountId":1,"balance":1500.00}
    Forwarded URL = null
   Redirected URL = null
          Cookies = []

MockHttpServletRequest:
      HTTP Method = POST
      Request URI = /api/v1/transactions
       Parameters = {}
          Headers = [Content-Type:"application/json;charset=UTF-8", Authorization:"Bearer eyJhbGciOiJIUzUxMiJ9.eyJzdWIiOiIxIiwiaWF0IjoxNzU1NjA1NDE4LCJleHAiOjE3NTU2MDkwMTh9.Iz7mEq8bMp84noCBqcAEuTg9A7m2016C4YYGZHJ99yjVjscZGYJq15bd9aaSwWl3HPL4q-KtwceBpD_PO70mjg", Content-Length:"128"]
             Body = {"amount":3000.00,"description":"Monthly Salary","transactionDate":"2025-08-19","accountId":1,"categoryId":null,"type":"INCOME"}
    Session Attrs = {}

Handler:
             Type = com.fintech.expensetracker.controller.TransactionController
           Method = com.fintech.expensetracker.controller.TransactionController#createTransaction(CreateTransactionRequest, UserPrincipal)

Async:
    Async started = false
     Async result = null

Resolved Exception:
             Type = null

ModelAndView:
        View name = null
             View = null
            Model = null

FlashMap:
       Attributes = null

MockHttpServletResponse:
           Status = 201
    Error message = null
          Headers = [Vary:"Origin", "Access-Control-Request-Method", "Access-Control-Request-Headers", Content-Type:"application/json", X-Content-Type-Options:"nosniff", X-XSS-Protection:"0", Cache-Control:"no-cache, no-store, max-age=0, must-revalidate", Pragma:"no-cache", Expires:"0"]
     Content type = application/json
             Body = {"id":1,"amount":3000.00,"description":"Monthly Salary","transactionDate":"2025-08-19","account":{"id":1,"name":"Updated Integration Account","type":"CHECKING","initialBalance":null,"currentBalance":null,"createdAt":null,"updatedAt":null},"category":{"id":1,"name":"Uncategorized","description":"Default category for transactions without a specific category","default":true},"type":"INCOME","createdAt":"2025-08-19T15:10:18.636387","updatedAt":"2025-08-19T15:10:18.636408"}
    Forwarded URL = null
   Redirected URL = null
          Cookies = []

MockHttpServletRequest:
      HTTP Method = POST
      Request URI = /api/v1/transactions
       Parameters = {}
          Headers = [Content-Type:"application/json;charset=UTF-8", Authorization:"Bearer eyJhbGciOiJIUzUxMiJ9.eyJzdWIiOiIxIiwiaWF0IjoxNzU1NjA1NDE4LCJleHAiOjE3NTU2MDkwMTh9.Iz7mEq8bMp84noCBqcAEuTg9A7m2016C4YYGZHJ99yjVjscZGYJq15bd9aaSwWl3HPL4q-KtwceBpD_PO70mjg", Content-Length:"119"]
             Body = {"amount":1200.00,"description":"Rent","transactionDate":"2025-08-18","accountId":1,"categoryId":null,"type":"EXPENSE"}
    Session Attrs = {}

Handler:
             Type = com.fintech.expensetracker.controller.TransactionController
           Method = com.fintech.expensetracker.controller.TransactionController#createTransaction(CreateTransactionRequest, UserPrincipal)

Async:
    Async started = false
     Async result = null

Resolved Exception:
             Type = null

ModelAndView:
        View name = null
             View = null
            Model = null

FlashMap:
       Attributes = null

MockHttpServletResponse:
           Status = 201
    Error message = null
          Headers = [Vary:"Origin", "Access-Control-Request-Method", "Access-Control-Request-Headers", Content-Type:"application/json", X-Content-Type-Options:"nosniff", X-XSS-Protection:"0", Cache-Control:"no-cache, no-store, max-age=0, must-revalidate", Pragma:"no-cache", Expires:"0"]
     Content type = application/json
             Body = {"id":2,"amount":-1200.00,"description":"Rent","transactionDate":"2025-08-18","account":{"id":1,"name":"Updated Integration Account","type":"CHECKING","initialBalance":null,"currentBalance":null,"createdAt":null,"updatedAt":null},"category":{"id":1,"name":"Uncategorized","description":"Default category for transactions without a specific category","default":true},"type":"EXPENSE","createdAt":"2025-08-19T15:10:18.653235","updatedAt":"2025-08-19T15:10:18.653251"}
    Forwarded URL = null
   Redirected URL = null
          Cookies = []

MockHttpServletRequest:
      HTTP Method = POST
      Request URI = /api/v1/transactions
       Parameters = {}
          Headers = [Content-Type:"application/json;charset=UTF-8", Authorization:"Bearer eyJhbGciOiJIUzUxMiJ9.eyJzdWIiOiIxIiwiaWF0IjoxNzU1NjA1NDE4LCJleHAiOjE3NTU2MDkwMTh9.Iz7mEq8bMp84noCBqcAEuTg9A7m2016C4YYGZHJ99yjVjscZGYJq15bd9aaSwWl3HPL4q-KtwceBpD_PO70mjg", Content-Length:"123"]
             Body = {"amount":300.00,"description":"Groceries","transactionDate":"2025-08-17","accountId":1,"categoryId":null,"type":"EXPENSE"}
    Session Attrs = {}

Handler:
             Type = com.fintech.expensetracker.controller.TransactionController
           Method = com.fintech.expensetracker.controller.TransactionController#createTransaction(CreateTransactionRequest, UserPrincipal)

Async:
    Async started = false
     Async result = null

Resolved Exception:
             Type = null

ModelAndView:
        View name = null
             View = null
            Model = null

FlashMap:
       Attributes = null

MockHttpServletResponse:
           Status = 201
    Error message = null
          Headers = [Vary:"Origin", "Access-Control-Request-Method", "Access-Control-Request-Headers", Content-Type:"application/json", X-Content-Type-Options:"nosniff", X-XSS-Protection:"0", Cache-Control:"no-cache, no-store, max-age=0, must-revalidate", Pragma:"no-cache", Expires:"0"]
     Content type = application/json
             Body = {"id":3,"amount":-300.00,"description":"Groceries","transactionDate":"2025-08-17","account":{"id":1,"name":"Updated Integration Account","type":"CHECKING","initialBalance":null,"currentBalance":null,"createdAt":null,"updatedAt":null},"category":{"id":1,"name":"Uncategorized","description":"Default category for transactions without a specific category","default":true},"type":"EXPENSE","createdAt":"2025-08-19T15:10:18.662551","updatedAt":"2025-08-19T15:10:18.662565"}
    Forwarded URL = null
   Redirected URL = null
          Cookies = []

MockHttpServletRequest:
      HTTP Method = POST
      Request URI = /api/v1/transactions
       Parameters = {}
          Headers = [Content-Type:"application/json;charset=UTF-8", Authorization:"Bearer eyJhbGciOiJIUzUxMiJ9.eyJzdWIiOiIxIiwiaWF0IjoxNzU1NjA1NDE4LCJleHAiOjE3NTU2MDkwMTh9.Iz7mEq8bMp84noCBqcAEuTg9A7m2016C4YYGZHJ99yjVjscZGYJq15bd9aaSwWl3HPL4q-KtwceBpD_PO70mjg", Content-Length:"123"]
             Body = {"amount":150.00,"description":"Utilities","transactionDate":"2025-08-16","accountId":1,"categoryId":null,"type":"EXPENSE"}
    Session Attrs = {}

Handler:
             Type = com.fintech.expensetracker.controller.TransactionController
           Method = com.fintech.expensetracker.controller.TransactionController#createTransaction(CreateTransactionRequest, UserPrincipal)

Async:
    Async started = false
     Async result = null

Resolved Exception:
             Type = null

ModelAndView:
        View name = null
             View = null
            Model = null

FlashMap:
       Attributes = null

MockHttpServletResponse:
           Status = 201
    Error message = null
          Headers = [Vary:"Origin", "Access-Control-Request-Method", "Access-Control-Request-Headers", Content-Type:"application/json", X-Content-Type-Options:"nosniff", X-XSS-Protection:"0", Cache-Control:"no-cache, no-store, max-age=0, must-revalidate", Pragma:"no-cache", Expires:"0"]
     Content type = application/json
             Body = {"id":4,"amount":-150.00,"description":"Utilities","transactionDate":"2025-08-16","account":{"id":1,"name":"Updated Integration Account","type":"CHECKING","initialBalance":null,"currentBalance":null,"createdAt":null,"updatedAt":null},"category":{"id":1,"name":"Uncategorized","description":"Default category for transactions without a specific category","default":true},"type":"EXPENSE","createdAt":"2025-08-19T15:10:18.67218","updatedAt":"2025-08-19T15:10:18.672195"}
    Forwarded URL = null
   Redirected URL = null
          Cookies = []

MockHttpServletRequest:
      HTTP Method = POST
      Request URI = /api/v1/transactions
       Parameters = {}
          Headers = [Content-Type:"application/json;charset=UTF-8", Authorization:"Bearer eyJhbGciOiJIUzUxMiJ9.eyJzdWIiOiIxIiwiaWF0IjoxNzU1NjA1NDE4LCJleHAiOjE3NTU2MDkwMTh9.Iz7mEq8bMp84noCBqcAEuTg9A7m2016C4YYGZHJ99yjVjscZGYJq15bd9aaSwWl3HPL4q-KtwceBpD_PO70mjg", Content-Length:"128"]
             Body = {"amount":200.00,"description":"Transportation","transactionDate":"2025-08-15","accountId":1,"categoryId":null,"type":"EXPENSE"}
    Session Attrs = {}

Handler:
             Type = com.fintech.expensetracker.controller.TransactionController
           Method = com.fintech.expensetracker.controller.TransactionController#createTransaction(CreateTransactionRequest, UserPrincipal)

Async:
    Async started = false
     Async result = null

Resolved Exception:
             Type = null

ModelAndView:
        View name = null
             View = null
            Model = null

FlashMap:
       Attributes = null

MockHttpServletResponse:
           Status = 201
    Error message = null
          Headers = [Vary:"Origin", "Access-Control-Request-Method", "Access-Control-Request-Headers", Content-Type:"application/json", X-Content-Type-Options:"nosniff", X-XSS-Protection:"0", Cache-Control:"no-cache, no-store, max-age=0, must-revalidate", Pragma:"no-cache", Expires:"0"]
     Content type = application/json
             Body = {"id":5,"amount":-200.00,"description":"Transportation","transactionDate":"2025-08-15","account":{"id":1,"name":"Updated Integration Account","type":"CHECKING","initialBalance":null,"currentBalance":null,"createdAt":null,"updatedAt":null},"category":{"id":1,"name":"Uncategorized","description":"Default category for transactions without a specific category","default":true},"type":"EXPENSE","createdAt":"2025-08-19T15:10:18.682778","updatedAt":"2025-08-19T15:10:18.682795"}
    Forwarded URL = null
   Redirected URL = null
          Cookies = []

MockHttpServletRequest:
      HTTP Method = GET
      Request URI = /api/v1/transactions
       Parameters = {}
          Headers = [Authorization:"Bearer eyJhbGciOiJIUzUxMiJ9.eyJzdWIiOiIxIiwiaWF0IjoxNzU1NjA1NDE4LCJleHAiOjE3NTU2MDkwMTh9.Iz7mEq8bMp84noCBqcAEuTg9A7m2016C4YYGZHJ99yjVjscZGYJq15bd9aaSwWl3HPL4q-KtwceBpD_PO70mjg"]
             Body = null
    Session Attrs = {}

Handler:
             Type = com.fintech.expensetracker.controller.TransactionController
           Method = com.fintech.expensetracker.controller.TransactionController#getUserTransactions(UserPrincipal, Long, Long, String, String, String, String, String, int, int)

Async:
    Async started = false
     Async result = null

Resolved Exception:
             Type = null

ModelAndView:
        View name = null
             View = null
            Model = null

FlashMap:
       Attributes = null

MockHttpServletResponse:
           Status = 200
    Error message = null
          Headers = [Vary:"Origin", "Access-Control-Request-Method", "Access-Control-Request-Headers", Content-Type:"application/json", X-Content-Type-Options:"nosniff", X-XSS-Protection:"0", Cache-Control:"no-cache, no-store, max-age=0, must-revalidate", Pragma:"no-cache", Expires:"0"]
     Content type = application/json
             Body = {"content":[{"id":1,"amount":3000.00,"description":"Monthly Salary","transactionDate":"2025-08-19","account":{"id":1,"name":"Updated Integration Account","type":"CHECKING","initialBalance":null,"currentBalance":null,"createdAt":null,"updatedAt":null},"category":{"id":1,"name":"Uncategorized","description":"Default category for transactions without a specific category","default":true},"type":"INCOME","createdAt":"2025-08-19T15:10:18.636387","updatedAt":"2025-08-19T15:10:18.636408"},{"id":2,"amount":-1200.00,"description":"Rent","transactionDate":"2025-08-18","account":{"id":1,"name":"Updated Integration Account","type":"CHECKING","initialBalance":null,"currentBalance":null,"createdAt":null,"updatedAt":null},"category":{"id":1,"name":"Uncategorized","description":"Default category for transactions without a specific category","default":true},"type":"EXPENSE","createdAt":"2025-08-19T15:10:18.653235","updatedAt":"2025-08-19T15:10:18.653251"},{"id":3,"amount":-300.00,"description":"Groceries","transactionDate":"2025-08-17","account":{"id":1,"name":"Updated Integration Account","type":"CHECKING","initialBalance":null,"currentBalance":null,"createdAt":null,"updatedAt":null},"category":{"id":1,"name":"Uncategorized","description":"Default category for transactions without a specific category","default":true},"type":"EXPENSE","createdAt":"2025-08-19T15:10:18.662551","updatedAt":"2025-08-19T15:10:18.662565"},{"id":4,"amount":-150.00,"description":"Utilities","transactionDate":"2025-08-16","account":{"id":1,"name":"Updated Integration Account","type":"CHECKING","initialBalance":null,"currentBalance":null,"createdAt":null,"updatedAt":null},"category":{"id":1,"name":"Uncategorized","description":"Default category for transactions without a specific category","default":true},"type":"EXPENSE","createdAt":"2025-08-19T15:10:18.67218","updatedAt":"2025-08-19T15:10:18.672195"},{"id":5,"amount":-200.00,"description":"Transportation","transactionDate":"2025-08-15","account":{"id":1,"name":"Updated Integration Account","type":"CHECKING","initialBalance":null,"currentBalance":null,"createdAt":null,"updatedAt":null},"category":{"id":1,"name":"Uncategorized","description":"Default category for transactions without a specific category","default":true},"type":"EXPENSE","createdAt":"2025-08-19T15:10:18.682778","updatedAt":"2025-08-19T15:10:18.682795"}],"pageable":{"pageNumber":0,"pageSize":20,"sort":{"empty":false,"sorted":true,"unsorted":false},"offset":0,"paged":true,"unpaged":false},"last":true,"totalPages":1,"totalElements":5,"size":20,"number":0,"sort":{"empty":false,"sorted":true,"unsorted":false},"numberOfElements":5,"first":true,"empty":false}
    Forwarded URL = null
   Redirected URL = null
          Cookies = []

MockHttpServletRequest:
      HTTP Method = PUT
      Request URI = /api/v1/transactions/1
       Parameters = {}
          Headers = [Content-Type:"application/json;charset=UTF-8", Authorization:"Bearer eyJhbGciOiJIUzUxMiJ9.eyJzdWIiOiIxIiwiaWF0IjoxNzU1NjA1NDE4LCJleHAiOjE3NTU2MDkwMTh9.Iz7mEq8bMp84noCBqcAEuTg9A7m2016C4YYGZHJ99yjVjscZGYJq15bd9aaSwWl3HPL4q-KtwceBpD_PO70mjg", Content-Length:"131"]
             Body = {"amount":3200.00,"description":"Updated Monthly Salary","transactionDate":null,"accountId":null,"categoryId":null,"type":"INCOME"}
    Session Attrs = {}

Handler:
             Type = com.fintech.expensetracker.controller.TransactionController
           Method = com.fintech.expensetracker.controller.TransactionController#updateTransaction(Long, UpdateTransactionRequest, UserPrincipal)

Async:
    Async started = false
     Async result = null

Resolved Exception:
             Type = null

ModelAndView:
        View name = null
             View = null
            Model = null

FlashMap:
       Attributes = null

MockHttpServletResponse:
           Status = 200
    Error message = null
          Headers = [Vary:"Origin", "Access-Control-Request-Method", "Access-Control-Request-Headers", Content-Type:"application/json", X-Content-Type-Options:"nosniff", X-XSS-Protection:"0", Cache-Control:"no-cache, no-store, max-age=0, must-revalidate", Pragma:"no-cache", Expires:"0"]
     Content type = application/json
             Body = {"id":1,"amount":3200.00,"description":"Updated Monthly Salary","transactionDate":"2025-08-19","account":{"id":1,"name":"Updated Integration Account","type":"CHECKING","initialBalance":null,"currentBalance":null,"createdAt":null,"updatedAt":null},"category":{"id":1,"name":"Uncategorized","description":"Default category for transactions without a specific category","default":true},"type":"INCOME","createdAt":"2025-08-19T15:10:18.636387","updatedAt":"2025-08-19T15:10:18.636408"}
    Forwarded URL = null
   Redirected URL = null
          Cookies = []

MockHttpServletRequest:
      HTTP Method = GET
      Request URI = /api/v1/accounts/1/balance
       Parameters = {}
          Headers = [Authorization:"Bearer eyJhbGciOiJIUzUxMiJ9.eyJzdWIiOiIxIiwiaWF0IjoxNzU1NjA1NDE4LCJleHAiOjE3NTU2MDkwMTh9.Iz7mEq8bMp84noCBqcAEuTg9A7m2016C4YYGZHJ99yjVjscZGYJq15bd9aaSwWl3HPL4q-KtwceBpD_PO70mjg"]
             Body = null
    Session Attrs = {}

Handler:
             Type = com.fintech.expensetracker.controller.AccountController
           Method = com.fintech.expensetracker.controller.AccountController#getAccountBalance(Long, UserPrincipal)

Async:
    Async started = false
     Async result = null

Resolved Exception:
             Type = null

ModelAndView:
        View name = null
             View = null
            Model = null

FlashMap:
       Attributes = null

MockHttpServletResponse:
           Status = 200
    Error message = null
          Headers = [Vary:"Origin", "Access-Control-Request-Method", "Access-Control-Request-Headers", Content-Type:"application/json", X-Content-Type-Options:"nosniff", X-XSS-Protection:"0", Cache-Control:"no-cache, no-store, max-age=0, must-revalidate", Pragma:"no-cache", Expires:"0"]
     Content type = application/json
             Body = {"accountId":1,"balance":2850.00}
    Forwarded URL = null
   Redirected URL = null
          Cookies = []

MockHttpServletRequest:
      HTTP Method = GET
      Request URI = /api/v1/analytics/monthly-summary
       Parameters = {month=[2025-08]}
          Headers = [Authorization:"Bearer eyJhbGciOiJIUzUxMiJ9.eyJzdWIiOiIxIiwiaWF0IjoxNzU1NjA1NDE4LCJleHAiOjE3NTU2MDkwMTh9.Iz7mEq8bMp84noCBqcAEuTg9A7m2016C4YYGZHJ99yjVjscZGYJq15bd9aaSwWl3HPL4q-KtwceBpD_PO70mjg"]
             Body = null
    Session Attrs = {}

Handler:
             Type = com.fintech.expensetracker.controller.AnalyticsController
           Method = com.fintech.expensetracker.controller.AnalyticsController#getMonthlySpendingSummary(YearMonth, UserPrincipal)

Async:
    Async started = false
     Async result = null

Resolved Exception:
             Type = null

ModelAndView:
        View name = null
             View = null
            Model = null

FlashMap:
       Attributes = null

MockHttpServletResponse:
           Status = 200
    Error message = null
          Headers = [Vary:"Origin", "Access-Control-Request-Method", "Access-Control-Request-Headers", Content-Type:"application/json", X-Content-Type-Options:"nosniff", X-XSS-Protection:"0", Cache-Control:"no-cache, no-store, max-age=0, must-revalidate", Pragma:"no-cache", Expires:"0"]
     Content type = application/json
             Body = {"month":"2025-08","totalIncome":3200.00,"totalExpenses":1850.00,"netSavings":1350.00,"savingsRate":42.19}
    Forwarded URL = null
   Redirected URL = null
          Cookies = []

MockHttpServletRequest:
      HTTP Method = GET
      Request URI = /api/v1/analytics/spending-by-category
       Parameters = {startDate=[2025-07-20], endDate=[2025-08-19]}
          Headers = [Authorization:"Bearer eyJhbGciOiJIUzUxMiJ9.eyJzdWIiOiIxIiwiaWF0IjoxNzU1NjA1NDE4LCJleHAiOjE3NTU2MDkwMTh9.Iz7mEq8bMp84noCBqcAEuTg9A7m2016C4YYGZHJ99yjVjscZGYJq15bd9aaSwWl3HPL4q-KtwceBpD_PO70mjg"]
             Body = null
    Session Attrs = {}

Handler:
             Type = com.fintech.expensetracker.controller.AnalyticsController
           Method = com.fintech.expensetracker.controller.AnalyticsController#getSpendingByCategory(LocalDate, LocalDate, UserPrincipal)

Async:
    Async started = false
     Async result = null

Resolved Exception:
             Type = null

ModelAndView:
        View name = null
             View = null
            Model = null

FlashMap:
       Attributes = null

MockHttpServletResponse:
           Status = 200
    Error message = null
          Headers = [Vary:"Origin", "Access-Control-Request-Method", "Access-Control-Request-Headers", Content-Type:"application/json", X-Content-Type-Options:"nosniff", X-XSS-Protection:"0", Cache-Control:"no-cache, no-store, max-age=0, must-revalidate", Pragma:"no-cache", Expires:"0"]
     Content type = application/json
             Body = {"startDate":"2025-07-20","endDate":"2025-08-19","totalExpenses":1850.00,"categoryBreakdown":[{"category":{"id":1,"name":"Uncategorized","description":null,"default":false},"amount":1850.00,"percentage":100.00,"transactionCount":0}]}
    Forwarded URL = null
   Redirected URL = null
          Cookies = []

MockHttpServletRequest:
      HTTP Method = GET
      Request URI = /api/v1/analytics/savings-rate
       Parameters = {startDate=[2025-07-20], endDate=[2025-08-19]}
          Headers = [Authorization:"Bearer eyJhbGciOiJIUzUxMiJ9.eyJzdWIiOiIxIiwiaWF0IjoxNzU1NjA1NDE4LCJleHAiOjE3NTU2MDkwMTh9.Iz7mEq8bMp84noCBqcAEuTg9A7m2016C4YYGZHJ99yjVjscZGYJq15bd9aaSwWl3HPL4q-KtwceBpD_PO70mjg"]
             Body = null
    Session Attrs = {}

Handler:
             Type = com.fintech.expensetracker.controller.AnalyticsController
           Method = com.fintech.expensetracker.controller.AnalyticsController#getSavingsRate(LocalDate, LocalDate, UserPrincipal)

Async:
    Async started = false
     Async result = null

Resolved Exception:
             Type = null

ModelAndView:
        View name = null
             View = null
            Model = null

FlashMap:
       Attributes = null

MockHttpServletResponse:
           Status = 200
    Error message = null
          Headers = [Vary:"Origin", "Access-Control-Request-Method", "Access-Control-Request-Headers", Content-Type:"application/json", X-Content-Type-Options:"nosniff", X-XSS-Protection:"0", Cache-Control:"no-cache, no-store, max-age=0, must-revalidate", Pragma:"no-cache", Expires:"0"]
     Content type = application/json
             Body = {"startDate":"2025-07-20","endDate":"2025-08-19","savingsRate":42.19}
    Forwarded URL = null
   Redirected URL = null
          Cookies = []
]]></system-out>
    <system-err><![CDATA[WARNING: A Java agent has been loaded dynamically (/Users/bahadirbozoglu/.m2/repository/net/bytebuddy/byte-buddy-agent/1.14.10/byte-buddy-agent-1.14.10.jar)
WARNING: If a serviceability tool is in use, please run with -XX:+EnableDynamicAgentLoading to hide this warning
WARNING: If a serviceability tool is not in use, please run with -Djdk.instrument.traceUsage for more information
WARNING: Dynamic loading of agents will be disallowed by default in a future release
]]></system-err>
  </testcase>
</testsuite>