<?xml version="1.0" encoding="UTF-8"?>
<testsuite xmlns:xsi="http://www.w3.org/2001/XMLSchema-instance" xsi:noNamespaceSchemaLocation="https://maven.apache.org/surefire/maven-surefire-plugin/xsd/surefire-test-report-3.0.xsd" version="3.0" name="com.fintech.expensetracker.integration.ExpenseTrackerH2IntegrationTest" time="8.031" tests="1" errors="0" skipped="0" failures="1">
  <properties>
    <property name="java.specification.version" value="21"/>
    <property name="sun.jnu.encoding" value="UTF-8"/>
    <property name="java.class.path" value="/Users/bahadirbozoglu/Projects/Test/kiro-test/target/test-classes:/Users/bahadirbozoglu/Projects/Test/kiro-test/target/classes:/Users/bahadirbozoglu/.m2/repository/org/springframework/boot/spring-boot-starter-web/3.2.1/spring-boot-starter-web-3.2.1.jar:/Users/bahadirbozoglu/.m2/repository/org/springframework/boot/spring-boot-starter/3.2.1/spring-boot-starter-3.2.1.jar:/Users/bahadirbozoglu/.m2/repository/org/springframework/boot/spring-boot/3.2.1/spring-boot-3.2.1.jar:/Users/bahadirbozoglu/.m2/repository/org/springframework/boot/spring-boot-autoconfigure/3.2.1/spring-boot-autoconfigure-3.2.1.jar:/Users/bahadirbozoglu/.m2/repository/org/springframework/boot/spring-boot-starter-logging/3.2.1/spring-boot-starter-logging-3.2.1.jar:/Users/bahadirbozoglu/.m2/repository/ch/qos/logback/logback-classic/1.4.14/logback-classic-1.4.14.jar:/Users/bahadirbozoglu/.m2/repository/ch/qos/logback/logback-core/1.4.14/logback-core-1.4.14.jar:/Users/bahadirbozoglu/.m2/repository/org/apache/logging/log4j/log4j-to-slf4j/2.21.1/log4j-to-slf4j-2.21.1.jar:/Users/bahadirbozoglu/.m2/repository/org/apache/logging/log4j/log4j-api/2.21.1/log4j-api-2.21.1.jar:/Users/bahadirbozoglu/.m2/repository/org/slf4j/jul-to-slf4j/2.0.9/jul-to-slf4j-2.0.9.jar:/Users/bahadirbozoglu/.m2/repository/jakarta/annotation/jakarta.annotation-api/2.1.1/jakarta.annotation-api-2.1.1.jar:/Users/bahadirbozoglu/.m2/repository/org/yaml/snakeyaml/2.2/snakeyaml-2.2.jar:/Users/bahadirbozoglu/.m2/repository/org/springframework/boot/spring-boot-starter-json/3.2.1/spring-boot-starter-json-3.2.1.jar:/Users/bahadirbozoglu/.m2/repository/com/fasterxml/jackson/datatype/jackson-datatype-jdk8/2.15.3/jackson-datatype-jdk8-2.15.3.jar:/Users/bahadirbozoglu/.m2/repository/com/fasterxml/jackson/datatype/jackson-datatype-jsr310/2.15.3/jackson-datatype-jsr310-2.15.3.jar:/Users/bahadirbozoglu/.m2/repository/com/fasterxml/jackson/module/jackson-module-parameter-names/2.15.3/jackson-module-parameter-names-2.15.3.jar:/Users/bahadirbozoglu/.m2/repository/org/springframework/boot/spring-boot-starter-tomcat/3.2.1/spring-boot-starter-tomcat-3.2.1.jar:/Users/bahadirbozoglu/.m2/repository/org/apache/tomcat/embed/tomcat-embed-core/10.1.17/tomcat-embed-core-10.1.17.jar:/Users/bahadirbozoglu/.m2/repository/org/apache/tomcat/embed/tomcat-embed-websocket/10.1.17/tomcat-embed-websocket-10.1.17.jar:/Users/bahadirbozoglu/.m2/repository/org/springframework/spring-web/6.1.2/spring-web-6.1.2.jar:/Users/bahadirbozoglu/.m2/repository/org/springframework/spring-beans/6.1.2/spring-beans-6.1.2.jar:/Users/bahadirbozoglu/.m2/repository/io/micrometer/micrometer-observation/1.12.1/micrometer-observation-1.12.1.jar:/Users/bahadirbozoglu/.m2/repository/io/micrometer/micrometer-commons/1.12.1/micrometer-commons-1.12.1.jar:/Users/bahadirbozoglu/.m2/repository/org/springframework/spring-webmvc/6.1.2/spring-webmvc-6.1.2.jar:/Users/bahadirbozoglu/.m2/repository/org/springframework/spring-context/6.1.2/spring-context-6.1.2.jar:/Users/bahadirbozoglu/.m2/repository/org/springframework/spring-expression/6.1.2/spring-expression-6.1.2.jar:/Users/bahadirbozoglu/.m2/repository/org/springframework/boot/spring-boot-starter-data-jpa/3.2.1/spring-boot-starter-data-jpa-3.2.1.jar:/Users/bahadirbozoglu/.m2/repository/org/springframework/boot/spring-boot-starter-aop/3.2.1/spring-boot-starter-aop-3.2.1.jar:/Users/bahadirbozoglu/.m2/repository/org/aspectj/aspectjweaver/1.9.21/aspectjweaver-1.9.21.jar:/Users/bahadirbozoglu/.m2/repository/org/springframework/boot/spring-boot-starter-jdbc/3.2.1/spring-boot-starter-jdbc-3.2.1.jar:/Users/bahadirbozoglu/.m2/repository/com/zaxxer/HikariCP/5.0.1/HikariCP-5.0.1.jar:/Users/bahadirbozoglu/.m2/repository/org/springframework/spring-jdbc/6.1.2/spring-jdbc-6.1.2.jar:/Users/bahadirbozoglu/.m2/repository/org/hibernate/orm/hibernate-core/6.4.1.Final/hibernate-core-6.4.1.Final.jar:/Users/bahadirbozoglu/.m2/repository/jakarta/persistence/jakarta.persistence-api/3.1.0/jakarta.persistence-api-3.1.0.jar:/Users/bahadirbozoglu/.m2/repository/jakarta/transaction/jakarta.transaction-api/2.0.1/jakarta.transaction-api-2.0.1.jar:/Users/bahadirbozoglu/.m2/repository/org/jboss/logging/jboss-logging/3.5.3.Final/jboss-logging-3.5.3.Final.jar:/Users/bahadirbozoglu/.m2/repository/org/hibernate/common/hibernate-commons-annotations/6.0.6.Final/hibernate-commons-annotations-6.0.6.Final.jar:/Users/bahadirbozoglu/.m2/repository/io/smallrye/jandex/3.1.2/jandex-3.1.2.jar:/Users/bahadirbozoglu/.m2/repository/com/fasterxml/classmate/1.6.0/classmate-1.6.0.jar:/Users/bahadirbozoglu/.m2/repository/net/bytebuddy/byte-buddy/1.14.10/byte-buddy-1.14.10.jar:/Users/bahadirbozoglu/.m2/repository/org/glassfish/jaxb/jaxb-runtime/4.0.4/jaxb-runtime-4.0.4.jar:/Users/bahadirbozoglu/.m2/repository/org/glassfish/jaxb/jaxb-core/4.0.4/jaxb-core-4.0.4.jar:/Users/bahadirbozoglu/.m2/repository/org/eclipse/angus/angus-activation/2.0.1/angus-activation-2.0.1.jar:/Users/bahadirbozoglu/.m2/repository/org/glassfish/jaxb/txw2/4.0.4/txw2-4.0.4.jar:/Users/bahadirbozoglu/.m2/repository/com/sun/istack/istack-commons-runtime/4.1.2/istack-commons-runtime-4.1.2.jar:/Users/bahadirbozoglu/.m2/repository/jakarta/inject/jakarta.inject-api/2.0.1/jakarta.inject-api-2.0.1.jar:/Users/bahadirbozoglu/.m2/repository/org/antlr/antlr4-runtime/4.13.0/antlr4-runtime-4.13.0.jar:/Users/bahadirbozoglu/.m2/repository/org/springframework/data/spring-data-jpa/3.2.1/spring-data-jpa-3.2.1.jar:/Users/bahadirbozoglu/.m2/repository/org/springframework/data/spring-data-commons/3.2.1/spring-data-commons-3.2.1.jar:/Users/bahadirbozoglu/.m2/repository/org/springframework/spring-orm/6.1.2/spring-orm-6.1.2.jar:/Users/bahadirbozoglu/.m2/repository/org/springframework/spring-tx/6.1.2/spring-tx-6.1.2.jar:/Users/bahadirbozoglu/.m2/repository/org/slf4j/slf4j-api/2.0.9/slf4j-api-2.0.9.jar:/Users/bahadirbozoglu/.m2/repository/org/springframework/spring-aspects/6.1.2/spring-aspects-6.1.2.jar:/Users/bahadirbozoglu/.m2/repository/org/springframework/boot/spring-boot-starter-security/3.2.1/spring-boot-starter-security-3.2.1.jar:/Users/bahadirbozoglu/.m2/repository/org/springframework/spring-aop/6.1.2/spring-aop-6.1.2.jar:/Users/bahadirbozoglu/.m2/repository/org/springframework/security/spring-security-config/6.2.1/spring-security-config-6.2.1.jar:/Users/bahadirbozoglu/.m2/repository/org/springframework/security/spring-security-web/6.2.1/spring-security-web-6.2.1.jar:/Users/bahadirbozoglu/.m2/repository/org/springframework/boot/spring-boot-starter-validation/3.2.1/spring-boot-starter-validation-3.2.1.jar:/Users/bahadirbozoglu/.m2/repository/org/apache/tomcat/embed/tomcat-embed-el/10.1.17/tomcat-embed-el-10.1.17.jar:/Users/bahadirbozoglu/.m2/repository/org/hibernate/validator/hibernate-validator/8.0.1.Final/hibernate-validator-8.0.1.Final.jar:/Users/bahadirbozoglu/.m2/repository/jakarta/validation/jakarta.validation-api/3.0.2/jakarta.validation-api-3.0.2.jar:/Users/bahadirbozoglu/.m2/repository/com/h2database/h2/2.2.224/h2-2.2.224.jar:/Users/bahadirbozoglu/.m2/repository/io/jsonwebtoken/jjwt-api/0.11.5/jjwt-api-0.11.5.jar:/Users/bahadirbozoglu/.m2/repository/io/jsonwebtoken/jjwt-impl/0.11.5/jjwt-impl-0.11.5.jar:/Users/bahadirbozoglu/.m2/repository/io/jsonwebtoken/jjwt-jackson/0.11.5/jjwt-jackson-0.11.5.jar:/Users/bahadirbozoglu/.m2/repository/com/fasterxml/jackson/core/jackson-databind/2.15.3/jackson-databind-2.15.3.jar:/Users/bahadirbozoglu/.m2/repository/com/fasterxml/jackson/core/jackson-annotations/2.15.3/jackson-annotations-2.15.3.jar:/Users/bahadirbozoglu/.m2/repository/com/fasterxml/jackson/core/jackson-core/2.15.3/jackson-core-2.15.3.jar:/Users/bahadirbozoglu/.m2/repository/org/springframework/boot/spring-boot-starter-test/3.2.1/spring-boot-starter-test-3.2.1.jar:/Users/bahadirbozoglu/.m2/repository/org/springframework/boot/spring-boot-test/3.2.1/spring-boot-test-3.2.1.jar:/Users/bahadirbozoglu/.m2/repository/org/springframework/boot/spring-boot-test-autoconfigure/3.2.1/spring-boot-test-autoconfigure-3.2.1.jar:/Users/bahadirbozoglu/.m2/repository/com/jayway/jsonpath/json-path/2.8.0/json-path-2.8.0.jar:/Users/bahadirbozoglu/.m2/repository/jakarta/xml/bind/jakarta.xml.bind-api/4.0.1/jakarta.xml.bind-api-4.0.1.jar:/Users/bahadirbozoglu/.m2/repository/jakarta/activation/jakarta.activation-api/2.1.2/jakarta.activation-api-2.1.2.jar:/Users/bahadirbozoglu/.m2/repository/net/minidev/json-smart/2.5.0/json-smart-2.5.0.jar:/Users/bahadirbozoglu/.m2/repository/net/minidev/accessors-smart/2.5.0/accessors-smart-2.5.0.jar:/Users/bahadirbozoglu/.m2/repository/org/ow2/asm/asm/9.3/asm-9.3.jar:/Users/bahadirbozoglu/.m2/repository/org/assertj/assertj-core/3.24.2/assertj-core-3.24.2.jar:/Users/bahadirbozoglu/.m2/repository/org/awaitility/awaitility/4.2.0/awaitility-4.2.0.jar:/Users/bahadirbozoglu/.m2/repository/org/hamcrest/hamcrest/2.2/hamcrest-2.2.jar:/Users/bahadirbozoglu/.m2/repository/org/junit/jupiter/junit-jupiter/5.10.1/junit-jupiter-5.10.1.jar:/Users/bahadirbozoglu/.m2/repository/org/junit/jupiter/junit-jupiter-api/5.10.1/junit-jupiter-api-5.10.1.jar:/Users/bahadirbozoglu/.m2/repository/org/opentest4j/opentest4j/1.3.0/opentest4j-1.3.0.jar:/Users/bahadirbozoglu/.m2/repository/org/junit/platform/junit-platform-commons/1.10.1/junit-platform-commons-1.10.1.jar:/Users/bahadirbozoglu/.m2/repository/org/apiguardian/apiguardian-api/1.1.2/apiguardian-api-1.1.2.jar:/Users/bahadirbozoglu/.m2/repository/org/junit/jupiter/junit-jupiter-params/5.10.1/junit-jupiter-params-5.10.1.jar:/Users/bahadirbozoglu/.m2/repository/org/junit/jupiter/junit-jupiter-engine/5.10.1/junit-jupiter-engine-5.10.1.jar:/Users/bahadirbozoglu/.m2/repository/org/junit/platform/junit-platform-engine/1.10.1/junit-platform-engine-1.10.1.jar:/Users/bahadirbozoglu/.m2/repository/org/mockito/mockito-core/5.7.0/mockito-core-5.7.0.jar:/Users/bahadirbozoglu/.m2/repository/net/bytebuddy/byte-buddy-agent/1.14.10/byte-buddy-agent-1.14.10.jar:/Users/bahadirbozoglu/.m2/repository/org/objenesis/objenesis/3.3/objenesis-3.3.jar:/Users/bahadirbozoglu/.m2/repository/org/mockito/mockito-junit-jupiter/5.7.0/mockito-junit-jupiter-5.7.0.jar:/Users/bahadirbozoglu/.m2/repository/org/skyscreamer/jsonassert/1.5.1/jsonassert-1.5.1.jar:/Users/bahadirbozoglu/.m2/repository/com/vaadin/external/google/android-json/0.0.20131108.vaadin1/android-json-0.0.20131108.vaadin1.jar:/Users/bahadirbozoglu/.m2/repository/org/springframework/spring-core/6.1.2/spring-core-6.1.2.jar:/Users/bahadirbozoglu/.m2/repository/org/springframework/spring-jcl/6.1.2/spring-jcl-6.1.2.jar:/Users/bahadirbozoglu/.m2/repository/org/springframework/spring-test/6.1.2/spring-test-6.1.2.jar:/Users/bahadirbozoglu/.m2/repository/org/xmlunit/xmlunit-core/2.9.1/xmlunit-core-2.9.1.jar:/Users/bahadirbozoglu/.m2/repository/org/springframework/security/spring-security-test/6.2.1/spring-security-test-6.2.1.jar:/Users/bahadirbozoglu/.m2/repository/org/springframework/security/spring-security-core/6.2.1/spring-security-core-6.2.1.jar:/Users/bahadirbozoglu/.m2/repository/org/springframework/security/spring-security-crypto/6.2.1/spring-security-crypto-6.2.1.jar:/Users/bahadirbozoglu/.m2/repository/org/testcontainers/junit-jupiter/1.19.3/junit-jupiter-1.19.3.jar:/Users/bahadirbozoglu/.m2/repository/org/testcontainers/testcontainers/1.19.3/testcontainers-1.19.3.jar:/Users/bahadirbozoglu/.m2/repository/junit/junit/4.13.2/junit-4.13.2.jar:/Users/bahadirbozoglu/.m2/repository/org/hamcrest/hamcrest-core/2.2/hamcrest-core-2.2.jar:/Users/bahadirbozoglu/.m2/repository/org/apache/commons/commons-compress/1.24.0/commons-compress-1.24.0.jar:/Users/bahadirbozoglu/.m2/repository/org/rnorth/duct-tape/duct-tape/1.0.8/duct-tape-1.0.8.jar:/Users/bahadirbozoglu/.m2/repository/org/jetbrains/annotations/17.0.0/annotations-17.0.0.jar:/Users/bahadirbozoglu/.m2/repository/com/github/docker-java/docker-java-api/3.3.4/docker-java-api-3.3.4.jar:/Users/bahadirbozoglu/.m2/repository/com/github/docker-java/docker-java-transport-zerodep/3.3.4/docker-java-transport-zerodep-3.3.4.jar:/Users/bahadirbozoglu/.m2/repository/com/github/docker-java/docker-java-transport/3.3.4/docker-java-transport-3.3.4.jar:/Users/bahadirbozoglu/.m2/repository/net/java/dev/jna/jna/5.13.0/jna-5.13.0.jar:/Users/bahadirbozoglu/.m2/repository/org/testcontainers/postgresql/1.19.3/postgresql-1.19.3.jar:/Users/bahadirbozoglu/.m2/repository/org/testcontainers/jdbc/1.19.3/jdbc-1.19.3.jar:/Users/bahadirbozoglu/.m2/repository/org/testcontainers/database-commons/1.19.3/database-commons-1.19.3.jar:/Users/bahadirbozoglu/.m2/repository/org/postgresql/postgresql/42.6.0/postgresql-42.6.0.jar:/Users/bahadirbozoglu/.m2/repository/org/checkerframework/checker-qual/3.31.0/checker-qual-3.31.0.jar:"/>
    <property name="java.vm.vendor" value="Homebrew"/>
    <property name="sun.arch.data.model" value="64"/>
    <property name="java.vendor.url" value="https://github.com/Homebrew/homebrew-core/issues"/>
    <property name="user.timezone" value="Europe/Istanbul"/>
    <property name="org.jboss.logging.provider" value="slf4j"/>
    <property name="os.name" value="Mac OS X"/>
    <property name="java.vm.specification.version" value="21"/>
    <property name="sun.java.launcher" value="SUN_STANDARD"/>
    <property name="user.country" value="US"/>
    <property name="sun.boot.library.path" value="/usr/local/Cellar/openjdk@21/21.0.8/libexec/openjdk.jdk/Contents/Home/lib"/>
    <property name="sun.java.command" value="/Users/bahadirbozoglu/Projects/Test/kiro-test/target/surefire/surefirebooter-20250818105354321_3.jar /Users/bahadirbozoglu/Projects/Test/kiro-test/target/surefire 2025-08-18T10-53-54_227-jvmRun1 surefire-20250818105354321_1tmp surefire_0-20250818105354321_2tmp"/>
    <property name="http.nonProxyHosts" value="local|*.local|169.254/16|*.169.254/16"/>
    <property name="jdk.debug" value="release"/>
    <property name="test" value="ExpenseTrackerH2IntegrationTest"/>
    <property name="surefire.test.class.path" value="/Users/bahadirbozoglu/Projects/Test/kiro-test/target/test-classes:/Users/bahadirbozoglu/Projects/Test/kiro-test/target/classes:/Users/bahadirbozoglu/.m2/repository/org/springframework/boot/spring-boot-starter-web/3.2.1/spring-boot-starter-web-3.2.1.jar:/Users/bahadirbozoglu/.m2/repository/org/springframework/boot/spring-boot-starter/3.2.1/spring-boot-starter-3.2.1.jar:/Users/bahadirbozoglu/.m2/repository/org/springframework/boot/spring-boot/3.2.1/spring-boot-3.2.1.jar:/Users/bahadirbozoglu/.m2/repository/org/springframework/boot/spring-boot-autoconfigure/3.2.1/spring-boot-autoconfigure-3.2.1.jar:/Users/bahadirbozoglu/.m2/repository/org/springframework/boot/spring-boot-starter-logging/3.2.1/spring-boot-starter-logging-3.2.1.jar:/Users/bahadirbozoglu/.m2/repository/ch/qos/logback/logback-classic/1.4.14/logback-classic-1.4.14.jar:/Users/bahadirbozoglu/.m2/repository/ch/qos/logback/logback-core/1.4.14/logback-core-1.4.14.jar:/Users/bahadirbozoglu/.m2/repository/org/apache/logging/log4j/log4j-to-slf4j/2.21.1/log4j-to-slf4j-2.21.1.jar:/Users/bahadirbozoglu/.m2/repository/org/apache/logging/log4j/log4j-api/2.21.1/log4j-api-2.21.1.jar:/Users/bahadirbozoglu/.m2/repository/org/slf4j/jul-to-slf4j/2.0.9/jul-to-slf4j-2.0.9.jar:/Users/bahadirbozoglu/.m2/repository/jakarta/annotation/jakarta.annotation-api/2.1.1/jakarta.annotation-api-2.1.1.jar:/Users/bahadirbozoglu/.m2/repository/org/yaml/snakeyaml/2.2/snakeyaml-2.2.jar:/Users/bahadirbozoglu/.m2/repository/org/springframework/boot/spring-boot-starter-json/3.2.1/spring-boot-starter-json-3.2.1.jar:/Users/bahadirbozoglu/.m2/repository/com/fasterxml/jackson/datatype/jackson-datatype-jdk8/2.15.3/jackson-datatype-jdk8-2.15.3.jar:/Users/bahadirbozoglu/.m2/repository/com/fasterxml/jackson/datatype/jackson-datatype-jsr310/2.15.3/jackson-datatype-jsr310-2.15.3.jar:/Users/bahadirbozoglu/.m2/repository/com/fasterxml/jackson/module/jackson-module-parameter-names/2.15.3/jackson-module-parameter-names-2.15.3.jar:/Users/bahadirbozoglu/.m2/repository/org/springframework/boot/spring-boot-starter-tomcat/3.2.1/spring-boot-starter-tomcat-3.2.1.jar:/Users/bahadirbozoglu/.m2/repository/org/apache/tomcat/embed/tomcat-embed-core/10.1.17/tomcat-embed-core-10.1.17.jar:/Users/bahadirbozoglu/.m2/repository/org/apache/tomcat/embed/tomcat-embed-websocket/10.1.17/tomcat-embed-websocket-10.1.17.jar:/Users/bahadirbozoglu/.m2/repository/org/springframework/spring-web/6.1.2/spring-web-6.1.2.jar:/Users/bahadirbozoglu/.m2/repository/org/springframework/spring-beans/6.1.2/spring-beans-6.1.2.jar:/Users/bahadirbozoglu/.m2/repository/io/micrometer/micrometer-observation/1.12.1/micrometer-observation-1.12.1.jar:/Users/bahadirbozoglu/.m2/repository/io/micrometer/micrometer-commons/1.12.1/micrometer-commons-1.12.1.jar:/Users/bahadirbozoglu/.m2/repository/org/springframework/spring-webmvc/6.1.2/spring-webmvc-6.1.2.jar:/Users/bahadirbozoglu/.m2/repository/org/springframework/spring-context/6.1.2/spring-context-6.1.2.jar:/Users/bahadirbozoglu/.m2/repository/org/springframework/spring-expression/6.1.2/spring-expression-6.1.2.jar:/Users/bahadirbozoglu/.m2/repository/org/springframework/boot/spring-boot-starter-data-jpa/3.2.1/spring-boot-starter-data-jpa-3.2.1.jar:/Users/bahadirbozoglu/.m2/repository/org/springframework/boot/spring-boot-starter-aop/3.2.1/spring-boot-starter-aop-3.2.1.jar:/Users/bahadirbozoglu/.m2/repository/org/aspectj/aspectjweaver/1.9.21/aspectjweaver-1.9.21.jar:/Users/bahadirbozoglu/.m2/repository/org/springframework/boot/spring-boot-starter-jdbc/3.2.1/spring-boot-starter-jdbc-3.2.1.jar:/Users/bahadirbozoglu/.m2/repository/com/zaxxer/HikariCP/5.0.1/HikariCP-5.0.1.jar:/Users/bahadirbozoglu/.m2/repository/org/springframework/spring-jdbc/6.1.2/spring-jdbc-6.1.2.jar:/Users/bahadirbozoglu/.m2/repository/org/hibernate/orm/hibernate-core/6.4.1.Final/hibernate-core-6.4.1.Final.jar:/Users/bahadirbozoglu/.m2/repository/jakarta/persistence/jakarta.persistence-api/3.1.0/jakarta.persistence-api-3.1.0.jar:/Users/bahadirbozoglu/.m2/repository/jakarta/transaction/jakarta.transaction-api/2.0.1/jakarta.transaction-api-2.0.1.jar:/Users/bahadirbozoglu/.m2/repository/org/jboss/logging/jboss-logging/3.5.3.Final/jboss-logging-3.5.3.Final.jar:/Users/bahadirbozoglu/.m2/repository/org/hibernate/common/hibernate-commons-annotations/6.0.6.Final/hibernate-commons-annotations-6.0.6.Final.jar:/Users/bahadirbozoglu/.m2/repository/io/smallrye/jandex/3.1.2/jandex-3.1.2.jar:/Users/bahadirbozoglu/.m2/repository/com/fasterxml/classmate/1.6.0/classmate-1.6.0.jar:/Users/bahadirbozoglu/.m2/repository/net/bytebuddy/byte-buddy/1.14.10/byte-buddy-1.14.10.jar:/Users/bahadirbozoglu/.m2/repository/org/glassfish/jaxb/jaxb-runtime/4.0.4/jaxb-runtime-4.0.4.jar:/Users/bahadirbozoglu/.m2/repository/org/glassfish/jaxb/jaxb-core/4.0.4/jaxb-core-4.0.4.jar:/Users/bahadirbozoglu/.m2/repository/org/eclipse/angus/angus-activation/2.0.1/angus-activation-2.0.1.jar:/Users/bahadirbozoglu/.m2/repository/org/glassfish/jaxb/txw2/4.0.4/txw2-4.0.4.jar:/Users/bahadirbozoglu/.m2/repository/com/sun/istack/istack-commons-runtime/4.1.2/istack-commons-runtime-4.1.2.jar:/Users/bahadirbozoglu/.m2/repository/jakarta/inject/jakarta.inject-api/2.0.1/jakarta.inject-api-2.0.1.jar:/Users/bahadirbozoglu/.m2/repository/org/antlr/antlr4-runtime/4.13.0/antlr4-runtime-4.13.0.jar:/Users/bahadirbozoglu/.m2/repository/org/springframework/data/spring-data-jpa/3.2.1/spring-data-jpa-3.2.1.jar:/Users/bahadirbozoglu/.m2/repository/org/springframework/data/spring-data-commons/3.2.1/spring-data-commons-3.2.1.jar:/Users/bahadirbozoglu/.m2/repository/org/springframework/spring-orm/6.1.2/spring-orm-6.1.2.jar:/Users/bahadirbozoglu/.m2/repository/org/springframework/spring-tx/6.1.2/spring-tx-6.1.2.jar:/Users/bahadirbozoglu/.m2/repository/org/slf4j/slf4j-api/2.0.9/slf4j-api-2.0.9.jar:/Users/bahadirbozoglu/.m2/repository/org/springframework/spring-aspects/6.1.2/spring-aspects-6.1.2.jar:/Users/bahadirbozoglu/.m2/repository/org/springframework/boot/spring-boot-starter-security/3.2.1/spring-boot-starter-security-3.2.1.jar:/Users/bahadirbozoglu/.m2/repository/org/springframework/spring-aop/6.1.2/spring-aop-6.1.2.jar:/Users/bahadirbozoglu/.m2/repository/org/springframework/security/spring-security-config/6.2.1/spring-security-config-6.2.1.jar:/Users/bahadirbozoglu/.m2/repository/org/springframework/security/spring-security-web/6.2.1/spring-security-web-6.2.1.jar:/Users/bahadirbozoglu/.m2/repository/org/springframework/boot/spring-boot-starter-validation/3.2.1/spring-boot-starter-validation-3.2.1.jar:/Users/bahadirbozoglu/.m2/repository/org/apache/tomcat/embed/tomcat-embed-el/10.1.17/tomcat-embed-el-10.1.17.jar:/Users/bahadirbozoglu/.m2/repository/org/hibernate/validator/hibernate-validator/8.0.1.Final/hibernate-validator-8.0.1.Final.jar:/Users/bahadirbozoglu/.m2/repository/jakarta/validation/jakarta.validation-api/3.0.2/jakarta.validation-api-3.0.2.jar:/Users/bahadirbozoglu/.m2/repository/com/h2database/h2/2.2.224/h2-2.2.224.jar:/Users/bahadirbozoglu/.m2/repository/io/jsonwebtoken/jjwt-api/0.11.5/jjwt-api-0.11.5.jar:/Users/bahadirbozoglu/.m2/repository/io/jsonwebtoken/jjwt-impl/0.11.5/jjwt-impl-0.11.5.jar:/Users/bahadirbozoglu/.m2/repository/io/jsonwebtoken/jjwt-jackson/0.11.5/jjwt-jackson-0.11.5.jar:/Users/bahadirbozoglu/.m2/repository/com/fasterxml/jackson/core/jackson-databind/2.15.3/jackson-databind-2.15.3.jar:/Users/bahadirbozoglu/.m2/repository/com/fasterxml/jackson/core/jackson-annotations/2.15.3/jackson-annotations-2.15.3.jar:/Users/bahadirbozoglu/.m2/repository/com/fasterxml/jackson/core/jackson-core/2.15.3/jackson-core-2.15.3.jar:/Users/bahadirbozoglu/.m2/repository/org/springframework/boot/spring-boot-starter-test/3.2.1/spring-boot-starter-test-3.2.1.jar:/Users/bahadirbozoglu/.m2/repository/org/springframework/boot/spring-boot-test/3.2.1/spring-boot-test-3.2.1.jar:/Users/bahadirbozoglu/.m2/repository/org/springframework/boot/spring-boot-test-autoconfigure/3.2.1/spring-boot-test-autoconfigure-3.2.1.jar:/Users/bahadirbozoglu/.m2/repository/com/jayway/jsonpath/json-path/2.8.0/json-path-2.8.0.jar:/Users/bahadirbozoglu/.m2/repository/jakarta/xml/bind/jakarta.xml.bind-api/4.0.1/jakarta.xml.bind-api-4.0.1.jar:/Users/bahadirbozoglu/.m2/repository/jakarta/activation/jakarta.activation-api/2.1.2/jakarta.activation-api-2.1.2.jar:/Users/bahadirbozoglu/.m2/repository/net/minidev/json-smart/2.5.0/json-smart-2.5.0.jar:/Users/bahadirbozoglu/.m2/repository/net/minidev/accessors-smart/2.5.0/accessors-smart-2.5.0.jar:/Users/bahadirbozoglu/.m2/repository/org/ow2/asm/asm/9.3/asm-9.3.jar:/Users/bahadirbozoglu/.m2/repository/org/assertj/assertj-core/3.24.2/assertj-core-3.24.2.jar:/Users/bahadirbozoglu/.m2/repository/org/awaitility/awaitility/4.2.0/awaitility-4.2.0.jar:/Users/bahadirbozoglu/.m2/repository/org/hamcrest/hamcrest/2.2/hamcrest-2.2.jar:/Users/bahadirbozoglu/.m2/repository/org/junit/jupiter/junit-jupiter/5.10.1/junit-jupiter-5.10.1.jar:/Users/bahadirbozoglu/.m2/repository/org/junit/jupiter/junit-jupiter-api/5.10.1/junit-jupiter-api-5.10.1.jar:/Users/bahadirbozoglu/.m2/repository/org/opentest4j/opentest4j/1.3.0/opentest4j-1.3.0.jar:/Users/bahadirbozoglu/.m2/repository/org/junit/platform/junit-platform-commons/1.10.1/junit-platform-commons-1.10.1.jar:/Users/bahadirbozoglu/.m2/repository/org/apiguardian/apiguardian-api/1.1.2/apiguardian-api-1.1.2.jar:/Users/bahadirbozoglu/.m2/repository/org/junit/jupiter/junit-jupiter-params/5.10.1/junit-jupiter-params-5.10.1.jar:/Users/bahadirbozoglu/.m2/repository/org/junit/jupiter/junit-jupiter-engine/5.10.1/junit-jupiter-engine-5.10.1.jar:/Users/bahadirbozoglu/.m2/repository/org/junit/platform/junit-platform-engine/1.10.1/junit-platform-engine-1.10.1.jar:/Users/bahadirbozoglu/.m2/repository/org/mockito/mockito-core/5.7.0/mockito-core-5.7.0.jar:/Users/bahadirbozoglu/.m2/repository/net/bytebuddy/byte-buddy-agent/1.14.10/byte-buddy-agent-1.14.10.jar:/Users/bahadirbozoglu/.m2/repository/org/objenesis/objenesis/3.3/objenesis-3.3.jar:/Users/bahadirbozoglu/.m2/repository/org/mockito/mockito-junit-jupiter/5.7.0/mockito-junit-jupiter-5.7.0.jar:/Users/bahadirbozoglu/.m2/repository/org/skyscreamer/jsonassert/1.5.1/jsonassert-1.5.1.jar:/Users/bahadirbozoglu/.m2/repository/com/vaadin/external/google/android-json/0.0.20131108.vaadin1/android-json-0.0.20131108.vaadin1.jar:/Users/bahadirbozoglu/.m2/repository/org/springframework/spring-core/6.1.2/spring-core-6.1.2.jar:/Users/bahadirbozoglu/.m2/repository/org/springframework/spring-jcl/6.1.2/spring-jcl-6.1.2.jar:/Users/bahadirbozoglu/.m2/repository/org/springframework/spring-test/6.1.2/spring-test-6.1.2.jar:/Users/bahadirbozoglu/.m2/repository/org/xmlunit/xmlunit-core/2.9.1/xmlunit-core-2.9.1.jar:/Users/bahadirbozoglu/.m2/repository/org/springframework/security/spring-security-test/6.2.1/spring-security-test-6.2.1.jar:/Users/bahadirbozoglu/.m2/repository/org/springframework/security/spring-security-core/6.2.1/spring-security-core-6.2.1.jar:/Users/bahadirbozoglu/.m2/repository/org/springframework/security/spring-security-crypto/6.2.1/spring-security-crypto-6.2.1.jar:/Users/bahadirbozoglu/.m2/repository/org/testcontainers/junit-jupiter/1.19.3/junit-jupiter-1.19.3.jar:/Users/bahadirbozoglu/.m2/repository/org/testcontainers/testcontainers/1.19.3/testcontainers-1.19.3.jar:/Users/bahadirbozoglu/.m2/repository/junit/junit/4.13.2/junit-4.13.2.jar:/Users/bahadirbozoglu/.m2/repository/org/hamcrest/hamcrest-core/2.2/hamcrest-core-2.2.jar:/Users/bahadirbozoglu/.m2/repository/org/apache/commons/commons-compress/1.24.0/commons-compress-1.24.0.jar:/Users/bahadirbozoglu/.m2/repository/org/rnorth/duct-tape/duct-tape/1.0.8/duct-tape-1.0.8.jar:/Users/bahadirbozoglu/.m2/repository/org/jetbrains/annotations/17.0.0/annotations-17.0.0.jar:/Users/bahadirbozoglu/.m2/repository/com/github/docker-java/docker-java-api/3.3.4/docker-java-api-3.3.4.jar:/Users/bahadirbozoglu/.m2/repository/com/github/docker-java/docker-java-transport-zerodep/3.3.4/docker-java-transport-zerodep-3.3.4.jar:/Users/bahadirbozoglu/.m2/repository/com/github/docker-java/docker-java-transport/3.3.4/docker-java-transport-3.3.4.jar:/Users/bahadirbozoglu/.m2/repository/net/java/dev/jna/jna/5.13.0/jna-5.13.0.jar:/Users/bahadirbozoglu/.m2/repository/org/testcontainers/postgresql/1.19.3/postgresql-1.19.3.jar:/Users/bahadirbozoglu/.m2/repository/org/testcontainers/jdbc/1.19.3/jdbc-1.19.3.jar:/Users/bahadirbozoglu/.m2/repository/org/testcontainers/database-commons/1.19.3/database-commons-1.19.3.jar:/Users/bahadirbozoglu/.m2/repository/org/postgresql/postgresql/42.6.0/postgresql-42.6.0.jar:/Users/bahadirbozoglu/.m2/repository/org/checkerframework/checker-qual/3.31.0/checker-qual-3.31.0.jar:"/>
    <property name="sun.cpu.endian" value="little"/>
    <property name="user.home" value="/Users/bahadirbozoglu"/>
    <property name="user.language" value="en"/>
    <property name="java.specification.vendor" value="Oracle Corporation"/>
    <property name="java.version.date" value="2025-07-15"/>
    <property name="java.home" value="/usr/local/Cellar/openjdk@21/21.0.8/libexec/openjdk.jdk/Contents/Home"/>
    <property name="file.separator" value="/"/>
    <property name="basedir" value="/Users/bahadirbozoglu/Projects/Test/kiro-test"/>
    <property name="java.vm.compressedOopsMode" value="Zero based"/>
    <property name="line.separator" value="&#10;"/>
    <property name="java.vm.specification.vendor" value="Oracle Corporation"/>
    <property name="java.specification.name" value="Java Platform API Specification"/>
    <property name="FILE_LOG_CHARSET" value="UTF-8"/>
    <property name="java.awt.headless" value="true"/>
    <property name="apple.awt.application.name" value="ForkedBooter"/>
    <property name="surefire.real.class.path" value="/Users/bahadirbozoglu/Projects/Test/kiro-test/target/surefire/surefirebooter-20250818105354321_3.jar"/>
    <property name="sun.management.compiler" value="HotSpot 64-Bit Tiered Compilers"/>
    <property name="ftp.nonProxyHosts" value="local|*.local|169.254/16|*.169.254/16"/>
    <property name="java.runtime.version" value="21.0.8"/>
    <property name="user.name" value="bahadirbozoglu"/>
    <property name="stdout.encoding" value="UTF-8"/>
    <property name="path.separator" value=":"/>
    <property name="os.version" value="15.6"/>
    <property name="java.runtime.name" value="OpenJDK Runtime Environment"/>
    <property name="file.encoding" value="UTF-8"/>
    <property name="java.vm.name" value="OpenJDK 64-Bit Server VM"/>
    <property name="java.vendor.version" value="Homebrew"/>
    <property name="localRepository" value="/Users/bahadirbozoglu/.m2/repository"/>
    <property name="java.vendor.url.bug" value="https://github.com/Homebrew/homebrew-core/issues"/>
    <property name="java.io.tmpdir" value="/var/folders/_s/2mvngjb15351mc7ctsrcz5sh0000gn/T/"/>
    <property name="com.zaxxer.hikari.pool_number" value="1"/>
    <property name="java.version" value="21.0.8"/>
    <property name="user.dir" value="/Users/bahadirbozoglu/Projects/Test/kiro-test"/>
    <property name="os.arch" value="x86_64"/>
    <property name="java.vm.specification.name" value="Java Virtual Machine Specification"/>
    <property name="PID" value="2473"/>
    <property name="CONSOLE_LOG_CHARSET" value="UTF-8"/>
    <property name="native.encoding" value="UTF-8"/>
    <property name="java.library.path" value="/Users/bahadirbozoglu/Library/Java/Extensions:/Library/Java/Extensions:/Network/Library/Java/Extensions:/System/Library/Java/Extensions:/usr/lib/java:."/>
    <property name="java.vm.info" value="mixed mode, sharing"/>
    <property name="stderr.encoding" value="UTF-8"/>
    <property name="java.vendor" value="Homebrew"/>
    <property name="java.vm.version" value="21.0.8"/>
    <property name="sun.io.unicode.encoding" value="UnicodeBig"/>
    <property name="socksNonProxyHosts" value="local|*.local|169.254/16|*.169.254/16"/>
    <property name="java.class.version" value="65.0"/>
    <property name="LOGGED_APPLICATION_NAME" value="[expense-tracker-test] "/>
  </properties>
  <testcase name="shouldCompleteFullIntegrationWorkflow" classname="com.fintech.expensetracker.integration.ExpenseTrackerH2IntegrationTest" time="1.402">
    <failure message="Status expected:&lt;201&gt; but was:&lt;400&gt;" type="java.lang.AssertionError"><![CDATA[java.lang.AssertionError: Status expected:<201> but was:<400>
	at org.springframework.test.util.AssertionErrors.fail(AssertionErrors.java:59)
	at org.springframework.test.util.AssertionErrors.assertEquals(AssertionErrors.java:122)
	at org.springframework.test.web.servlet.result.StatusResultMatchers.lambda$matcher$9(StatusResultMatchers.java:637)
	at org.springframework.test.web.servlet.MockMvc$1.andExpect(MockMvc.java:214)
	at com.fintech.expensetracker.integration.ExpenseTrackerH2IntegrationTest.shouldCompleteFullIntegrationWorkflow(ExpenseTrackerH2IntegrationTest.java:196)
	at java.base/java.lang.reflect.Method.invoke(Method.java:580)
	at java.base/java.util.ArrayList.forEach(ArrayList.java:1596)
	at java.base/java.util.ArrayList.forEach(ArrayList.java:1596)
]]></failure>
    <system-out><![CDATA[10:53:55.255 [main] INFO org.springframework.test.context.support.AnnotationConfigContextLoaderUtils -- Could not detect default configuration classes for test class [com.fintech.expensetracker.integration.ExpenseTrackerH2IntegrationTest]: ExpenseTrackerH2IntegrationTest does not declare any static, non-private, non-final, nested classes annotated with @Configuration.
10:53:55.380 [main] INFO org.springframework.boot.test.context.SpringBootTestContextBootstrapper -- Found @SpringBootConfiguration com.fintech.expensetracker.ExpenseTrackerApplication for test class com.fintech.expensetracker.integration.ExpenseTrackerH2IntegrationTest

  .   ____          _            __ _ _
 /\\ / ___'_ __ _ _(_)_ __  __ _ \ \ \ \
( ( )\___ | '_ | '_| | '_ \/ _` | \ \ \ \
 \\/  ___)| |_)| | | | | || (_| |  ) ) ) )
  '  |____| .__|_| |_|_| |_\__, | / / / /
 =========|_|==============|___/=/_/_/_/
 :: Spring Boot ::                (v3.2.1)

2025-08-18T10:53:55.819+03:00  INFO 2473 --- [expense-tracker-test] [           main] c.f.e.i.ExpenseTrackerH2IntegrationTest  : Starting ExpenseTrackerH2IntegrationTest using Java 21.0.8 with PID 2473 (started by bahadirbozoglu in /Users/bahadirbozoglu/Projects/Test/kiro-test)
2025-08-18T10:53:55.820+03:00  INFO 2473 --- [expense-tracker-test] [           main] c.f.e.i.ExpenseTrackerH2IntegrationTest  : The following 1 profile is active: "test"
2025-08-18T10:53:56.611+03:00  INFO 2473 --- [expense-tracker-test] [           main] .s.d.r.c.RepositoryConfigurationDelegate : Bootstrapping Spring Data JPA repositories in DEFAULT mode.
2025-08-18T10:53:56.691+03:00  INFO 2473 --- [expense-tracker-test] [           main] .s.d.r.c.RepositoryConfigurationDelegate : Finished Spring Data repository scanning in 70 ms. Found 4 JPA repository interfaces.
2025-08-18T10:53:57.257+03:00  INFO 2473 --- [expense-tracker-test] [           main] o.hibernate.jpa.internal.util.LogHelper  : HHH000204: Processing PersistenceUnitInfo [name: default]
2025-08-18T10:53:57.342+03:00  INFO 2473 --- [expense-tracker-test] [           main] org.hibernate.Version                    : HHH000412: Hibernate ORM core version 6.4.1.Final
2025-08-18T10:53:57.387+03:00  INFO 2473 --- [expense-tracker-test] [           main] o.h.c.internal.RegionFactoryInitiator    : HHH000026: Second-level cache disabled
2025-08-18T10:53:57.708+03:00  INFO 2473 --- [expense-tracker-test] [           main] o.s.o.j.p.SpringPersistenceUnitInfo      : No LoadTimeWeaver setup: ignoring JPA class transformer
2025-08-18T10:53:57.738+03:00  INFO 2473 --- [expense-tracker-test] [           main] com.zaxxer.hikari.HikariDataSource       : HikariPool-1 - Starting...
2025-08-18T10:53:57.969+03:00  INFO 2473 --- [expense-tracker-test] [           main] com.zaxxer.hikari.pool.HikariPool        : HikariPool-1 - Added connection conn0: url=jdbc:h2:mem:testdb user=SA
2025-08-18T10:53:57.971+03:00  INFO 2473 --- [expense-tracker-test] [           main] com.zaxxer.hikari.HikariDataSource       : HikariPool-1 - Start completed.
2025-08-18T10:53:58.008+03:00  WARN 2473 --- [expense-tracker-test] [           main] org.hibernate.orm.deprecation            : HHH90000025: H2Dialect does not need to be specified explicitly using 'hibernate.dialect' (remove the property setting and it will be selected by default)
2025-08-18T10:53:59.034+03:00  INFO 2473 --- [expense-tracker-test] [           main] o.h.e.t.j.p.i.JtaPlatformInitiator       : HHH000489: No JTA platform available (set 'hibernate.transaction.jta.platform' to enable JTA platform integration)
2025-08-18T10:53:59.086+03:00  INFO 2473 --- [expense-tracker-test] [           main] j.LocalContainerEntityManagerFactoryBean : Initialized JPA EntityManagerFactory for persistence unit 'default'
2025-08-18T10:53:59.389+03:00  INFO 2473 --- [expense-tracker-test] [           main] o.s.d.j.r.query.QueryEnhancerFactory     : Hibernate is in classpath; If applicable, HQL parser will be used.
2025-08-18T10:54:00.702+03:00  WARN 2473 --- [expense-tracker-test] [           main] JpaBaseConfiguration$JpaWebConfiguration : spring.jpa.open-in-view is enabled by default. Therefore, database queries may be performed during view rendering. Explicitly configure spring.jpa.open-in-view to disable this warning
2025-08-18T10:54:01.319+03:00  INFO 2473 --- [expense-tracker-test] [           main] o.s.b.a.h2.H2ConsoleAutoConfiguration    : H2 console available at '/h2-console'. Database available at 'jdbc:h2:mem:testdb'
2025-08-18T10:54:01.391+03:00  INFO 2473 --- [expense-tracker-test] [           main] o.s.b.t.m.w.SpringBootMockServletContext : Initializing Spring TestDispatcherServlet ''
2025-08-18T10:54:01.391+03:00  INFO 2473 --- [expense-tracker-test] [           main] o.s.t.web.servlet.TestDispatcherServlet  : Initializing Servlet ''
2025-08-18T10:54:01.392+03:00  INFO 2473 --- [expense-tracker-test] [           main] o.s.t.web.servlet.TestDispatcherServlet  : Completed initialization in 1 ms
2025-08-18T10:54:01.410+03:00  INFO 2473 --- [expense-tracker-test] [           main] c.f.e.i.ExpenseTrackerH2IntegrationTest  : Started ExpenseTrackerH2IntegrationTest in 5.869 seconds (process running for 6.989)
2025-08-18T10:54:01.414+03:00  INFO 2473 --- [expense-tracker-test] [           main] c.f.e.config.DatabaseConfig              : Initializing default categories...
2025-08-18T10:54:01.522+03:00  WARN 2473 --- [expense-tracker-test] [           main] c.f.e.config.DatabaseConfig              : Default category not found, creating 'Uncategorized' category
2025-08-18T10:54:01.590+03:00  INFO 2473 --- [expense-tracker-test] [           main] c.f.e.config.DatabaseConfig              : Created default 'Uncategorized' category
2025-08-18T10:54:01.652+03:00  INFO 2473 --- [expense-tracker-test] [           main] c.f.e.config.DatabaseConfig              : Created 23 missing essential categories
2025-08-18T10:54:01.667+03:00  INFO 2473 --- [expense-tracker-test] [           main] c.f.e.config.DatabaseConfig              : Database initialization complete. Total categories: 24
2025-08-18T10:54:02.423+03:00  INFO 2473 --- [expense-tracker-test] [           main] c.f.e.controller.AuthController          : Registration request received for email: integration@example.com
2025-08-18T10:54:02.424+03:00  INFO 2473 --- [expense-tracker-test] [           main] c.f.expensetracker.service.UserService   : Attempting to register user with email: integration@example.com
2025-08-18T10:54:02.508+03:00  INFO 2473 --- [expense-tracker-test] [           main] c.f.expensetracker.service.UserService   : User registered successfully with ID: 1
2025-08-18T10:54:02.539+03:00  INFO 2473 --- [expense-tracker-test] [           main] c.f.e.controller.AuthController          : User registered successfully: integration@example.com
2025-08-18T10:54:02.658+03:00  INFO 2473 --- [expense-tracker-test] [           main] c.f.e.controller.AuthController          : Registration request received for email: integration@example.com
2025-08-18T10:54:02.659+03:00  INFO 2473 --- [expense-tracker-test] [           main] c.f.expensetracker.service.UserService   : Attempting to register user with email: integration@example.com
2025-08-18T10:54:02.660+03:00  WARN 2473 --- [expense-tracker-test] [           main] c.f.expensetracker.service.UserService   : Registration failed - email already exists: integration@example.com
2025-08-18T10:54:02.664+03:00  WARN 2473 --- [expense-tracker-test] [           main] c.f.e.exception.GlobalExceptionHandler   : Bad request exception: Email address is already in use
2025-08-18T10:54:02.674+03:00  INFO 2473 --- [expense-tracker-test] [           main] c.f.e.controller.AuthController          : Login request received for email: integration@example.com
2025-08-18T10:54:02.674+03:00  INFO 2473 --- [expense-tracker-test] [           main] c.f.expensetracker.service.UserService   : Attempting to authenticate user with email: integration@example.com
2025-08-18T10:54:02.825+03:00  INFO 2473 --- [expense-tracker-test] [           main] c.f.expensetracker.service.UserService   : User authenticated successfully: integration@example.com
2025-08-18T10:54:02.826+03:00  INFO 2473 --- [expense-tracker-test] [           main] c.f.e.controller.AuthController          : User authenticated successfully: integration@example.com
2025-08-18T10:54:02.829+03:00  INFO 2473 --- [expense-tracker-test] [           main] c.f.e.controller.AuthController          : Login request received for email: integration@example.com
2025-08-18T10:54:02.829+03:00  INFO 2473 --- [expense-tracker-test] [           main] c.f.expensetracker.service.UserService   : Attempting to authenticate user with email: integration@example.com
2025-08-18T10:54:02.894+03:00  WARN 2473 --- [expense-tracker-test] [           main] c.f.expensetracker.service.UserService   : Authentication failed for email: integration@example.com
2025-08-18T10:54:02.895+03:00  WARN 2473 --- [expense-tracker-test] [           main] c.f.e.exception.GlobalExceptionHandler   : Authentication failed: Invalid email or password
2025-08-18T10:54:02.936+03:00  INFO 2473 --- [expense-tracker-test] [           main] c.f.e.controller.AccountController       : Creating account for user ID: 1 with name: Integration Test Account
2025-08-18T10:54:02.937+03:00  INFO 2473 --- [expense-tracker-test] [           main] c.f.e.service.AccountService             : Creating account for user ID: 1
2025-08-18T10:54:02.940+03:00  INFO 2473 --- [expense-tracker-test] [           main] c.f.e.service.AccountService             : Successfully created account with ID: 1 for user ID: 1
2025-08-18T10:54:02.956+03:00  INFO 2473 --- [expense-tracker-test] [           main] c.f.e.controller.AccountController       : Successfully created account ID: 1 for user ID: 1
2025-08-18T10:54:02.964+03:00  INFO 2473 --- [expense-tracker-test] [           main] c.f.e.controller.AccountController       : Retrieving accounts for user ID: 1
2025-08-18T10:54:02.965+03:00  INFO 2473 --- [expense-tracker-test] [           main] c.f.e.service.AccountService             : Retrieving accounts for user ID: 1
2025-08-18T10:54:02.974+03:00  INFO 2473 --- [expense-tracker-test] [           main] c.f.e.service.AccountService             : Found 1 accounts for user ID: 1
2025-08-18T10:54:02.980+03:00  INFO 2473 --- [expense-tracker-test] [           main] c.f.e.controller.AccountController       : Retrieved 1 accounts for user ID: 1
2025-08-18T10:54:03.001+03:00  INFO 2473 --- [expense-tracker-test] [           main] c.f.e.controller.AccountController       : Updating account ID: 1 for user ID: 1
2025-08-18T10:54:03.002+03:00  INFO 2473 --- [expense-tracker-test] [           main] c.f.e.service.AccountService             : Updating account ID: 1 for user ID: 1
2025-08-18T10:54:03.006+03:00  INFO 2473 --- [expense-tracker-test] [           main] c.f.e.service.AccountService             : Successfully updated account ID: 1 for user ID: 1
2025-08-18T10:54:03.018+03:00  INFO 2473 --- [expense-tracker-test] [           main] c.f.e.controller.AccountController       : Successfully updated account ID: 1 for user ID: 1
2025-08-18T10:54:03.023+03:00  INFO 2473 --- [expense-tracker-test] [           main] c.f.e.controller.AccountController       : Calculating balance for account ID: 1 for user ID: 1
2025-08-18T10:54:03.024+03:00  INFO 2473 --- [expense-tracker-test] [           main] c.f.e.service.AccountService             : Calculating balance for account ID: 1 for user ID: 1
2025-08-18T10:54:03.026+03:00  INFO 2473 --- [expense-tracker-test] [           main] c.f.e.service.AccountService             : Calculated balance for account ID: 1 is: 1500.00
2025-08-18T10:54:03.027+03:00  INFO 2473 --- [expense-tracker-test] [           main] c.f.e.controller.AccountController       : Calculated balance for account ID: 1 is: 1500.00
2025-08-18T10:54:03.038+03:00  INFO 2473 --- [expense-tracker-test] [           main] c.f.e.controller.TransactionController   : Creating transaction for user ID: 1 with amount: 3000.00 and description: 'Monthly Salary'
2025-08-18T10:54:03.044+03:00  INFO 2473 --- [expense-tracker-test] [           main] c.f.e.service.TransactionService         : Created transaction with ID 1 for user 1
2025-08-18T10:54:03.045+03:00  INFO 2473 --- [expense-tracker-test] [           main] c.f.e.controller.TransactionController   : Successfully created transaction ID: 1 for user ID: 1
2025-08-18T10:54:03.055+03:00  INFO 2473 --- [expense-tracker-test] [           main] c.f.e.controller.TransactionController   : Creating transaction for user ID: 1 with amount: 1200.00 and description: 'Rent'
2025-08-18T10:54:03.065+03:00  WARN 2473 --- [expense-tracker-test] [           main] c.f.e.exception.GlobalExceptionHandler   : Constraint violation: Validation failed for classes [com.fintech.expensetracker.entity.Transaction] during persist time for groups [jakarta.validation.groups.Default, ]
List of constraint violations:[
	ConstraintViolationImpl{interpolatedMessage='Amount must be greater than 0', propertyPath=amount, rootBeanClass=class com.fintech.expensetracker.entity.Transaction, messageTemplate='Amount must be greater than 0'}
]

MockHttpServletRequest:
      HTTP Method = POST
      Request URI = /api/v1/auth/register
       Parameters = {}
          Headers = [Content-Type:"application/json;charset=UTF-8", Content-Length:"91"]
             Body = {"email":"integration@example.com","password":"password123","name":"Integration Test User"}
    Session Attrs = {}

Handler:
             Type = com.fintech.expensetracker.controller.AuthController
           Method = com.fintech.expensetracker.controller.AuthController#registerUser(UserRegistrationRequest)

Async:
    Async started = false
     Async result = null

Resolved Exception:
             Type = null

ModelAndView:
        View name = null
             View = null
            Model = null

FlashMap:
       Attributes = null

MockHttpServletResponse:
           Status = 201
    Error message = null
          Headers = [Vary:"Origin", "Access-Control-Request-Method", "Access-Control-Request-Headers", Content-Type:"application/json", X-Content-Type-Options:"nosniff", X-XSS-Protection:"0", Cache-Control:"no-cache, no-store, max-age=0, must-revalidate", Pragma:"no-cache", Expires:"0"]
     Content type = application/json
             Body = {"token":"eyJhbGciOiJIUzUxMiJ9.eyJzdWIiOiIxIiwiaWF0IjoxNzU1NTAzNjQyLCJleHAiOjE3NTU1MDcyNDJ9.Ldhdyv16fqrVfI9Sh3CiAEXDr8zfdnYXRczm8BjkONZ8WIGOu4N3XfnmDQ-gxGn-ANzYABqps8QXZfgyXjGpzw","tokenType":"Bearer","expiresIn":86400,"user":{"id":1,"email":"integration@example.com","name":"Integration Test User","createdAt":"2025-08-18T10:54:02.505705"}}
    Forwarded URL = null
   Redirected URL = null
          Cookies = []

MockHttpServletRequest:
      HTTP Method = POST
      Request URI = /api/v1/auth/register
       Parameters = {}
          Headers = [Content-Type:"application/json;charset=UTF-8", Content-Length:"91"]
             Body = {"email":"integration@example.com","password":"password123","name":"Integration Test User"}
    Session Attrs = {}

Handler:
             Type = com.fintech.expensetracker.controller.AuthController
           Method = com.fintech.expensetracker.controller.AuthController#registerUser(UserRegistrationRequest)

Async:
    Async started = false
     Async result = null

Resolved Exception:
             Type = com.fintech.expensetracker.exception.BadRequestException

ModelAndView:
        View name = null
             View = null
            Model = null

FlashMap:
       Attributes = null

MockHttpServletResponse:
           Status = 400
    Error message = null
          Headers = [Vary:"Origin", "Access-Control-Request-Method", "Access-Control-Request-Headers", Content-Type:"application/json", X-Content-Type-Options:"nosniff", X-XSS-Protection:"0", Cache-Control:"no-cache, no-store, max-age=0, must-revalidate", Pragma:"no-cache", Expires:"0"]
     Content type = application/json
             Body = {"timestamp":"2025-08-18T10:54:02.665284","status":400,"error":"Bad Request","message":"Email address is already in use","path":"/api/v1/auth/register","details":null}
    Forwarded URL = null
   Redirected URL = null
          Cookies = []

MockHttpServletRequest:
      HTTP Method = POST
      Request URI = /api/v1/auth/login
       Parameters = {}
          Headers = [Content-Type:"application/json;charset=UTF-8", Content-Length:"60"]
             Body = {"email":"integration@example.com","password":"password123"}
    Session Attrs = {}

Handler:
             Type = com.fintech.expensetracker.controller.AuthController
           Method = com.fintech.expensetracker.controller.AuthController#authenticateUser(LoginRequest)

Async:
    Async started = false
     Async result = null

Resolved Exception:
             Type = null

ModelAndView:
        View name = null
             View = null
            Model = null

FlashMap:
       Attributes = null

MockHttpServletResponse:
           Status = 200
    Error message = null
          Headers = [Vary:"Origin", "Access-Control-Request-Method", "Access-Control-Request-Headers", Content-Type:"application/json", X-Content-Type-Options:"nosniff", X-XSS-Protection:"0", Cache-Control:"no-cache, no-store, max-age=0, must-revalidate", Pragma:"no-cache", Expires:"0"]
     Content type = application/json
             Body = {"token":"eyJhbGciOiJIUzUxMiJ9.eyJzdWIiOiIxIiwiaWF0IjoxNzU1NTAzNjQyLCJleHAiOjE3NTU1MDcyNDJ9.Ldhdyv16fqrVfI9Sh3CiAEXDr8zfdnYXRczm8BjkONZ8WIGOu4N3XfnmDQ-gxGn-ANzYABqps8QXZfgyXjGpzw","tokenType":"Bearer","expiresIn":86400,"user":{"id":1,"email":"integration@example.com","name":"Integration Test User","createdAt":"2025-08-18T10:54:02.505705"}}
    Forwarded URL = null
   Redirected URL = null
          Cookies = []

MockHttpServletRequest:
      HTTP Method = POST
      Request URI = /api/v1/auth/login
       Parameters = {}
          Headers = [Content-Type:"application/json;charset=UTF-8", Content-Length:"62"]
             Body = {"email":"integration@example.com","password":"wrongpassword"}
    Session Attrs = {}

Handler:
             Type = com.fintech.expensetracker.controller.AuthController
           Method = com.fintech.expensetracker.controller.AuthController#authenticateUser(LoginRequest)

Async:
    Async started = false
     Async result = null

Resolved Exception:
             Type = org.springframework.security.authentication.BadCredentialsException

ModelAndView:
        View name = null
             View = null
            Model = null

FlashMap:
       Attributes = null

MockHttpServletResponse:
           Status = 401
    Error message = null
          Headers = [Vary:"Origin", "Access-Control-Request-Method", "Access-Control-Request-Headers", Content-Type:"application/json", X-Content-Type-Options:"nosniff", X-XSS-Protection:"0", Cache-Control:"no-cache, no-store, max-age=0, must-revalidate", Pragma:"no-cache", Expires:"0"]
     Content type = application/json
             Body = {"timestamp":"2025-08-18T10:54:02.896012","status":401,"error":"Authentication Failed","message":"Invalid credentials provided","path":"/api/v1/auth/login","details":null}
    Forwarded URL = null
   Redirected URL = null
          Cookies = []

MockHttpServletRequest:
      HTTP Method = GET
      Request URI = /api/v1/accounts
       Parameters = {}
          Headers = []
             Body = null
    Session Attrs = {}

Handler:
             Type = null

Async:
    Async started = false
     Async result = null

Resolved Exception:
             Type = null

ModelAndView:
        View name = null
             View = null
            Model = null

FlashMap:
       Attributes = null

MockHttpServletResponse:
           Status = 403
    Error message = Access Denied
          Headers = [Vary:"Origin", "Access-Control-Request-Method", "Access-Control-Request-Headers", X-Content-Type-Options:"nosniff", X-XSS-Protection:"0", Cache-Control:"no-cache, no-store, max-age=0, must-revalidate", Pragma:"no-cache", Expires:"0"]
     Content type = null
             Body = 
    Forwarded URL = null
   Redirected URL = null
          Cookies = []

MockHttpServletRequest:
      HTTP Method = POST
      Request URI = /api/v1/accounts
       Parameters = {}
          Headers = [Content-Type:"application/json;charset=UTF-8", Authorization:"Bearer eyJhbGciOiJIUzUxMiJ9.eyJzdWIiOiIxIiwiaWF0IjoxNzU1NTAzNjQyLCJleHAiOjE3NTU1MDcyNDJ9.Ldhdyv16fqrVfI9Sh3CiAEXDr8zfdnYXRczm8BjkONZ8WIGOu4N3XfnmDQ-gxGn-ANzYABqps8QXZfgyXjGpzw", Content-Length:"78"]
             Body = {"name":"Integration Test Account","type":"CHECKING","initialBalance":1500.00}
    Session Attrs = {}

Handler:
             Type = com.fintech.expensetracker.controller.AccountController
           Method = com.fintech.expensetracker.controller.AccountController#createAccount(CreateAccountRequest, UserPrincipal)

Async:
    Async started = false
     Async result = null

Resolved Exception:
             Type = null

ModelAndView:
        View name = null
             View = null
            Model = null

FlashMap:
       Attributes = null

MockHttpServletResponse:
           Status = 201
    Error message = null
          Headers = [Vary:"Origin", "Access-Control-Request-Method", "Access-Control-Request-Headers", Content-Type:"application/json", X-Content-Type-Options:"nosniff", X-XSS-Protection:"0", Cache-Control:"no-cache, no-store, max-age=0, must-revalidate", Pragma:"no-cache", Expires:"0"]
     Content type = application/json
             Body = {"id":1,"name":"Integration Test Account","type":"CHECKING","initialBalance":1500.00,"currentBalance":1500.00,"createdAt":"2025-08-18T10:54:02.939027","updatedAt":"2025-08-18T10:54:02.939046"}
    Forwarded URL = null
   Redirected URL = null
          Cookies = []

MockHttpServletRequest:
      HTTP Method = GET
      Request URI = /api/v1/accounts
       Parameters = {}
          Headers = [Authorization:"Bearer eyJhbGciOiJIUzUxMiJ9.eyJzdWIiOiIxIiwiaWF0IjoxNzU1NTAzNjQyLCJleHAiOjE3NTU1MDcyNDJ9.Ldhdyv16fqrVfI9Sh3CiAEXDr8zfdnYXRczm8BjkONZ8WIGOu4N3XfnmDQ-gxGn-ANzYABqps8QXZfgyXjGpzw"]
             Body = null
    Session Attrs = {}

Handler:
             Type = com.fintech.expensetracker.controller.AccountController
           Method = com.fintech.expensetracker.controller.AccountController#getUserAccounts(UserPrincipal)

Async:
    Async started = false
     Async result = null

Resolved Exception:
             Type = null

ModelAndView:
        View name = null
             View = null
            Model = null

FlashMap:
       Attributes = null

MockHttpServletResponse:
           Status = 200
    Error message = null
          Headers = [Vary:"Origin", "Access-Control-Request-Method", "Access-Control-Request-Headers", Content-Type:"application/json", X-Content-Type-Options:"nosniff", X-XSS-Protection:"0", Cache-Control:"no-cache, no-store, max-age=0, must-revalidate", Pragma:"no-cache", Expires:"0"]
     Content type = application/json
             Body = [{"id":1,"name":"Integration Test Account","type":"CHECKING","initialBalance":1500.00,"currentBalance":1500.00,"createdAt":"2025-08-18T10:54:02.939027","updatedAt":"2025-08-18T10:54:02.939046"}]
    Forwarded URL = null
   Redirected URL = null
          Cookies = []

MockHttpServletRequest:
      HTTP Method = PUT
      Request URI = /api/v1/accounts/1
       Parameters = {}
          Headers = [Content-Type:"application/json;charset=UTF-8", Authorization:"Bearer eyJhbGciOiJIUzUxMiJ9.eyJzdWIiOiIxIiwiaWF0IjoxNzU1NTAzNjQyLCJleHAiOjE3NTU1MDcyNDJ9.Ldhdyv16fqrVfI9Sh3CiAEXDr8zfdnYXRczm8BjkONZ8WIGOu4N3XfnmDQ-gxGn-ANzYABqps8QXZfgyXjGpzw", Content-Length:"72"]
             Body = {"name":"Updated Integration Account","type":null,"initialBalance":null}
    Session Attrs = {}

Handler:
             Type = com.fintech.expensetracker.controller.AccountController
           Method = com.fintech.expensetracker.controller.AccountController#updateAccount(Long, UpdateAccountRequest, UserPrincipal)

Async:
    Async started = false
     Async result = null

Resolved Exception:
             Type = null

ModelAndView:
        View name = null
             View = null
            Model = null

FlashMap:
       Attributes = null

MockHttpServletResponse:
           Status = 200
    Error message = null
          Headers = [Vary:"Origin", "Access-Control-Request-Method", "Access-Control-Request-Headers", Content-Type:"application/json", X-Content-Type-Options:"nosniff", X-XSS-Protection:"0", Cache-Control:"no-cache, no-store, max-age=0, must-revalidate", Pragma:"no-cache", Expires:"0"]
     Content type = application/json
             Body = {"id":1,"name":"Updated Integration Account","type":"CHECKING","initialBalance":1500.00,"currentBalance":1500.00,"createdAt":"2025-08-18T10:54:02.939027","updatedAt":"2025-08-18T10:54:03.009338"}
    Forwarded URL = null
   Redirected URL = null
          Cookies = []

MockHttpServletRequest:
      HTTP Method = GET
      Request URI = /api/v1/accounts/1/balance
       Parameters = {}
          Headers = [Authorization:"Bearer eyJhbGciOiJIUzUxMiJ9.eyJzdWIiOiIxIiwiaWF0IjoxNzU1NTAzNjQyLCJleHAiOjE3NTU1MDcyNDJ9.Ldhdyv16fqrVfI9Sh3CiAEXDr8zfdnYXRczm8BjkONZ8WIGOu4N3XfnmDQ-gxGn-ANzYABqps8QXZfgyXjGpzw"]
             Body = null
    Session Attrs = {}

Handler:
             Type = com.fintech.expensetracker.controller.AccountController
           Method = com.fintech.expensetracker.controller.AccountController#getAccountBalance(Long, UserPrincipal)

Async:
    Async started = false
     Async result = null

Resolved Exception:
             Type = null

ModelAndView:
        View name = null
             View = null
            Model = null

FlashMap:
       Attributes = null

MockHttpServletResponse:
           Status = 200
    Error message = null
          Headers = [Vary:"Origin", "Access-Control-Request-Method", "Access-Control-Request-Headers", Content-Type:"application/json", X-Content-Type-Options:"nosniff", X-XSS-Protection:"0", Cache-Control:"no-cache, no-store, max-age=0, must-revalidate", Pragma:"no-cache", Expires:"0"]
     Content type = application/json
             Body = {"accountId":1,"balance":1500.00}
    Forwarded URL = null
   Redirected URL = null
          Cookies = []

MockHttpServletRequest:
      HTTP Method = POST
      Request URI = /api/v1/transactions
       Parameters = {}
          Headers = [Content-Type:"application/json;charset=UTF-8", Authorization:"Bearer eyJhbGciOiJIUzUxMiJ9.eyJzdWIiOiIxIiwiaWF0IjoxNzU1NTAzNjQyLCJleHAiOjE3NTU1MDcyNDJ9.Ldhdyv16fqrVfI9Sh3CiAEXDr8zfdnYXRczm8BjkONZ8WIGOu4N3XfnmDQ-gxGn-ANzYABqps8QXZfgyXjGpzw", Content-Length:"128"]
             Body = {"amount":3000.00,"description":"Monthly Salary","transactionDate":"2025-08-18","accountId":1,"categoryId":null,"type":"INCOME"}
    Session Attrs = {}

Handler:
             Type = com.fintech.expensetracker.controller.TransactionController
           Method = com.fintech.expensetracker.controller.TransactionController#createTransaction(CreateTransactionRequest, UserPrincipal)

Async:
    Async started = false
     Async result = null

Resolved Exception:
             Type = null

ModelAndView:
        View name = null
             View = null
            Model = null

FlashMap:
       Attributes = null

MockHttpServletResponse:
           Status = 201
    Error message = null
          Headers = [Vary:"Origin", "Access-Control-Request-Method", "Access-Control-Request-Headers", Content-Type:"application/json", X-Content-Type-Options:"nosniff", X-XSS-Protection:"0", Cache-Control:"no-cache, no-store, max-age=0, must-revalidate", Pragma:"no-cache", Expires:"0"]
     Content type = application/json
             Body = {"id":1,"amount":3000.00,"description":"Monthly Salary","transactionDate":"2025-08-18","account":{"id":1,"name":"Updated Integration Account","type":"CHECKING","initialBalance":null,"currentBalance":null,"createdAt":null,"updatedAt":null},"category":{"id":1,"name":"Uncategorized","description":"Default category for transactions without a specific category","default":true},"type":"INCOME","createdAt":"2025-08-18T10:54:03.04322","updatedAt":"2025-08-18T10:54:03.043241"}
    Forwarded URL = null
   Redirected URL = null
          Cookies = []

MockHttpServletRequest:
      HTTP Method = POST
      Request URI = /api/v1/transactions
       Parameters = {}
          Headers = [Content-Type:"application/json;charset=UTF-8", Authorization:"Bearer eyJhbGciOiJIUzUxMiJ9.eyJzdWIiOiIxIiwiaWF0IjoxNzU1NTAzNjQyLCJleHAiOjE3NTU1MDcyNDJ9.Ldhdyv16fqrVfI9Sh3CiAEXDr8zfdnYXRczm8BjkONZ8WIGOu4N3XfnmDQ-gxGn-ANzYABqps8QXZfgyXjGpzw", Content-Length:"119"]
             Body = {"amount":1200.00,"description":"Rent","transactionDate":"2025-08-17","accountId":1,"categoryId":null,"type":"EXPENSE"}
    Session Attrs = {}

Handler:
             Type = com.fintech.expensetracker.controller.TransactionController
           Method = com.fintech.expensetracker.controller.TransactionController#createTransaction(CreateTransactionRequest, UserPrincipal)

Async:
    Async started = false
     Async result = null

Resolved Exception:
             Type = jakarta.validation.ConstraintViolationException

ModelAndView:
        View name = null
             View = null
            Model = null

FlashMap:
       Attributes = null

MockHttpServletResponse:
           Status = 400
    Error message = null
          Headers = [Vary:"Origin", "Access-Control-Request-Method", "Access-Control-Request-Headers", Content-Type:"application/json", X-Content-Type-Options:"nosniff", X-XSS-Protection:"0", Cache-Control:"no-cache, no-store, max-age=0, must-revalidate", Pragma:"no-cache", Expires:"0"]
     Content type = application/json
             Body = {"timestamp":"2025-08-18T10:54:03.066334","status":400,"error":"Validation Error","message":"Constraint validation failed","path":"/api/v1/transactions","details":{"amount":"Amount must be greater than 0"}}
    Forwarded URL = null
   Redirected URL = null
          Cookies = []
]]></system-out>
    <system-err><![CDATA[WARNING: A Java agent has been loaded dynamically (/Users/bahadirbozoglu/.m2/repository/net/bytebuddy/byte-buddy-agent/1.14.10/byte-buddy-agent-1.14.10.jar)
WARNING: If a serviceability tool is in use, please run with -XX:+EnableDynamicAgentLoading to hide this warning
WARNING: If a serviceability tool is not in use, please run with -Djdk.instrument.traceUsage for more information
WARNING: Dynamic loading of agents will be disallowed by default in a future release
]]></system-err>
  </testcase>
</testsuite>