<?xml version="1.0" encoding="UTF-8"?>
<testsuite xmlns:xsi="http://www.w3.org/2001/XMLSchema-instance" xsi:noNamespaceSchemaLocation="https://maven.apache.org/surefire/maven-surefire-plugin/xsd/surefire-test-report-3.0.xsd" version="3.0" name="com.fintech.expensetracker.config.DatabaseConfigTest" time="8.072" tests="5" errors="0" skipped="0" failures="0">
  <properties>
    <property name="java.specification.version" value="21"/>
    <property name="sun.jnu.encoding" value="UTF-8"/>
    <property name="java.class.path" value="/Users/bahadirbozoglu/Projects/Test/kiro-test/target/test-classes:/Users/bahadirbozoglu/Projects/Test/kiro-test/target/classes:/Users/bahadirbozoglu/.m2/repository/org/springframework/boot/spring-boot-starter-web/3.2.1/spring-boot-starter-web-3.2.1.jar:/Users/bahadirbozoglu/.m2/repository/org/springframework/boot/spring-boot-starter/3.2.1/spring-boot-starter-3.2.1.jar:/Users/bahadirbozoglu/.m2/repository/org/springframework/boot/spring-boot/3.2.1/spring-boot-3.2.1.jar:/Users/bahadirbozoglu/.m2/repository/org/springframework/boot/spring-boot-autoconfigure/3.2.1/spring-boot-autoconfigure-3.2.1.jar:/Users/bahadirbozoglu/.m2/repository/org/springframework/boot/spring-boot-starter-logging/3.2.1/spring-boot-starter-logging-3.2.1.jar:/Users/bahadirbozoglu/.m2/repository/ch/qos/logback/logback-classic/1.4.14/logback-classic-1.4.14.jar:/Users/bahadirbozoglu/.m2/repository/ch/qos/logback/logback-core/1.4.14/logback-core-1.4.14.jar:/Users/bahadirbozoglu/.m2/repository/org/apache/logging/log4j/log4j-to-slf4j/2.21.1/log4j-to-slf4j-2.21.1.jar:/Users/bahadirbozoglu/.m2/repository/org/apache/logging/log4j/log4j-api/2.21.1/log4j-api-2.21.1.jar:/Users/bahadirbozoglu/.m2/repository/org/slf4j/jul-to-slf4j/2.0.9/jul-to-slf4j-2.0.9.jar:/Users/bahadirbozoglu/.m2/repository/jakarta/annotation/jakarta.annotation-api/2.1.1/jakarta.annotation-api-2.1.1.jar:/Users/bahadirbozoglu/.m2/repository/org/yaml/snakeyaml/2.2/snakeyaml-2.2.jar:/Users/bahadirbozoglu/.m2/repository/org/springframework/boot/spring-boot-starter-json/3.2.1/spring-boot-starter-json-3.2.1.jar:/Users/bahadirbozoglu/.m2/repository/com/fasterxml/jackson/datatype/jackson-datatype-jdk8/2.15.3/jackson-datatype-jdk8-2.15.3.jar:/Users/bahadirbozoglu/.m2/repository/com/fasterxml/jackson/datatype/jackson-datatype-jsr310/2.15.3/jackson-datatype-jsr310-2.15.3.jar:/Users/bahadirbozoglu/.m2/repository/com/fasterxml/jackson/module/jackson-module-parameter-names/2.15.3/jackson-module-parameter-names-2.15.3.jar:/Users/bahadirbozoglu/.m2/repository/org/springframework/boot/spring-boot-starter-tomcat/3.2.1/spring-boot-starter-tomcat-3.2.1.jar:/Users/bahadirbozoglu/.m2/repository/org/apache/tomcat/embed/tomcat-embed-core/10.1.17/tomcat-embed-core-10.1.17.jar:/Users/bahadirbozoglu/.m2/repository/org/apache/tomcat/embed/tomcat-embed-websocket/10.1.17/tomcat-embed-websocket-10.1.17.jar:/Users/bahadirbozoglu/.m2/repository/org/springframework/spring-web/6.1.2/spring-web-6.1.2.jar:/Users/bahadirbozoglu/.m2/repository/org/springframework/spring-beans/6.1.2/spring-beans-6.1.2.jar:/Users/bahadirbozoglu/.m2/repository/io/micrometer/micrometer-observation/1.12.1/micrometer-observation-1.12.1.jar:/Users/bahadirbozoglu/.m2/repository/io/micrometer/micrometer-commons/1.12.1/micrometer-commons-1.12.1.jar:/Users/bahadirbozoglu/.m2/repository/org/springframework/spring-webmvc/6.1.2/spring-webmvc-6.1.2.jar:/Users/bahadirbozoglu/.m2/repository/org/springframework/spring-context/6.1.2/spring-context-6.1.2.jar:/Users/bahadirbozoglu/.m2/repository/org/springframework/spring-expression/6.1.2/spring-expression-6.1.2.jar:/Users/bahadirbozoglu/.m2/repository/org/springframework/boot/spring-boot-starter-data-jpa/3.2.1/spring-boot-starter-data-jpa-3.2.1.jar:/Users/bahadirbozoglu/.m2/repository/org/springframework/boot/spring-boot-starter-aop/3.2.1/spring-boot-starter-aop-3.2.1.jar:/Users/bahadirbozoglu/.m2/repository/org/aspectj/aspectjweaver/1.9.21/aspectjweaver-1.9.21.jar:/Users/bahadirbozoglu/.m2/repository/org/springframework/boot/spring-boot-starter-jdbc/3.2.1/spring-boot-starter-jdbc-3.2.1.jar:/Users/bahadirbozoglu/.m2/repository/com/zaxxer/HikariCP/5.0.1/HikariCP-5.0.1.jar:/Users/bahadirbozoglu/.m2/repository/org/springframework/spring-jdbc/6.1.2/spring-jdbc-6.1.2.jar:/Users/bahadirbozoglu/.m2/repository/org/hibernate/orm/hibernate-core/6.4.1.Final/hibernate-core-6.4.1.Final.jar:/Users/bahadirbozoglu/.m2/repository/jakarta/persistence/jakarta.persistence-api/3.1.0/jakarta.persistence-api-3.1.0.jar:/Users/bahadirbozoglu/.m2/repository/jakarta/transaction/jakarta.transaction-api/2.0.1/jakarta.transaction-api-2.0.1.jar:/Users/bahadirbozoglu/.m2/repository/org/jboss/logging/jboss-logging/3.5.3.Final/jboss-logging-3.5.3.Final.jar:/Users/bahadirbozoglu/.m2/repository/org/hibernate/common/hibernate-commons-annotations/6.0.6.Final/hibernate-commons-annotations-6.0.6.Final.jar:/Users/bahadirbozoglu/.m2/repository/io/smallrye/jandex/3.1.2/jandex-3.1.2.jar:/Users/bahadirbozoglu/.m2/repository/com/fasterxml/classmate/1.6.0/classmate-1.6.0.jar:/Users/bahadirbozoglu/.m2/repository/net/bytebuddy/byte-buddy/1.14.10/byte-buddy-1.14.10.jar:/Users/bahadirbozoglu/.m2/repository/org/glassfish/jaxb/jaxb-runtime/4.0.4/jaxb-runtime-4.0.4.jar:/Users/bahadirbozoglu/.m2/repository/org/glassfish/jaxb/jaxb-core/4.0.4/jaxb-core-4.0.4.jar:/Users/bahadirbozoglu/.m2/repository/org/eclipse/angus/angus-activation/2.0.1/angus-activation-2.0.1.jar:/Users/bahadirbozoglu/.m2/repository/org/glassfish/jaxb/txw2/4.0.4/txw2-4.0.4.jar:/Users/bahadirbozoglu/.m2/repository/com/sun/istack/istack-commons-runtime/4.1.2/istack-commons-runtime-4.1.2.jar:/Users/bahadirbozoglu/.m2/repository/jakarta/inject/jakarta.inject-api/2.0.1/jakarta.inject-api-2.0.1.jar:/Users/bahadirbozoglu/.m2/repository/org/antlr/antlr4-runtime/4.13.0/antlr4-runtime-4.13.0.jar:/Users/bahadirbozoglu/.m2/repository/org/springframework/data/spring-data-jpa/3.2.1/spring-data-jpa-3.2.1.jar:/Users/bahadirbozoglu/.m2/repository/org/springframework/data/spring-data-commons/3.2.1/spring-data-commons-3.2.1.jar:/Users/bahadirbozoglu/.m2/repository/org/springframework/spring-orm/6.1.2/spring-orm-6.1.2.jar:/Users/bahadirbozoglu/.m2/repository/org/springframework/spring-tx/6.1.2/spring-tx-6.1.2.jar:/Users/bahadirbozoglu/.m2/repository/org/slf4j/slf4j-api/2.0.9/slf4j-api-2.0.9.jar:/Users/bahadirbozoglu/.m2/repository/org/springframework/spring-aspects/6.1.2/spring-aspects-6.1.2.jar:/Users/bahadirbozoglu/.m2/repository/org/springframework/boot/spring-boot-starter-security/3.2.1/spring-boot-starter-security-3.2.1.jar:/Users/bahadirbozoglu/.m2/repository/org/springframework/spring-aop/6.1.2/spring-aop-6.1.2.jar:/Users/bahadirbozoglu/.m2/repository/org/springframework/security/spring-security-config/6.2.1/spring-security-config-6.2.1.jar:/Users/bahadirbozoglu/.m2/repository/org/springframework/security/spring-security-web/6.2.1/spring-security-web-6.2.1.jar:/Users/bahadirbozoglu/.m2/repository/org/springframework/boot/spring-boot-starter-validation/3.2.1/spring-boot-starter-validation-3.2.1.jar:/Users/bahadirbozoglu/.m2/repository/org/apache/tomcat/embed/tomcat-embed-el/10.1.17/tomcat-embed-el-10.1.17.jar:/Users/bahadirbozoglu/.m2/repository/org/hibernate/validator/hibernate-validator/8.0.1.Final/hibernate-validator-8.0.1.Final.jar:/Users/bahadirbozoglu/.m2/repository/jakarta/validation/jakarta.validation-api/3.0.2/jakarta.validation-api-3.0.2.jar:/Users/bahadirbozoglu/.m2/repository/com/h2database/h2/2.2.224/h2-2.2.224.jar:/Users/bahadirbozoglu/.m2/repository/io/jsonwebtoken/jjwt-api/0.11.5/jjwt-api-0.11.5.jar:/Users/bahadirbozoglu/.m2/repository/io/jsonwebtoken/jjwt-impl/0.11.5/jjwt-impl-0.11.5.jar:/Users/bahadirbozoglu/.m2/repository/io/jsonwebtoken/jjwt-jackson/0.11.5/jjwt-jackson-0.11.5.jar:/Users/bahadirbozoglu/.m2/repository/com/fasterxml/jackson/core/jackson-databind/2.15.3/jackson-databind-2.15.3.jar:/Users/bahadirbozoglu/.m2/repository/com/fasterxml/jackson/core/jackson-annotations/2.15.3/jackson-annotations-2.15.3.jar:/Users/bahadirbozoglu/.m2/repository/com/fasterxml/jackson/core/jackson-core/2.15.3/jackson-core-2.15.3.jar:/Users/bahadirbozoglu/.m2/repository/org/springframework/boot/spring-boot-starter-test/3.2.1/spring-boot-starter-test-3.2.1.jar:/Users/bahadirbozoglu/.m2/repository/org/springframework/boot/spring-boot-test/3.2.1/spring-boot-test-3.2.1.jar:/Users/bahadirbozoglu/.m2/repository/org/springframework/boot/spring-boot-test-autoconfigure/3.2.1/spring-boot-test-autoconfigure-3.2.1.jar:/Users/bahadirbozoglu/.m2/repository/com/jayway/jsonpath/json-path/2.8.0/json-path-2.8.0.jar:/Users/bahadirbozoglu/.m2/repository/jakarta/xml/bind/jakarta.xml.bind-api/4.0.1/jakarta.xml.bind-api-4.0.1.jar:/Users/bahadirbozoglu/.m2/repository/jakarta/activation/jakarta.activation-api/2.1.2/jakarta.activation-api-2.1.2.jar:/Users/bahadirbozoglu/.m2/repository/net/minidev/json-smart/2.5.0/json-smart-2.5.0.jar:/Users/bahadirbozoglu/.m2/repository/net/minidev/accessors-smart/2.5.0/accessors-smart-2.5.0.jar:/Users/bahadirbozoglu/.m2/repository/org/ow2/asm/asm/9.3/asm-9.3.jar:/Users/bahadirbozoglu/.m2/repository/org/assertj/assertj-core/3.24.2/assertj-core-3.24.2.jar:/Users/bahadirbozoglu/.m2/repository/org/awaitility/awaitility/4.2.0/awaitility-4.2.0.jar:/Users/bahadirbozoglu/.m2/repository/org/hamcrest/hamcrest/2.2/hamcrest-2.2.jar:/Users/bahadirbozoglu/.m2/repository/org/junit/jupiter/junit-jupiter/5.10.1/junit-jupiter-5.10.1.jar:/Users/bahadirbozoglu/.m2/repository/org/junit/jupiter/junit-jupiter-api/5.10.1/junit-jupiter-api-5.10.1.jar:/Users/bahadirbozoglu/.m2/repository/org/opentest4j/opentest4j/1.3.0/opentest4j-1.3.0.jar:/Users/bahadirbozoglu/.m2/repository/org/junit/platform/junit-platform-commons/1.10.1/junit-platform-commons-1.10.1.jar:/Users/bahadirbozoglu/.m2/repository/org/apiguardian/apiguardian-api/1.1.2/apiguardian-api-1.1.2.jar:/Users/bahadirbozoglu/.m2/repository/org/junit/jupiter/junit-jupiter-params/5.10.1/junit-jupiter-params-5.10.1.jar:/Users/bahadirbozoglu/.m2/repository/org/junit/jupiter/junit-jupiter-engine/5.10.1/junit-jupiter-engine-5.10.1.jar:/Users/bahadirbozoglu/.m2/repository/org/junit/platform/junit-platform-engine/1.10.1/junit-platform-engine-1.10.1.jar:/Users/bahadirbozoglu/.m2/repository/org/mockito/mockito-core/5.7.0/mockito-core-5.7.0.jar:/Users/bahadirbozoglu/.m2/repository/net/bytebuddy/byte-buddy-agent/1.14.10/byte-buddy-agent-1.14.10.jar:/Users/bahadirbozoglu/.m2/repository/org/objenesis/objenesis/3.3/objenesis-3.3.jar:/Users/bahadirbozoglu/.m2/repository/org/mockito/mockito-junit-jupiter/5.7.0/mockito-junit-jupiter-5.7.0.jar:/Users/bahadirbozoglu/.m2/repository/org/skyscreamer/jsonassert/1.5.1/jsonassert-1.5.1.jar:/Users/bahadirbozoglu/.m2/repository/com/vaadin/external/google/android-json/0.0.20131108.vaadin1/android-json-0.0.20131108.vaadin1.jar:/Users/bahadirbozoglu/.m2/repository/org/springframework/spring-core/6.1.2/spring-core-6.1.2.jar:/Users/bahadirbozoglu/.m2/repository/org/springframework/spring-jcl/6.1.2/spring-jcl-6.1.2.jar:/Users/bahadirbozoglu/.m2/repository/org/springframework/spring-test/6.1.2/spring-test-6.1.2.jar:/Users/bahadirbozoglu/.m2/repository/org/xmlunit/xmlunit-core/2.9.1/xmlunit-core-2.9.1.jar:/Users/bahadirbozoglu/.m2/repository/org/springframework/security/spring-security-test/6.2.1/spring-security-test-6.2.1.jar:/Users/bahadirbozoglu/.m2/repository/org/springframework/security/spring-security-core/6.2.1/spring-security-core-6.2.1.jar:/Users/bahadirbozoglu/.m2/repository/org/springframework/security/spring-security-crypto/6.2.1/spring-security-crypto-6.2.1.jar:/Users/bahadirbozoglu/.m2/repository/org/testcontainers/junit-jupiter/1.19.3/junit-jupiter-1.19.3.jar:/Users/bahadirbozoglu/.m2/repository/org/testcontainers/testcontainers/1.19.3/testcontainers-1.19.3.jar:/Users/bahadirbozoglu/.m2/repository/junit/junit/4.13.2/junit-4.13.2.jar:/Users/bahadirbozoglu/.m2/repository/org/hamcrest/hamcrest-core/2.2/hamcrest-core-2.2.jar:/Users/bahadirbozoglu/.m2/repository/org/apache/commons/commons-compress/1.24.0/commons-compress-1.24.0.jar:/Users/bahadirbozoglu/.m2/repository/org/rnorth/duct-tape/duct-tape/1.0.8/duct-tape-1.0.8.jar:/Users/bahadirbozoglu/.m2/repository/org/jetbrains/annotations/17.0.0/annotations-17.0.0.jar:/Users/bahadirbozoglu/.m2/repository/com/github/docker-java/docker-java-api/3.3.4/docker-java-api-3.3.4.jar:/Users/bahadirbozoglu/.m2/repository/com/github/docker-java/docker-java-transport-zerodep/3.3.4/docker-java-transport-zerodep-3.3.4.jar:/Users/bahadirbozoglu/.m2/repository/com/github/docker-java/docker-java-transport/3.3.4/docker-java-transport-3.3.4.jar:/Users/bahadirbozoglu/.m2/repository/net/java/dev/jna/jna/5.13.0/jna-5.13.0.jar:/Users/bahadirbozoglu/.m2/repository/org/testcontainers/postgresql/1.19.3/postgresql-1.19.3.jar:/Users/bahadirbozoglu/.m2/repository/org/testcontainers/jdbc/1.19.3/jdbc-1.19.3.jar:/Users/bahadirbozoglu/.m2/repository/org/testcontainers/database-commons/1.19.3/database-commons-1.19.3.jar:"/>
    <property name="java.vm.vendor" value="Homebrew"/>
    <property name="sun.arch.data.model" value="64"/>
    <property name="java.vendor.url" value="https://github.com/Homebrew/homebrew-core/issues"/>
    <property name="user.timezone" value="Europe/Istanbul"/>
    <property name="org.jboss.logging.provider" value="slf4j"/>
    <property name="os.name" value="Mac OS X"/>
    <property name="java.vm.specification.version" value="21"/>
    <property name="sun.java.launcher" value="SUN_STANDARD"/>
    <property name="user.country" value="US"/>
    <property name="sun.boot.library.path" value="/usr/local/Cellar/openjdk@21/21.0.8/libexec/openjdk.jdk/Contents/Home/lib"/>
    <property name="sun.java.command" value="/Users/bahadirbozoglu/Projects/Test/kiro-test/target/surefire/surefirebooter-20250816121708627_3.jar /Users/bahadirbozoglu/Projects/Test/kiro-test/target/surefire 2025-08-16T12-17-08_536-jvmRun1 surefire-20250816121708627_1tmp surefire_0-20250816121708627_2tmp"/>
    <property name="http.nonProxyHosts" value="local|*.local|169.254/16|*.169.254/16"/>
    <property name="jdk.debug" value="release"/>
    <property name="test" value="DatabaseConfigTest"/>
    <property name="surefire.test.class.path" value="/Users/bahadirbozoglu/Projects/Test/kiro-test/target/test-classes:/Users/bahadirbozoglu/Projects/Test/kiro-test/target/classes:/Users/bahadirbozoglu/.m2/repository/org/springframework/boot/spring-boot-starter-web/3.2.1/spring-boot-starter-web-3.2.1.jar:/Users/bahadirbozoglu/.m2/repository/org/springframework/boot/spring-boot-starter/3.2.1/spring-boot-starter-3.2.1.jar:/Users/bahadirbozoglu/.m2/repository/org/springframework/boot/spring-boot/3.2.1/spring-boot-3.2.1.jar:/Users/bahadirbozoglu/.m2/repository/org/springframework/boot/spring-boot-autoconfigure/3.2.1/spring-boot-autoconfigure-3.2.1.jar:/Users/bahadirbozoglu/.m2/repository/org/springframework/boot/spring-boot-starter-logging/3.2.1/spring-boot-starter-logging-3.2.1.jar:/Users/bahadirbozoglu/.m2/repository/ch/qos/logback/logback-classic/1.4.14/logback-classic-1.4.14.jar:/Users/bahadirbozoglu/.m2/repository/ch/qos/logback/logback-core/1.4.14/logback-core-1.4.14.jar:/Users/bahadirbozoglu/.m2/repository/org/apache/logging/log4j/log4j-to-slf4j/2.21.1/log4j-to-slf4j-2.21.1.jar:/Users/bahadirbozoglu/.m2/repository/org/apache/logging/log4j/log4j-api/2.21.1/log4j-api-2.21.1.jar:/Users/bahadirbozoglu/.m2/repository/org/slf4j/jul-to-slf4j/2.0.9/jul-to-slf4j-2.0.9.jar:/Users/bahadirbozoglu/.m2/repository/jakarta/annotation/jakarta.annotation-api/2.1.1/jakarta.annotation-api-2.1.1.jar:/Users/bahadirbozoglu/.m2/repository/org/yaml/snakeyaml/2.2/snakeyaml-2.2.jar:/Users/bahadirbozoglu/.m2/repository/org/springframework/boot/spring-boot-starter-json/3.2.1/spring-boot-starter-json-3.2.1.jar:/Users/bahadirbozoglu/.m2/repository/com/fasterxml/jackson/datatype/jackson-datatype-jdk8/2.15.3/jackson-datatype-jdk8-2.15.3.jar:/Users/bahadirbozoglu/.m2/repository/com/fasterxml/jackson/datatype/jackson-datatype-jsr310/2.15.3/jackson-datatype-jsr310-2.15.3.jar:/Users/bahadirbozoglu/.m2/repository/com/fasterxml/jackson/module/jackson-module-parameter-names/2.15.3/jackson-module-parameter-names-2.15.3.jar:/Users/bahadirbozoglu/.m2/repository/org/springframework/boot/spring-boot-starter-tomcat/3.2.1/spring-boot-starter-tomcat-3.2.1.jar:/Users/bahadirbozoglu/.m2/repository/org/apache/tomcat/embed/tomcat-embed-core/10.1.17/tomcat-embed-core-10.1.17.jar:/Users/bahadirbozoglu/.m2/repository/org/apache/tomcat/embed/tomcat-embed-websocket/10.1.17/tomcat-embed-websocket-10.1.17.jar:/Users/bahadirbozoglu/.m2/repository/org/springframework/spring-web/6.1.2/spring-web-6.1.2.jar:/Users/bahadirbozoglu/.m2/repository/org/springframework/spring-beans/6.1.2/spring-beans-6.1.2.jar:/Users/bahadirbozoglu/.m2/repository/io/micrometer/micrometer-observation/1.12.1/micrometer-observation-1.12.1.jar:/Users/bahadirbozoglu/.m2/repository/io/micrometer/micrometer-commons/1.12.1/micrometer-commons-1.12.1.jar:/Users/bahadirbozoglu/.m2/repository/org/springframework/spring-webmvc/6.1.2/spring-webmvc-6.1.2.jar:/Users/bahadirbozoglu/.m2/repository/org/springframework/spring-context/6.1.2/spring-context-6.1.2.jar:/Users/bahadirbozoglu/.m2/repository/org/springframework/spring-expression/6.1.2/spring-expression-6.1.2.jar:/Users/bahadirbozoglu/.m2/repository/org/springframework/boot/spring-boot-starter-data-jpa/3.2.1/spring-boot-starter-data-jpa-3.2.1.jar:/Users/bahadirbozoglu/.m2/repository/org/springframework/boot/spring-boot-starter-aop/3.2.1/spring-boot-starter-aop-3.2.1.jar:/Users/bahadirbozoglu/.m2/repository/org/aspectj/aspectjweaver/1.9.21/aspectjweaver-1.9.21.jar:/Users/bahadirbozoglu/.m2/repository/org/springframework/boot/spring-boot-starter-jdbc/3.2.1/spring-boot-starter-jdbc-3.2.1.jar:/Users/bahadirbozoglu/.m2/repository/com/zaxxer/HikariCP/5.0.1/HikariCP-5.0.1.jar:/Users/bahadirbozoglu/.m2/repository/org/springframework/spring-jdbc/6.1.2/spring-jdbc-6.1.2.jar:/Users/bahadirbozoglu/.m2/repository/org/hibernate/orm/hibernate-core/6.4.1.Final/hibernate-core-6.4.1.Final.jar:/Users/bahadirbozoglu/.m2/repository/jakarta/persistence/jakarta.persistence-api/3.1.0/jakarta.persistence-api-3.1.0.jar:/Users/bahadirbozoglu/.m2/repository/jakarta/transaction/jakarta.transaction-api/2.0.1/jakarta.transaction-api-2.0.1.jar:/Users/bahadirbozoglu/.m2/repository/org/jboss/logging/jboss-logging/3.5.3.Final/jboss-logging-3.5.3.Final.jar:/Users/bahadirbozoglu/.m2/repository/org/hibernate/common/hibernate-commons-annotations/6.0.6.Final/hibernate-commons-annotations-6.0.6.Final.jar:/Users/bahadirbozoglu/.m2/repository/io/smallrye/jandex/3.1.2/jandex-3.1.2.jar:/Users/bahadirbozoglu/.m2/repository/com/fasterxml/classmate/1.6.0/classmate-1.6.0.jar:/Users/bahadirbozoglu/.m2/repository/net/bytebuddy/byte-buddy/1.14.10/byte-buddy-1.14.10.jar:/Users/bahadirbozoglu/.m2/repository/org/glassfish/jaxb/jaxb-runtime/4.0.4/jaxb-runtime-4.0.4.jar:/Users/bahadirbozoglu/.m2/repository/org/glassfish/jaxb/jaxb-core/4.0.4/jaxb-core-4.0.4.jar:/Users/bahadirbozoglu/.m2/repository/org/eclipse/angus/angus-activation/2.0.1/angus-activation-2.0.1.jar:/Users/bahadirbozoglu/.m2/repository/org/glassfish/jaxb/txw2/4.0.4/txw2-4.0.4.jar:/Users/bahadirbozoglu/.m2/repository/com/sun/istack/istack-commons-runtime/4.1.2/istack-commons-runtime-4.1.2.jar:/Users/bahadirbozoglu/.m2/repository/jakarta/inject/jakarta.inject-api/2.0.1/jakarta.inject-api-2.0.1.jar:/Users/bahadirbozoglu/.m2/repository/org/antlr/antlr4-runtime/4.13.0/antlr4-runtime-4.13.0.jar:/Users/bahadirbozoglu/.m2/repository/org/springframework/data/spring-data-jpa/3.2.1/spring-data-jpa-3.2.1.jar:/Users/bahadirbozoglu/.m2/repository/org/springframework/data/spring-data-commons/3.2.1/spring-data-commons-3.2.1.jar:/Users/bahadirbozoglu/.m2/repository/org/springframework/spring-orm/6.1.2/spring-orm-6.1.2.jar:/Users/bahadirbozoglu/.m2/repository/org/springframework/spring-tx/6.1.2/spring-tx-6.1.2.jar:/Users/bahadirbozoglu/.m2/repository/org/slf4j/slf4j-api/2.0.9/slf4j-api-2.0.9.jar:/Users/bahadirbozoglu/.m2/repository/org/springframework/spring-aspects/6.1.2/spring-aspects-6.1.2.jar:/Users/bahadirbozoglu/.m2/repository/org/springframework/boot/spring-boot-starter-security/3.2.1/spring-boot-starter-security-3.2.1.jar:/Users/bahadirbozoglu/.m2/repository/org/springframework/spring-aop/6.1.2/spring-aop-6.1.2.jar:/Users/bahadirbozoglu/.m2/repository/org/springframework/security/spring-security-config/6.2.1/spring-security-config-6.2.1.jar:/Users/bahadirbozoglu/.m2/repository/org/springframework/security/spring-security-web/6.2.1/spring-security-web-6.2.1.jar:/Users/bahadirbozoglu/.m2/repository/org/springframework/boot/spring-boot-starter-validation/3.2.1/spring-boot-starter-validation-3.2.1.jar:/Users/bahadirbozoglu/.m2/repository/org/apache/tomcat/embed/tomcat-embed-el/10.1.17/tomcat-embed-el-10.1.17.jar:/Users/bahadirbozoglu/.m2/repository/org/hibernate/validator/hibernate-validator/8.0.1.Final/hibernate-validator-8.0.1.Final.jar:/Users/bahadirbozoglu/.m2/repository/jakarta/validation/jakarta.validation-api/3.0.2/jakarta.validation-api-3.0.2.jar:/Users/bahadirbozoglu/.m2/repository/com/h2database/h2/2.2.224/h2-2.2.224.jar:/Users/bahadirbozoglu/.m2/repository/io/jsonwebtoken/jjwt-api/0.11.5/jjwt-api-0.11.5.jar:/Users/bahadirbozoglu/.m2/repository/io/jsonwebtoken/jjwt-impl/0.11.5/jjwt-impl-0.11.5.jar:/Users/bahadirbozoglu/.m2/repository/io/jsonwebtoken/jjwt-jackson/0.11.5/jjwt-jackson-0.11.5.jar:/Users/bahadirbozoglu/.m2/repository/com/fasterxml/jackson/core/jackson-databind/2.15.3/jackson-databind-2.15.3.jar:/Users/bahadirbozoglu/.m2/repository/com/fasterxml/jackson/core/jackson-annotations/2.15.3/jackson-annotations-2.15.3.jar:/Users/bahadirbozoglu/.m2/repository/com/fasterxml/jackson/core/jackson-core/2.15.3/jackson-core-2.15.3.jar:/Users/bahadirbozoglu/.m2/repository/org/springframework/boot/spring-boot-starter-test/3.2.1/spring-boot-starter-test-3.2.1.jar:/Users/bahadirbozoglu/.m2/repository/org/springframework/boot/spring-boot-test/3.2.1/spring-boot-test-3.2.1.jar:/Users/bahadirbozoglu/.m2/repository/org/springframework/boot/spring-boot-test-autoconfigure/3.2.1/spring-boot-test-autoconfigure-3.2.1.jar:/Users/bahadirbozoglu/.m2/repository/com/jayway/jsonpath/json-path/2.8.0/json-path-2.8.0.jar:/Users/bahadirbozoglu/.m2/repository/jakarta/xml/bind/jakarta.xml.bind-api/4.0.1/jakarta.xml.bind-api-4.0.1.jar:/Users/bahadirbozoglu/.m2/repository/jakarta/activation/jakarta.activation-api/2.1.2/jakarta.activation-api-2.1.2.jar:/Users/bahadirbozoglu/.m2/repository/net/minidev/json-smart/2.5.0/json-smart-2.5.0.jar:/Users/bahadirbozoglu/.m2/repository/net/minidev/accessors-smart/2.5.0/accessors-smart-2.5.0.jar:/Users/bahadirbozoglu/.m2/repository/org/ow2/asm/asm/9.3/asm-9.3.jar:/Users/bahadirbozoglu/.m2/repository/org/assertj/assertj-core/3.24.2/assertj-core-3.24.2.jar:/Users/bahadirbozoglu/.m2/repository/org/awaitility/awaitility/4.2.0/awaitility-4.2.0.jar:/Users/bahadirbozoglu/.m2/repository/org/hamcrest/hamcrest/2.2/hamcrest-2.2.jar:/Users/bahadirbozoglu/.m2/repository/org/junit/jupiter/junit-jupiter/5.10.1/junit-jupiter-5.10.1.jar:/Users/bahadirbozoglu/.m2/repository/org/junit/jupiter/junit-jupiter-api/5.10.1/junit-jupiter-api-5.10.1.jar:/Users/bahadirbozoglu/.m2/repository/org/opentest4j/opentest4j/1.3.0/opentest4j-1.3.0.jar:/Users/bahadirbozoglu/.m2/repository/org/junit/platform/junit-platform-commons/1.10.1/junit-platform-commons-1.10.1.jar:/Users/bahadirbozoglu/.m2/repository/org/apiguardian/apiguardian-api/1.1.2/apiguardian-api-1.1.2.jar:/Users/bahadirbozoglu/.m2/repository/org/junit/jupiter/junit-jupiter-params/5.10.1/junit-jupiter-params-5.10.1.jar:/Users/bahadirbozoglu/.m2/repository/org/junit/jupiter/junit-jupiter-engine/5.10.1/junit-jupiter-engine-5.10.1.jar:/Users/bahadirbozoglu/.m2/repository/org/junit/platform/junit-platform-engine/1.10.1/junit-platform-engine-1.10.1.jar:/Users/bahadirbozoglu/.m2/repository/org/mockito/mockito-core/5.7.0/mockito-core-5.7.0.jar:/Users/bahadirbozoglu/.m2/repository/net/bytebuddy/byte-buddy-agent/1.14.10/byte-buddy-agent-1.14.10.jar:/Users/bahadirbozoglu/.m2/repository/org/objenesis/objenesis/3.3/objenesis-3.3.jar:/Users/bahadirbozoglu/.m2/repository/org/mockito/mockito-junit-jupiter/5.7.0/mockito-junit-jupiter-5.7.0.jar:/Users/bahadirbozoglu/.m2/repository/org/skyscreamer/jsonassert/1.5.1/jsonassert-1.5.1.jar:/Users/bahadirbozoglu/.m2/repository/com/vaadin/external/google/android-json/0.0.20131108.vaadin1/android-json-0.0.20131108.vaadin1.jar:/Users/bahadirbozoglu/.m2/repository/org/springframework/spring-core/6.1.2/spring-core-6.1.2.jar:/Users/bahadirbozoglu/.m2/repository/org/springframework/spring-jcl/6.1.2/spring-jcl-6.1.2.jar:/Users/bahadirbozoglu/.m2/repository/org/springframework/spring-test/6.1.2/spring-test-6.1.2.jar:/Users/bahadirbozoglu/.m2/repository/org/xmlunit/xmlunit-core/2.9.1/xmlunit-core-2.9.1.jar:/Users/bahadirbozoglu/.m2/repository/org/springframework/security/spring-security-test/6.2.1/spring-security-test-6.2.1.jar:/Users/bahadirbozoglu/.m2/repository/org/springframework/security/spring-security-core/6.2.1/spring-security-core-6.2.1.jar:/Users/bahadirbozoglu/.m2/repository/org/springframework/security/spring-security-crypto/6.2.1/spring-security-crypto-6.2.1.jar:/Users/bahadirbozoglu/.m2/repository/org/testcontainers/junit-jupiter/1.19.3/junit-jupiter-1.19.3.jar:/Users/bahadirbozoglu/.m2/repository/org/testcontainers/testcontainers/1.19.3/testcontainers-1.19.3.jar:/Users/bahadirbozoglu/.m2/repository/junit/junit/4.13.2/junit-4.13.2.jar:/Users/bahadirbozoglu/.m2/repository/org/hamcrest/hamcrest-core/2.2/hamcrest-core-2.2.jar:/Users/bahadirbozoglu/.m2/repository/org/apache/commons/commons-compress/1.24.0/commons-compress-1.24.0.jar:/Users/bahadirbozoglu/.m2/repository/org/rnorth/duct-tape/duct-tape/1.0.8/duct-tape-1.0.8.jar:/Users/bahadirbozoglu/.m2/repository/org/jetbrains/annotations/17.0.0/annotations-17.0.0.jar:/Users/bahadirbozoglu/.m2/repository/com/github/docker-java/docker-java-api/3.3.4/docker-java-api-3.3.4.jar:/Users/bahadirbozoglu/.m2/repository/com/github/docker-java/docker-java-transport-zerodep/3.3.4/docker-java-transport-zerodep-3.3.4.jar:/Users/bahadirbozoglu/.m2/repository/com/github/docker-java/docker-java-transport/3.3.4/docker-java-transport-3.3.4.jar:/Users/bahadirbozoglu/.m2/repository/net/java/dev/jna/jna/5.13.0/jna-5.13.0.jar:/Users/bahadirbozoglu/.m2/repository/org/testcontainers/postgresql/1.19.3/postgresql-1.19.3.jar:/Users/bahadirbozoglu/.m2/repository/org/testcontainers/jdbc/1.19.3/jdbc-1.19.3.jar:/Users/bahadirbozoglu/.m2/repository/org/testcontainers/database-commons/1.19.3/database-commons-1.19.3.jar:"/>
    <property name="sun.cpu.endian" value="little"/>
    <property name="user.home" value="/Users/bahadirbozoglu"/>
    <property name="user.language" value="en"/>
    <property name="java.specification.vendor" value="Oracle Corporation"/>
    <property name="java.version.date" value="2025-07-15"/>
    <property name="java.home" value="/usr/local/Cellar/openjdk@21/21.0.8/libexec/openjdk.jdk/Contents/Home"/>
    <property name="file.separator" value="/"/>
    <property name="basedir" value="/Users/bahadirbozoglu/Projects/Test/kiro-test"/>
    <property name="java.vm.compressedOopsMode" value="Zero based"/>
    <property name="line.separator" value="&#10;"/>
    <property name="java.vm.specification.vendor" value="Oracle Corporation"/>
    <property name="java.specification.name" value="Java Platform API Specification"/>
    <property name="FILE_LOG_CHARSET" value="UTF-8"/>
    <property name="java.awt.headless" value="true"/>
    <property name="apple.awt.application.name" value="ForkedBooter"/>
    <property name="surefire.real.class.path" value="/Users/bahadirbozoglu/Projects/Test/kiro-test/target/surefire/surefirebooter-20250816121708627_3.jar"/>
    <property name="sun.management.compiler" value="HotSpot 64-Bit Tiered Compilers"/>
    <property name="ftp.nonProxyHosts" value="local|*.local|169.254/16|*.169.254/16"/>
    <property name="java.runtime.version" value="21.0.8"/>
    <property name="user.name" value="bahadirbozoglu"/>
    <property name="stdout.encoding" value="UTF-8"/>
    <property name="path.separator" value=":"/>
    <property name="os.version" value="15.5"/>
    <property name="java.runtime.name" value="OpenJDK Runtime Environment"/>
    <property name="file.encoding" value="UTF-8"/>
    <property name="java.vm.name" value="OpenJDK 64-Bit Server VM"/>
    <property name="java.vendor.version" value="Homebrew"/>
    <property name="localRepository" value="/Users/bahadirbozoglu/.m2/repository"/>
    <property name="java.vendor.url.bug" value="https://github.com/Homebrew/homebrew-core/issues"/>
    <property name="java.io.tmpdir" value="/var/folders/_s/2mvngjb15351mc7ctsrcz5sh0000gn/T/"/>
    <property name="com.zaxxer.hikari.pool_number" value="1"/>
    <property name="java.version" value="21.0.8"/>
    <property name="user.dir" value="/Users/bahadirbozoglu/Projects/Test/kiro-test"/>
    <property name="os.arch" value="x86_64"/>
    <property name="java.vm.specification.name" value="Java Virtual Machine Specification"/>
    <property name="PID" value="5740"/>
    <property name="CONSOLE_LOG_CHARSET" value="UTF-8"/>
    <property name="native.encoding" value="UTF-8"/>
    <property name="java.library.path" value="/Users/bahadirbozoglu/Library/Java/Extensions:/Library/Java/Extensions:/Network/Library/Java/Extensions:/System/Library/Java/Extensions:/usr/lib/java:."/>
    <property name="java.vm.info" value="mixed mode, sharing"/>
    <property name="stderr.encoding" value="UTF-8"/>
    <property name="java.vendor" value="Homebrew"/>
    <property name="java.vm.version" value="21.0.8"/>
    <property name="sun.io.unicode.encoding" value="UnicodeBig"/>
    <property name="socksNonProxyHosts" value="local|*.local|169.254/16|*.169.254/16"/>
    <property name="java.class.version" value="65.0"/>
    <property name="LOGGED_APPLICATION_NAME" value="[expense-tracker] "/>
  </properties>
  <testcase name="testEssentialCategoriesExist" classname="com.fintech.expensetracker.config.DatabaseConfigTest" time="0.775">
    <system-out><![CDATA[12:17:09.516 [main] INFO org.springframework.test.context.support.AnnotationConfigContextLoaderUtils -- Could not detect default configuration classes for test class [com.fintech.expensetracker.config.DatabaseConfigTest]: DatabaseConfigTest does not declare any static, non-private, non-final, nested classes annotated with @Configuration.
12:17:09.648 [main] INFO org.springframework.boot.test.context.SpringBootTestContextBootstrapper -- Found @SpringBootConfiguration com.fintech.expensetracker.ExpenseTrackerApplication for test class com.fintech.expensetracker.config.DatabaseConfigTest

  .   ____          _            __ _ _
 /\\ / ___'_ __ _ _(_)_ __  __ _ \ \ \ \
( ( )\___ | '_ | '_| | '_ \/ _` | \ \ \ \
 \\/  ___)| |_)| | | | | || (_| |  ) ) ) )
  '  |____| .__|_| |_|_| |_\__, | / / / /
 =========|_|==============|___/=/_/_/_/
 :: Spring Boot ::                (v3.2.1)

2025-08-16T12:17:10.084+03:00  INFO 5740 --- [expense-tracker] [           main] c.f.e.config.DatabaseConfigTest          : Starting DatabaseConfigTest using Java 21.0.8 with PID 5740 (started by bahadirbozoglu in /Users/bahadirbozoglu/Projects/Test/kiro-test)
2025-08-16T12:17:10.085+03:00 DEBUG 5740 --- [expense-tracker] [           main] c.f.e.config.DatabaseConfigTest          : Running with Spring Boot v3.2.1, Spring v6.1.2
2025-08-16T12:17:10.086+03:00  INFO 5740 --- [expense-tracker] [           main] c.f.e.config.DatabaseConfigTest          : The following 1 profile is active: "test"
2025-08-16T12:17:10.912+03:00  INFO 5740 --- [expense-tracker] [           main] .s.d.r.c.RepositoryConfigurationDelegate : Bootstrapping Spring Data JPA repositories in DEFAULT mode.
2025-08-16T12:17:11.030+03:00  INFO 5740 --- [expense-tracker] [           main] .s.d.r.c.RepositoryConfigurationDelegate : Finished Spring Data repository scanning in 105 ms. Found 4 JPA repository interfaces.
2025-08-16T12:17:11.627+03:00  INFO 5740 --- [expense-tracker] [           main] o.hibernate.jpa.internal.util.LogHelper  : HHH000204: Processing PersistenceUnitInfo [name: default]
2025-08-16T12:17:11.717+03:00  INFO 5740 --- [expense-tracker] [           main] org.hibernate.Version                    : HHH000412: Hibernate ORM core version 6.4.1.Final
2025-08-16T12:17:11.777+03:00  INFO 5740 --- [expense-tracker] [           main] o.h.c.internal.RegionFactoryInitiator    : HHH000026: Second-level cache disabled
2025-08-16T12:17:12.105+03:00  INFO 5740 --- [expense-tracker] [           main] o.s.o.j.p.SpringPersistenceUnitInfo      : No LoadTimeWeaver setup: ignoring JPA class transformer
2025-08-16T12:17:12.142+03:00  INFO 5740 --- [expense-tracker] [           main] com.zaxxer.hikari.HikariDataSource       : HikariPool-1 - Starting...
2025-08-16T12:17:12.383+03:00  INFO 5740 --- [expense-tracker] [           main] com.zaxxer.hikari.pool.HikariPool        : HikariPool-1 - Added connection conn0: url=jdbc:h2:mem:expensetracker user=SA
2025-08-16T12:17:12.384+03:00  INFO 5740 --- [expense-tracker] [           main] com.zaxxer.hikari.HikariDataSource       : HikariPool-1 - Start completed.
2025-08-16T12:17:12.426+03:00  WARN 5740 --- [expense-tracker] [           main] org.hibernate.orm.deprecation            : HHH90000025: H2Dialect does not need to be specified explicitly using 'hibernate.dialect' (remove the property setting and it will be selected by default)
2025-08-16T12:17:13.524+03:00  INFO 5740 --- [expense-tracker] [           main] o.h.e.t.j.p.i.JtaPlatformInitiator       : HHH000489: No JTA platform available (set 'hibernate.transaction.jta.platform' to enable JTA platform integration)
Hibernate: 
    drop table if exists accounts cascade 
Hibernate: 
    drop table if exists categories cascade 
Hibernate: 
    drop table if exists transactions cascade 
Hibernate: 
    drop table if exists users cascade 
Hibernate: 
    create table accounts (
        deleted boolean not null,
        initial_balance numeric(19,2),
        created_at timestamp(6) not null,
        id bigint generated by default as identity,
        updated_at timestamp(6) not null,
        user_id bigint not null,
        name varchar(255) not null,
        type varchar(255) not null check (type in ('CHECKING','SAVINGS','CREDIT','INVESTMENT')),
        primary key (id)
    )
Hibernate: 
    create table categories (
        is_default boolean not null,
        id bigint generated by default as identity,
        description varchar(255),
        name varchar(255) not null,
        primary key (id)
    )
Hibernate: 
    create table transactions (
        amount numeric(19,2) not null,
        deleted boolean not null,
        transaction_date date not null,
        account_id bigint not null,
        category_id bigint not null,
        created_at timestamp(6) not null,
        id bigint generated by default as identity,
        updated_at timestamp(6) not null,
        description varchar(255) not null,
        primary key (id)
    )
Hibernate: 
    create table users (
        created_at timestamp(6) not null,
        id bigint generated by default as identity,
        updated_at timestamp(6) not null,
        email varchar(255) not null unique,
        name varchar(255) not null,
        password varchar(255) not null,
        primary key (id)
    )
Hibernate: 
    alter table if exists accounts 
       add constraint FKnjuop33mo69pd79ctplkck40n 
       foreign key (user_id) 
       references users
Hibernate: 
    alter table if exists transactions 
       add constraint FK20w7wsg13u9srbq3bd7chfxdh 
       foreign key (account_id) 
       references accounts
Hibernate: 
    alter table if exists transactions 
       add constraint FKsqqi7sneo04kast0o138h19mv 
       foreign key (category_id) 
       references categories
2025-08-16T12:17:13.580+03:00  INFO 5740 --- [expense-tracker] [           main] j.LocalContainerEntityManagerFactoryBean : Initialized JPA EntityManagerFactory for persistence unit 'default'
2025-08-16T12:17:13.920+03:00  INFO 5740 --- [expense-tracker] [           main] o.s.d.j.r.query.QueryEnhancerFactory     : Hibernate is in classpath; If applicable, HQL parser will be used.
2025-08-16T12:17:15.220+03:00  WARN 5740 --- [expense-tracker] [           main] JpaBaseConfiguration$JpaWebConfiguration : spring.jpa.open-in-view is enabled by default. Therefore, database queries may be performed during view rendering. Explicitly configure spring.jpa.open-in-view to disable this warning
2025-08-16T12:17:15.661+03:00  INFO 5740 --- [expense-tracker] [           main] o.s.s.web.DefaultSecurityFilterChain     : Will secure any request with [org.springframework.security.web.session.DisableEncodeUrlFilter@7e4d2884, org.springframework.security.web.context.request.async.WebAsyncManagerIntegrationFilter@5aa786fc, org.springframework.security.web.context.SecurityContextHolderFilter@65e0d9de, org.springframework.security.web.header.HeaderWriterFilter@4a9d481b, org.springframework.web.filter.CorsFilter@69724abb, org.springframework.security.web.authentication.logout.LogoutFilter@20ea933f, com.fintech.expensetracker.security.JwtAuthenticationFilter@2fedae96, org.springframework.security.web.savedrequest.RequestCacheAwareFilter@388555bd, org.springframework.security.web.servletapi.SecurityContextHolderAwareRequestFilter@c377641, org.springframework.security.web.authentication.AnonymousAuthenticationFilter@5c961ce9, org.springframework.security.web.session.SessionManagementFilter@62c95d73, org.springframework.security.web.access.ExceptionTranslationFilter@7d6406c8, org.springframework.security.web.access.intercept.AuthorizationFilter@20309fde]
2025-08-16T12:17:16.126+03:00  INFO 5740 --- [expense-tracker] [           main] o.s.b.a.h2.H2ConsoleAutoConfiguration    : H2 console available at '/h2-console'. Database available at 'jdbc:h2:mem:expensetracker'
2025-08-16T12:17:16.177+03:00  INFO 5740 --- [expense-tracker] [           main] c.f.e.config.DatabaseConfigTest          : Started DatabaseConfigTest in 6.356 seconds (process running for 7.467)
2025-08-16T12:17:16.181+03:00  INFO 5740 --- [expense-tracker] [           main] c.f.e.config.DatabaseConfig              : Initializing default categories...
Hibernate: 
    select
        c1_0.id 
    from
        categories c1_0 
    where
        c1_0.is_default 
    fetch
        first ? rows only
2025-08-16T12:17:16.313+03:00  WARN 5740 --- [expense-tracker] [           main] c.f.e.config.DatabaseConfig              : Default category not found, creating 'Uncategorized' category
Hibernate: 
    insert 
    into
        categories
        (description, is_default, name, id) 
    values
        (?, ?, ?, default)
2025-08-16T12:17:16.400+03:00  INFO 5740 --- [expense-tracker] [           main] c.f.e.config.DatabaseConfig              : Created default 'Uncategorized' category
Hibernate: 
    select
        c1_0.id 
    from
        categories c1_0 
    where
        c1_0.name=? 
    fetch
        first ? rows only
Hibernate: 
    insert 
    into
        categories
        (description, is_default, name, id) 
    values
        (?, ?, ?, default)
2025-08-16T12:17:16.414+03:00 DEBUG 5740 --- [expense-tracker] [           main] c.f.e.config.DatabaseConfig              : Created missing category: Food & Dining
Hibernate: 
    select
        c1_0.id 
    from
        categories c1_0 
    where
        c1_0.name=? 
    fetch
        first ? rows only
Hibernate: 
    insert 
    into
        categories
        (description, is_default, name, id) 
    values
        (?, ?, ?, default)
2025-08-16T12:17:16.417+03:00 DEBUG 5740 --- [expense-tracker] [           main] c.f.e.config.DatabaseConfig              : Created missing category: Transportation
Hibernate: 
    select
        c1_0.id 
    from
        categories c1_0 
    where
        c1_0.name=? 
    fetch
        first ? rows only
Hibernate: 
    insert 
    into
        categories
        (description, is_default, name, id) 
    values
        (?, ?, ?, default)
2025-08-16T12:17:16.423+03:00 DEBUG 5740 --- [expense-tracker] [           main] c.f.e.config.DatabaseConfig              : Created missing category: Shopping
Hibernate: 
    select
        c1_0.id 
    from
        categories c1_0 
    where
        c1_0.name=? 
    fetch
        first ? rows only
Hibernate: 
    insert 
    into
        categories
        (description, is_default, name, id) 
    values
        (?, ?, ?, default)
2025-08-16T12:17:16.426+03:00 DEBUG 5740 --- [expense-tracker] [           main] c.f.e.config.DatabaseConfig              : Created missing category: Entertainment
Hibernate: 
    select
        c1_0.id 
    from
        categories c1_0 
    where
        c1_0.name=? 
    fetch
        first ? rows only
Hibernate: 
    insert 
    into
        categories
        (description, is_default, name, id) 
    values
        (?, ?, ?, default)
2025-08-16T12:17:16.429+03:00 DEBUG 5740 --- [expense-tracker] [           main] c.f.e.config.DatabaseConfig              : Created missing category: Bills & Utilities
Hibernate: 
    select
        c1_0.id 
    from
        categories c1_0 
    where
        c1_0.name=? 
    fetch
        first ? rows only
Hibernate: 
    insert 
    into
        categories
        (description, is_default, name, id) 
    values
        (?, ?, ?, default)
2025-08-16T12:17:16.444+03:00 DEBUG 5740 --- [expense-tracker] [           main] c.f.e.config.DatabaseConfig              : Created missing category: Healthcare
Hibernate: 
    select
        c1_0.id 
    from
        categories c1_0 
    where
        c1_0.name=? 
    fetch
        first ? rows only
Hibernate: 
    insert 
    into
        categories
        (description, is_default, name, id) 
    values
        (?, ?, ?, default)
2025-08-16T12:17:16.448+03:00 DEBUG 5740 --- [expense-tracker] [           main] c.f.e.config.DatabaseConfig              : Created missing category: Education
Hibernate: 
    select
        c1_0.id 
    from
        categories c1_0 
    where
        c1_0.name=? 
    fetch
        first ? rows only
Hibernate: 
    insert 
    into
        categories
        (description, is_default, name, id) 
    values
        (?, ?, ?, default)
2025-08-16T12:17:16.451+03:00 DEBUG 5740 --- [expense-tracker] [           main] c.f.e.config.DatabaseConfig              : Created missing category: Home & Garden
Hibernate: 
    select
        c1_0.id 
    from
        categories c1_0 
    where
        c1_0.name=? 
    fetch
        first ? rows only
Hibernate: 
    insert 
    into
        categories
        (description, is_default, name, id) 
    values
        (?, ?, ?, default)
2025-08-16T12:17:16.458+03:00 DEBUG 5740 --- [expense-tracker] [           main] c.f.e.config.DatabaseConfig              : Created missing category: Personal Care
Hibernate: 
    select
        c1_0.id 
    from
        categories c1_0 
    where
        c1_0.name=? 
    fetch
        first ? rows only
Hibernate: 
    insert 
    into
        categories
        (description, is_default, name, id) 
    values
        (?, ?, ?, default)
2025-08-16T12:17:16.461+03:00 DEBUG 5740 --- [expense-tracker] [           main] c.f.e.config.DatabaseConfig              : Created missing category: Insurance
Hibernate: 
    select
        c1_0.id 
    from
        categories c1_0 
    where
        c1_0.name=? 
    fetch
        first ? rows only
Hibernate: 
    insert 
    into
        categories
        (description, is_default, name, id) 
    values
        (?, ?, ?, default)
2025-08-16T12:17:16.464+03:00 DEBUG 5740 --- [expense-tracker] [           main] c.f.e.config.DatabaseConfig              : Created missing category: Taxes
Hibernate: 
    select
        c1_0.id 
    from
        categories c1_0 
    where
        c1_0.name=? 
    fetch
        first ? rows only
Hibernate: 
    insert 
    into
        categories
        (description, is_default, name, id) 
    values
        (?, ?, ?, default)
2025-08-16T12:17:16.467+03:00 DEBUG 5740 --- [expense-tracker] [           main] c.f.e.config.DatabaseConfig              : Created missing category: Investments
Hibernate: 
    select
        c1_0.id 
    from
        categories c1_0 
    where
        c1_0.name=? 
    fetch
        first ? rows only
Hibernate: 
    insert 
    into
        categories
        (description, is_default, name, id) 
    values
        (?, ?, ?, default)
2025-08-16T12:17:16.471+03:00 DEBUG 5740 --- [expense-tracker] [           main] c.f.e.config.DatabaseConfig              : Created missing category: Gifts & Donations
Hibernate: 
    select
        c1_0.id 
    from
        categories c1_0 
    where
        c1_0.name=? 
    fetch
        first ? rows only
Hibernate: 
    insert 
    into
        categories
        (description, is_default, name, id) 
    values
        (?, ?, ?, default)
2025-08-16T12:17:16.475+03:00 DEBUG 5740 --- [expense-tracker] [           main] c.f.e.config.DatabaseConfig              : Created missing category: Travel
Hibernate: 
    select
        c1_0.id 
    from
        categories c1_0 
    where
        c1_0.name=? 
    fetch
        first ? rows only
Hibernate: 
    insert 
    into
        categories
        (description, is_default, name, id) 
    values
        (?, ?, ?, default)
2025-08-16T12:17:16.478+03:00 DEBUG 5740 --- [expense-tracker] [           main] c.f.e.config.DatabaseConfig              : Created missing category: Business
Hibernate: 
    select
        c1_0.id 
    from
        categories c1_0 
    where
        c1_0.name=? 
    fetch
        first ? rows only
Hibernate: 
    insert 
    into
        categories
        (description, is_default, name, id) 
    values
        (?, ?, ?, default)
2025-08-16T12:17:16.481+03:00 DEBUG 5740 --- [expense-tracker] [           main] c.f.e.config.DatabaseConfig              : Created missing category: Salary
Hibernate: 
    select
        c1_0.id 
    from
        categories c1_0 
    where
        c1_0.name=? 
    fetch
        first ? rows only
Hibernate: 
    insert 
    into
        categories
        (description, is_default, name, id) 
    values
        (?, ?, ?, default)
2025-08-16T12:17:16.484+03:00 DEBUG 5740 --- [expense-tracker] [           main] c.f.e.config.DatabaseConfig              : Created missing category: Freelance
Hibernate: 
    select
        c1_0.id 
    from
        categories c1_0 
    where
        c1_0.name=? 
    fetch
        first ? rows only
Hibernate: 
    insert 
    into
        categories
        (description, is_default, name, id) 
    values
        (?, ?, ?, default)
2025-08-16T12:17:16.488+03:00 DEBUG 5740 --- [expense-tracker] [           main] c.f.e.config.DatabaseConfig              : Created missing category: Investment Income
Hibernate: 
    select
        c1_0.id 
    from
        categories c1_0 
    where
        c1_0.name=? 
    fetch
        first ? rows only
Hibernate: 
    insert 
    into
        categories
        (description, is_default, name, id) 
    values
        (?, ?, ?, default)
2025-08-16T12:17:16.491+03:00 DEBUG 5740 --- [expense-tracker] [           main] c.f.e.config.DatabaseConfig              : Created missing category: Rental Income
Hibernate: 
    select
        c1_0.id 
    from
        categories c1_0 
    where
        c1_0.name=? 
    fetch
        first ? rows only
Hibernate: 
    insert 
    into
        categories
        (description, is_default, name, id) 
    values
        (?, ?, ?, default)
2025-08-16T12:17:16.494+03:00 DEBUG 5740 --- [expense-tracker] [           main] c.f.e.config.DatabaseConfig              : Created missing category: Business Income
Hibernate: 
    select
        c1_0.id 
    from
        categories c1_0 
    where
        c1_0.name=? 
    fetch
        first ? rows only
Hibernate: 
    insert 
    into
        categories
        (description, is_default, name, id) 
    values
        (?, ?, ?, default)
2025-08-16T12:17:16.496+03:00 DEBUG 5740 --- [expense-tracker] [           main] c.f.e.config.DatabaseConfig              : Created missing category: Bonus
Hibernate: 
    select
        c1_0.id 
    from
        categories c1_0 
    where
        c1_0.name=? 
    fetch
        first ? rows only
Hibernate: 
    insert 
    into
        categories
        (description, is_default, name, id) 
    values
        (?, ?, ?, default)
2025-08-16T12:17:16.501+03:00 DEBUG 5740 --- [expense-tracker] [           main] c.f.e.config.DatabaseConfig              : Created missing category: Refunds
Hibernate: 
    select
        c1_0.id 
    from
        categories c1_0 
    where
        c1_0.name=? 
    fetch
        first ? rows only
Hibernate: 
    insert 
    into
        categories
        (description, is_default, name, id) 
    values
        (?, ?, ?, default)
2025-08-16T12:17:16.507+03:00 DEBUG 5740 --- [expense-tracker] [           main] c.f.e.config.DatabaseConfig              : Created missing category: Other Income
2025-08-16T12:17:16.507+03:00  INFO 5740 --- [expense-tracker] [           main] c.f.e.config.DatabaseConfig              : Created 23 missing essential categories
Hibernate: 
    select
        count(*) 
    from
        categories c1_0
2025-08-16T12:17:16.527+03:00  INFO 5740 --- [expense-tracker] [           main] c.f.e.config.DatabaseConfig              : Database initialization complete. Total categories: 24
Hibernate: 
    select
        c1_0.id,
        c1_0.description,
        c1_0.is_default,
        c1_0.name 
    from
        categories c1_0
Hibernate: 
    select
        c1_0.id 
    from
        categories c1_0 
    where
        c1_0.name=? 
    fetch
        first ? rows only
Hibernate: 
    select
        c1_0.id 
    from
        categories c1_0 
    where
        c1_0.name=? 
    fetch
        first ? rows only
Hibernate: 
    select
        c1_0.id 
    from
        categories c1_0 
    where
        c1_0.name=? 
    fetch
        first ? rows only
Hibernate: 
    select
        c1_0.id 
    from
        categories c1_0 
    where
        c1_0.name=? 
    fetch
        first ? rows only
Hibernate: 
    select
        c1_0.id 
    from
        categories c1_0 
    where
        c1_0.name=? 
    fetch
        first ? rows only
Hibernate: 
    select
        c1_0.id 
    from
        categories c1_0 
    where
        c1_0.name=? 
    fetch
        first ? rows only
Hibernate: 
    select
        c1_0.id 
    from
        categories c1_0 
    where
        c1_0.name=? 
    fetch
        first ? rows only
Hibernate: 
    select
        c1_0.id 
    from
        categories c1_0 
    where
        c1_0.name=? 
    fetch
        first ? rows only
]]></system-out>
    <system-err><![CDATA[WARNING: A Java agent has been loaded dynamically (/Users/bahadirbozoglu/.m2/repository/net/bytebuddy/byte-buddy-agent/1.14.10/byte-buddy-agent-1.14.10.jar)
WARNING: If a serviceability tool is in use, please run with -XX:+EnableDynamicAgentLoading to hide this warning
WARNING: If a serviceability tool is not in use, please run with -Djdk.instrument.traceUsage for more information
WARNING: Dynamic loading of agents will be disallowed by default in a future release
]]></system-err>
  </testcase>
  <testcase name="testDefaultCategoryExists" classname="com.fintech.expensetracker.config.DatabaseConfigTest" time="0.012">
    <system-out><![CDATA[Hibernate: 
    select
        c1_0.id,
        c1_0.description,
        c1_0.is_default,
        c1_0.name 
    from
        categories c1_0 
    where
        c1_0.is_default
]]></system-out>
  </testcase>
  <testcase name="testCategoryNamesAreUnique" classname="com.fintech.expensetracker.config.DatabaseConfigTest" time="0.012">
    <system-out><![CDATA[Hibernate: 
    select
        c1_0.id,
        c1_0.description,
        c1_0.is_default,
        c1_0.name 
    from
        categories c1_0
]]></system-out>
  </testcase>
  <testcase name="testOnlyOneDefaultCategory" classname="com.fintech.expensetracker.config.DatabaseConfigTest" time="0.01">
    <system-out><![CDATA[Hibernate: 
    select
        c1_0.id,
        c1_0.description,
        c1_0.is_default,
        c1_0.name 
    from
        categories c1_0
]]></system-out>
  </testcase>
  <testcase name="testCategoriesHaveProperDescriptions" classname="com.fintech.expensetracker.config.DatabaseConfigTest" time="0.012">
    <system-out><![CDATA[Hibernate: 
    select
        c1_0.id,
        c1_0.description,
        c1_0.is_default,
        c1_0.name 
    from
        categories c1_0 
    where
        c1_0.name=?
Hibernate: 
    select
        c1_0.id,
        c1_0.description,
        c1_0.is_default,
        c1_0.name 
    from
        categories c1_0 
    where
        c1_0.name=?
]]></system-out>
  </testcase>
</testsuite>