<?xml version="1.0" encoding="UTF-8"?>
<testsuite xmlns:xsi="http://www.w3.org/2001/XMLSchema-instance" xsi:noNamespaceSchemaLocation="https://maven.apache.org/surefire/maven-surefire-plugin/xsd/surefire-test-report-3.0.xsd" version="3.0" name="com.fintech.expensetracker.integration.ExpenseTrackerH2IntegrationTest" time="8.787" tests="8" errors="0" skipped="0" failures="5">
  <properties>
    <property name="java.specification.version" value="21"/>
    <property name="sun.jnu.encoding" value="UTF-8"/>
    <property name="java.class.path" value="/Users/bahadirbozoglu/Projects/Test/kiro-test/target/test-classes:/Users/bahadirbozoglu/Projects/Test/kiro-test/target/classes:/Users/bahadirbozoglu/.m2/repository/org/springframework/boot/spring-boot-starter-web/3.2.1/spring-boot-starter-web-3.2.1.jar:/Users/bahadirbozoglu/.m2/repository/org/springframework/boot/spring-boot-starter/3.2.1/spring-boot-starter-3.2.1.jar:/Users/bahadirbozoglu/.m2/repository/org/springframework/boot/spring-boot/3.2.1/spring-boot-3.2.1.jar:/Users/bahadirbozoglu/.m2/repository/org/springframework/boot/spring-boot-autoconfigure/3.2.1/spring-boot-autoconfigure-3.2.1.jar:/Users/bahadirbozoglu/.m2/repository/org/springframework/boot/spring-boot-starter-logging/3.2.1/spring-boot-starter-logging-3.2.1.jar:/Users/bahadirbozoglu/.m2/repository/ch/qos/logback/logback-classic/1.4.14/logback-classic-1.4.14.jar:/Users/bahadirbozoglu/.m2/repository/ch/qos/logback/logback-core/1.4.14/logback-core-1.4.14.jar:/Users/bahadirbozoglu/.m2/repository/org/apache/logging/log4j/log4j-to-slf4j/2.21.1/log4j-to-slf4j-2.21.1.jar:/Users/bahadirbozoglu/.m2/repository/org/apache/logging/log4j/log4j-api/2.21.1/log4j-api-2.21.1.jar:/Users/bahadirbozoglu/.m2/repository/org/slf4j/jul-to-slf4j/2.0.9/jul-to-slf4j-2.0.9.jar:/Users/bahadirbozoglu/.m2/repository/jakarta/annotation/jakarta.annotation-api/2.1.1/jakarta.annotation-api-2.1.1.jar:/Users/bahadirbozoglu/.m2/repository/org/yaml/snakeyaml/2.2/snakeyaml-2.2.jar:/Users/bahadirbozoglu/.m2/repository/org/springframework/boot/spring-boot-starter-json/3.2.1/spring-boot-starter-json-3.2.1.jar:/Users/bahadirbozoglu/.m2/repository/com/fasterxml/jackson/datatype/jackson-datatype-jdk8/2.15.3/jackson-datatype-jdk8-2.15.3.jar:/Users/bahadirbozoglu/.m2/repository/com/fasterxml/jackson/datatype/jackson-datatype-jsr310/2.15.3/jackson-datatype-jsr310-2.15.3.jar:/Users/bahadirbozoglu/.m2/repository/com/fasterxml/jackson/module/jackson-module-parameter-names/2.15.3/jackson-module-parameter-names-2.15.3.jar:/Users/bahadirbozoglu/.m2/repository/org/springframework/boot/spring-boot-starter-tomcat/3.2.1/spring-boot-starter-tomcat-3.2.1.jar:/Users/bahadirbozoglu/.m2/repository/org/apache/tomcat/embed/tomcat-embed-core/10.1.17/tomcat-embed-core-10.1.17.jar:/Users/bahadirbozoglu/.m2/repository/org/apache/tomcat/embed/tomcat-embed-websocket/10.1.17/tomcat-embed-websocket-10.1.17.jar:/Users/bahadirbozoglu/.m2/repository/org/springframework/spring-web/6.1.2/spring-web-6.1.2.jar:/Users/bahadirbozoglu/.m2/repository/org/springframework/spring-beans/6.1.2/spring-beans-6.1.2.jar:/Users/bahadirbozoglu/.m2/repository/io/micrometer/micrometer-observation/1.12.1/micrometer-observation-1.12.1.jar:/Users/bahadirbozoglu/.m2/repository/io/micrometer/micrometer-commons/1.12.1/micrometer-commons-1.12.1.jar:/Users/bahadirbozoglu/.m2/repository/org/springframework/spring-webmvc/6.1.2/spring-webmvc-6.1.2.jar:/Users/bahadirbozoglu/.m2/repository/org/springframework/spring-context/6.1.2/spring-context-6.1.2.jar:/Users/bahadirbozoglu/.m2/repository/org/springframework/spring-expression/6.1.2/spring-expression-6.1.2.jar:/Users/bahadirbozoglu/.m2/repository/org/springframework/boot/spring-boot-starter-data-jpa/3.2.1/spring-boot-starter-data-jpa-3.2.1.jar:/Users/bahadirbozoglu/.m2/repository/org/springframework/boot/spring-boot-starter-aop/3.2.1/spring-boot-starter-aop-3.2.1.jar:/Users/bahadirbozoglu/.m2/repository/org/aspectj/aspectjweaver/1.9.21/aspectjweaver-1.9.21.jar:/Users/bahadirbozoglu/.m2/repository/org/springframework/boot/spring-boot-starter-jdbc/3.2.1/spring-boot-starter-jdbc-3.2.1.jar:/Users/bahadirbozoglu/.m2/repository/com/zaxxer/HikariCP/5.0.1/HikariCP-5.0.1.jar:/Users/bahadirbozoglu/.m2/repository/org/springframework/spring-jdbc/6.1.2/spring-jdbc-6.1.2.jar:/Users/bahadirbozoglu/.m2/repository/org/hibernate/orm/hibernate-core/6.4.1.Final/hibernate-core-6.4.1.Final.jar:/Users/bahadirbozoglu/.m2/repository/jakarta/persistence/jakarta.persistence-api/3.1.0/jakarta.persistence-api-3.1.0.jar:/Users/bahadirbozoglu/.m2/repository/jakarta/transaction/jakarta.transaction-api/2.0.1/jakarta.transaction-api-2.0.1.jar:/Users/bahadirbozoglu/.m2/repository/org/jboss/logging/jboss-logging/3.5.3.Final/jboss-logging-3.5.3.Final.jar:/Users/bahadirbozoglu/.m2/repository/org/hibernate/common/hibernate-commons-annotations/6.0.6.Final/hibernate-commons-annotations-6.0.6.Final.jar:/Users/bahadirbozoglu/.m2/repository/io/smallrye/jandex/3.1.2/jandex-3.1.2.jar:/Users/bahadirbozoglu/.m2/repository/com/fasterxml/classmate/1.6.0/classmate-1.6.0.jar:/Users/bahadirbozoglu/.m2/repository/net/bytebuddy/byte-buddy/1.14.10/byte-buddy-1.14.10.jar:/Users/bahadirbozoglu/.m2/repository/org/glassfish/jaxb/jaxb-runtime/4.0.4/jaxb-runtime-4.0.4.jar:/Users/bahadirbozoglu/.m2/repository/org/glassfish/jaxb/jaxb-core/4.0.4/jaxb-core-4.0.4.jar:/Users/bahadirbozoglu/.m2/repository/org/eclipse/angus/angus-activation/2.0.1/angus-activation-2.0.1.jar:/Users/bahadirbozoglu/.m2/repository/org/glassfish/jaxb/txw2/4.0.4/txw2-4.0.4.jar:/Users/bahadirbozoglu/.m2/repository/com/sun/istack/istack-commons-runtime/4.1.2/istack-commons-runtime-4.1.2.jar:/Users/bahadirbozoglu/.m2/repository/jakarta/inject/jakarta.inject-api/2.0.1/jakarta.inject-api-2.0.1.jar:/Users/bahadirbozoglu/.m2/repository/org/antlr/antlr4-runtime/4.13.0/antlr4-runtime-4.13.0.jar:/Users/bahadirbozoglu/.m2/repository/org/springframework/data/spring-data-jpa/3.2.1/spring-data-jpa-3.2.1.jar:/Users/bahadirbozoglu/.m2/repository/org/springframework/data/spring-data-commons/3.2.1/spring-data-commons-3.2.1.jar:/Users/bahadirbozoglu/.m2/repository/org/springframework/spring-orm/6.1.2/spring-orm-6.1.2.jar:/Users/bahadirbozoglu/.m2/repository/org/springframework/spring-tx/6.1.2/spring-tx-6.1.2.jar:/Users/bahadirbozoglu/.m2/repository/org/slf4j/slf4j-api/2.0.9/slf4j-api-2.0.9.jar:/Users/bahadirbozoglu/.m2/repository/org/springframework/spring-aspects/6.1.2/spring-aspects-6.1.2.jar:/Users/bahadirbozoglu/.m2/repository/org/springframework/boot/spring-boot-starter-security/3.2.1/spring-boot-starter-security-3.2.1.jar:/Users/bahadirbozoglu/.m2/repository/org/springframework/spring-aop/6.1.2/spring-aop-6.1.2.jar:/Users/bahadirbozoglu/.m2/repository/org/springframework/security/spring-security-config/6.2.1/spring-security-config-6.2.1.jar:/Users/bahadirbozoglu/.m2/repository/org/springframework/security/spring-security-web/6.2.1/spring-security-web-6.2.1.jar:/Users/bahadirbozoglu/.m2/repository/org/springframework/boot/spring-boot-starter-validation/3.2.1/spring-boot-starter-validation-3.2.1.jar:/Users/bahadirbozoglu/.m2/repository/org/apache/tomcat/embed/tomcat-embed-el/10.1.17/tomcat-embed-el-10.1.17.jar:/Users/bahadirbozoglu/.m2/repository/org/hibernate/validator/hibernate-validator/8.0.1.Final/hibernate-validator-8.0.1.Final.jar:/Users/bahadirbozoglu/.m2/repository/jakarta/validation/jakarta.validation-api/3.0.2/jakarta.validation-api-3.0.2.jar:/Users/bahadirbozoglu/.m2/repository/com/h2database/h2/2.2.224/h2-2.2.224.jar:/Users/bahadirbozoglu/.m2/repository/io/jsonwebtoken/jjwt-api/0.11.5/jjwt-api-0.11.5.jar:/Users/bahadirbozoglu/.m2/repository/io/jsonwebtoken/jjwt-impl/0.11.5/jjwt-impl-0.11.5.jar:/Users/bahadirbozoglu/.m2/repository/io/jsonwebtoken/jjwt-jackson/0.11.5/jjwt-jackson-0.11.5.jar:/Users/bahadirbozoglu/.m2/repository/com/fasterxml/jackson/core/jackson-databind/2.15.3/jackson-databind-2.15.3.jar:/Users/bahadirbozoglu/.m2/repository/com/fasterxml/jackson/core/jackson-annotations/2.15.3/jackson-annotations-2.15.3.jar:/Users/bahadirbozoglu/.m2/repository/com/fasterxml/jackson/core/jackson-core/2.15.3/jackson-core-2.15.3.jar:/Users/bahadirbozoglu/.m2/repository/org/springframework/boot/spring-boot-starter-test/3.2.1/spring-boot-starter-test-3.2.1.jar:/Users/bahadirbozoglu/.m2/repository/org/springframework/boot/spring-boot-test/3.2.1/spring-boot-test-3.2.1.jar:/Users/bahadirbozoglu/.m2/repository/org/springframework/boot/spring-boot-test-autoconfigure/3.2.1/spring-boot-test-autoconfigure-3.2.1.jar:/Users/bahadirbozoglu/.m2/repository/com/jayway/jsonpath/json-path/2.8.0/json-path-2.8.0.jar:/Users/bahadirbozoglu/.m2/repository/jakarta/xml/bind/jakarta.xml.bind-api/4.0.1/jakarta.xml.bind-api-4.0.1.jar:/Users/bahadirbozoglu/.m2/repository/jakarta/activation/jakarta.activation-api/2.1.2/jakarta.activation-api-2.1.2.jar:/Users/bahadirbozoglu/.m2/repository/net/minidev/json-smart/2.5.0/json-smart-2.5.0.jar:/Users/bahadirbozoglu/.m2/repository/net/minidev/accessors-smart/2.5.0/accessors-smart-2.5.0.jar:/Users/bahadirbozoglu/.m2/repository/org/ow2/asm/asm/9.3/asm-9.3.jar:/Users/bahadirbozoglu/.m2/repository/org/assertj/assertj-core/3.24.2/assertj-core-3.24.2.jar:/Users/bahadirbozoglu/.m2/repository/org/awaitility/awaitility/4.2.0/awaitility-4.2.0.jar:/Users/bahadirbozoglu/.m2/repository/org/hamcrest/hamcrest/2.2/hamcrest-2.2.jar:/Users/bahadirbozoglu/.m2/repository/org/junit/jupiter/junit-jupiter/5.10.1/junit-jupiter-5.10.1.jar:/Users/bahadirbozoglu/.m2/repository/org/junit/jupiter/junit-jupiter-api/5.10.1/junit-jupiter-api-5.10.1.jar:/Users/bahadirbozoglu/.m2/repository/org/opentest4j/opentest4j/1.3.0/opentest4j-1.3.0.jar:/Users/bahadirbozoglu/.m2/repository/org/junit/platform/junit-platform-commons/1.10.1/junit-platform-commons-1.10.1.jar:/Users/bahadirbozoglu/.m2/repository/org/apiguardian/apiguardian-api/1.1.2/apiguardian-api-1.1.2.jar:/Users/bahadirbozoglu/.m2/repository/org/junit/jupiter/junit-jupiter-params/5.10.1/junit-jupiter-params-5.10.1.jar:/Users/bahadirbozoglu/.m2/repository/org/junit/jupiter/junit-jupiter-engine/5.10.1/junit-jupiter-engine-5.10.1.jar:/Users/bahadirbozoglu/.m2/repository/org/junit/platform/junit-platform-engine/1.10.1/junit-platform-engine-1.10.1.jar:/Users/bahadirbozoglu/.m2/repository/org/mockito/mockito-core/5.7.0/mockito-core-5.7.0.jar:/Users/bahadirbozoglu/.m2/repository/net/bytebuddy/byte-buddy-agent/1.14.10/byte-buddy-agent-1.14.10.jar:/Users/bahadirbozoglu/.m2/repository/org/objenesis/objenesis/3.3/objenesis-3.3.jar:/Users/bahadirbozoglu/.m2/repository/org/mockito/mockito-junit-jupiter/5.7.0/mockito-junit-jupiter-5.7.0.jar:/Users/bahadirbozoglu/.m2/repository/org/skyscreamer/jsonassert/1.5.1/jsonassert-1.5.1.jar:/Users/bahadirbozoglu/.m2/repository/com/vaadin/external/google/android-json/0.0.20131108.vaadin1/android-json-0.0.20131108.vaadin1.jar:/Users/bahadirbozoglu/.m2/repository/org/springframework/spring-core/6.1.2/spring-core-6.1.2.jar:/Users/bahadirbozoglu/.m2/repository/org/springframework/spring-jcl/6.1.2/spring-jcl-6.1.2.jar:/Users/bahadirbozoglu/.m2/repository/org/springframework/spring-test/6.1.2/spring-test-6.1.2.jar:/Users/bahadirbozoglu/.m2/repository/org/xmlunit/xmlunit-core/2.9.1/xmlunit-core-2.9.1.jar:/Users/bahadirbozoglu/.m2/repository/org/springframework/security/spring-security-test/6.2.1/spring-security-test-6.2.1.jar:/Users/bahadirbozoglu/.m2/repository/org/springframework/security/spring-security-core/6.2.1/spring-security-core-6.2.1.jar:/Users/bahadirbozoglu/.m2/repository/org/springframework/security/spring-security-crypto/6.2.1/spring-security-crypto-6.2.1.jar:/Users/bahadirbozoglu/.m2/repository/org/testcontainers/junit-jupiter/1.19.3/junit-jupiter-1.19.3.jar:/Users/bahadirbozoglu/.m2/repository/org/testcontainers/testcontainers/1.19.3/testcontainers-1.19.3.jar:/Users/bahadirbozoglu/.m2/repository/junit/junit/4.13.2/junit-4.13.2.jar:/Users/bahadirbozoglu/.m2/repository/org/hamcrest/hamcrest-core/2.2/hamcrest-core-2.2.jar:/Users/bahadirbozoglu/.m2/repository/org/apache/commons/commons-compress/1.24.0/commons-compress-1.24.0.jar:/Users/bahadirbozoglu/.m2/repository/org/rnorth/duct-tape/duct-tape/1.0.8/duct-tape-1.0.8.jar:/Users/bahadirbozoglu/.m2/repository/org/jetbrains/annotations/17.0.0/annotations-17.0.0.jar:/Users/bahadirbozoglu/.m2/repository/com/github/docker-java/docker-java-api/3.3.4/docker-java-api-3.3.4.jar:/Users/bahadirbozoglu/.m2/repository/com/github/docker-java/docker-java-transport-zerodep/3.3.4/docker-java-transport-zerodep-3.3.4.jar:/Users/bahadirbozoglu/.m2/repository/com/github/docker-java/docker-java-transport/3.3.4/docker-java-transport-3.3.4.jar:/Users/bahadirbozoglu/.m2/repository/net/java/dev/jna/jna/5.13.0/jna-5.13.0.jar:/Users/bahadirbozoglu/.m2/repository/org/testcontainers/postgresql/1.19.3/postgresql-1.19.3.jar:/Users/bahadirbozoglu/.m2/repository/org/testcontainers/jdbc/1.19.3/jdbc-1.19.3.jar:/Users/bahadirbozoglu/.m2/repository/org/testcontainers/database-commons/1.19.3/database-commons-1.19.3.jar:/Users/bahadirbozoglu/.m2/repository/org/postgresql/postgresql/42.6.0/postgresql-42.6.0.jar:/Users/bahadirbozoglu/.m2/repository/org/checkerframework/checker-qual/3.31.0/checker-qual-3.31.0.jar:"/>
    <property name="java.vm.vendor" value="Homebrew"/>
    <property name="sun.arch.data.model" value="64"/>
    <property name="java.vendor.url" value="https://github.com/Homebrew/homebrew-core/issues"/>
    <property name="user.timezone" value="Europe/Istanbul"/>
    <property name="org.jboss.logging.provider" value="slf4j"/>
    <property name="os.name" value="Mac OS X"/>
    <property name="java.vm.specification.version" value="21"/>
    <property name="sun.java.launcher" value="SUN_STANDARD"/>
    <property name="user.country" value="US"/>
    <property name="sun.boot.library.path" value="/usr/local/Cellar/openjdk@21/21.0.8/libexec/openjdk.jdk/Contents/Home/lib"/>
    <property name="sun.java.command" value="/Users/bahadirbozoglu/Projects/Test/kiro-test/target/surefire/surefirebooter-20250816164221529_3.jar /Users/bahadirbozoglu/Projects/Test/kiro-test/target/surefire 2025-08-16T16-42-21_432-jvmRun1 surefire-20250816164221529_1tmp surefire_0-20250816164221529_2tmp"/>
    <property name="http.nonProxyHosts" value="local|*.local|169.254/16|*.169.254/16"/>
    <property name="jdk.debug" value="release"/>
    <property name="test" value="ExpenseTrackerH2IntegrationTest"/>
    <property name="surefire.test.class.path" value="/Users/bahadirbozoglu/Projects/Test/kiro-test/target/test-classes:/Users/bahadirbozoglu/Projects/Test/kiro-test/target/classes:/Users/bahadirbozoglu/.m2/repository/org/springframework/boot/spring-boot-starter-web/3.2.1/spring-boot-starter-web-3.2.1.jar:/Users/bahadirbozoglu/.m2/repository/org/springframework/boot/spring-boot-starter/3.2.1/spring-boot-starter-3.2.1.jar:/Users/bahadirbozoglu/.m2/repository/org/springframework/boot/spring-boot/3.2.1/spring-boot-3.2.1.jar:/Users/bahadirbozoglu/.m2/repository/org/springframework/boot/spring-boot-autoconfigure/3.2.1/spring-boot-autoconfigure-3.2.1.jar:/Users/bahadirbozoglu/.m2/repository/org/springframework/boot/spring-boot-starter-logging/3.2.1/spring-boot-starter-logging-3.2.1.jar:/Users/bahadirbozoglu/.m2/repository/ch/qos/logback/logback-classic/1.4.14/logback-classic-1.4.14.jar:/Users/bahadirbozoglu/.m2/repository/ch/qos/logback/logback-core/1.4.14/logback-core-1.4.14.jar:/Users/bahadirbozoglu/.m2/repository/org/apache/logging/log4j/log4j-to-slf4j/2.21.1/log4j-to-slf4j-2.21.1.jar:/Users/bahadirbozoglu/.m2/repository/org/apache/logging/log4j/log4j-api/2.21.1/log4j-api-2.21.1.jar:/Users/bahadirbozoglu/.m2/repository/org/slf4j/jul-to-slf4j/2.0.9/jul-to-slf4j-2.0.9.jar:/Users/bahadirbozoglu/.m2/repository/jakarta/annotation/jakarta.annotation-api/2.1.1/jakarta.annotation-api-2.1.1.jar:/Users/bahadirbozoglu/.m2/repository/org/yaml/snakeyaml/2.2/snakeyaml-2.2.jar:/Users/bahadirbozoglu/.m2/repository/org/springframework/boot/spring-boot-starter-json/3.2.1/spring-boot-starter-json-3.2.1.jar:/Users/bahadirbozoglu/.m2/repository/com/fasterxml/jackson/datatype/jackson-datatype-jdk8/2.15.3/jackson-datatype-jdk8-2.15.3.jar:/Users/bahadirbozoglu/.m2/repository/com/fasterxml/jackson/datatype/jackson-datatype-jsr310/2.15.3/jackson-datatype-jsr310-2.15.3.jar:/Users/bahadirbozoglu/.m2/repository/com/fasterxml/jackson/module/jackson-module-parameter-names/2.15.3/jackson-module-parameter-names-2.15.3.jar:/Users/bahadirbozoglu/.m2/repository/org/springframework/boot/spring-boot-starter-tomcat/3.2.1/spring-boot-starter-tomcat-3.2.1.jar:/Users/bahadirbozoglu/.m2/repository/org/apache/tomcat/embed/tomcat-embed-core/10.1.17/tomcat-embed-core-10.1.17.jar:/Users/bahadirbozoglu/.m2/repository/org/apache/tomcat/embed/tomcat-embed-websocket/10.1.17/tomcat-embed-websocket-10.1.17.jar:/Users/bahadirbozoglu/.m2/repository/org/springframework/spring-web/6.1.2/spring-web-6.1.2.jar:/Users/bahadirbozoglu/.m2/repository/org/springframework/spring-beans/6.1.2/spring-beans-6.1.2.jar:/Users/bahadirbozoglu/.m2/repository/io/micrometer/micrometer-observation/1.12.1/micrometer-observation-1.12.1.jar:/Users/bahadirbozoglu/.m2/repository/io/micrometer/micrometer-commons/1.12.1/micrometer-commons-1.12.1.jar:/Users/bahadirbozoglu/.m2/repository/org/springframework/spring-webmvc/6.1.2/spring-webmvc-6.1.2.jar:/Users/bahadirbozoglu/.m2/repository/org/springframework/spring-context/6.1.2/spring-context-6.1.2.jar:/Users/bahadirbozoglu/.m2/repository/org/springframework/spring-expression/6.1.2/spring-expression-6.1.2.jar:/Users/bahadirbozoglu/.m2/repository/org/springframework/boot/spring-boot-starter-data-jpa/3.2.1/spring-boot-starter-data-jpa-3.2.1.jar:/Users/bahadirbozoglu/.m2/repository/org/springframework/boot/spring-boot-starter-aop/3.2.1/spring-boot-starter-aop-3.2.1.jar:/Users/bahadirbozoglu/.m2/repository/org/aspectj/aspectjweaver/1.9.21/aspectjweaver-1.9.21.jar:/Users/bahadirbozoglu/.m2/repository/org/springframework/boot/spring-boot-starter-jdbc/3.2.1/spring-boot-starter-jdbc-3.2.1.jar:/Users/bahadirbozoglu/.m2/repository/com/zaxxer/HikariCP/5.0.1/HikariCP-5.0.1.jar:/Users/bahadirbozoglu/.m2/repository/org/springframework/spring-jdbc/6.1.2/spring-jdbc-6.1.2.jar:/Users/bahadirbozoglu/.m2/repository/org/hibernate/orm/hibernate-core/6.4.1.Final/hibernate-core-6.4.1.Final.jar:/Users/bahadirbozoglu/.m2/repository/jakarta/persistence/jakarta.persistence-api/3.1.0/jakarta.persistence-api-3.1.0.jar:/Users/bahadirbozoglu/.m2/repository/jakarta/transaction/jakarta.transaction-api/2.0.1/jakarta.transaction-api-2.0.1.jar:/Users/bahadirbozoglu/.m2/repository/org/jboss/logging/jboss-logging/3.5.3.Final/jboss-logging-3.5.3.Final.jar:/Users/bahadirbozoglu/.m2/repository/org/hibernate/common/hibernate-commons-annotations/6.0.6.Final/hibernate-commons-annotations-6.0.6.Final.jar:/Users/bahadirbozoglu/.m2/repository/io/smallrye/jandex/3.1.2/jandex-3.1.2.jar:/Users/bahadirbozoglu/.m2/repository/com/fasterxml/classmate/1.6.0/classmate-1.6.0.jar:/Users/bahadirbozoglu/.m2/repository/net/bytebuddy/byte-buddy/1.14.10/byte-buddy-1.14.10.jar:/Users/bahadirbozoglu/.m2/repository/org/glassfish/jaxb/jaxb-runtime/4.0.4/jaxb-runtime-4.0.4.jar:/Users/bahadirbozoglu/.m2/repository/org/glassfish/jaxb/jaxb-core/4.0.4/jaxb-core-4.0.4.jar:/Users/bahadirbozoglu/.m2/repository/org/eclipse/angus/angus-activation/2.0.1/angus-activation-2.0.1.jar:/Users/bahadirbozoglu/.m2/repository/org/glassfish/jaxb/txw2/4.0.4/txw2-4.0.4.jar:/Users/bahadirbozoglu/.m2/repository/com/sun/istack/istack-commons-runtime/4.1.2/istack-commons-runtime-4.1.2.jar:/Users/bahadirbozoglu/.m2/repository/jakarta/inject/jakarta.inject-api/2.0.1/jakarta.inject-api-2.0.1.jar:/Users/bahadirbozoglu/.m2/repository/org/antlr/antlr4-runtime/4.13.0/antlr4-runtime-4.13.0.jar:/Users/bahadirbozoglu/.m2/repository/org/springframework/data/spring-data-jpa/3.2.1/spring-data-jpa-3.2.1.jar:/Users/bahadirbozoglu/.m2/repository/org/springframework/data/spring-data-commons/3.2.1/spring-data-commons-3.2.1.jar:/Users/bahadirbozoglu/.m2/repository/org/springframework/spring-orm/6.1.2/spring-orm-6.1.2.jar:/Users/bahadirbozoglu/.m2/repository/org/springframework/spring-tx/6.1.2/spring-tx-6.1.2.jar:/Users/bahadirbozoglu/.m2/repository/org/slf4j/slf4j-api/2.0.9/slf4j-api-2.0.9.jar:/Users/bahadirbozoglu/.m2/repository/org/springframework/spring-aspects/6.1.2/spring-aspects-6.1.2.jar:/Users/bahadirbozoglu/.m2/repository/org/springframework/boot/spring-boot-starter-security/3.2.1/spring-boot-starter-security-3.2.1.jar:/Users/bahadirbozoglu/.m2/repository/org/springframework/spring-aop/6.1.2/spring-aop-6.1.2.jar:/Users/bahadirbozoglu/.m2/repository/org/springframework/security/spring-security-config/6.2.1/spring-security-config-6.2.1.jar:/Users/bahadirbozoglu/.m2/repository/org/springframework/security/spring-security-web/6.2.1/spring-security-web-6.2.1.jar:/Users/bahadirbozoglu/.m2/repository/org/springframework/boot/spring-boot-starter-validation/3.2.1/spring-boot-starter-validation-3.2.1.jar:/Users/bahadirbozoglu/.m2/repository/org/apache/tomcat/embed/tomcat-embed-el/10.1.17/tomcat-embed-el-10.1.17.jar:/Users/bahadirbozoglu/.m2/repository/org/hibernate/validator/hibernate-validator/8.0.1.Final/hibernate-validator-8.0.1.Final.jar:/Users/bahadirbozoglu/.m2/repository/jakarta/validation/jakarta.validation-api/3.0.2/jakarta.validation-api-3.0.2.jar:/Users/bahadirbozoglu/.m2/repository/com/h2database/h2/2.2.224/h2-2.2.224.jar:/Users/bahadirbozoglu/.m2/repository/io/jsonwebtoken/jjwt-api/0.11.5/jjwt-api-0.11.5.jar:/Users/bahadirbozoglu/.m2/repository/io/jsonwebtoken/jjwt-impl/0.11.5/jjwt-impl-0.11.5.jar:/Users/bahadirbozoglu/.m2/repository/io/jsonwebtoken/jjwt-jackson/0.11.5/jjwt-jackson-0.11.5.jar:/Users/bahadirbozoglu/.m2/repository/com/fasterxml/jackson/core/jackson-databind/2.15.3/jackson-databind-2.15.3.jar:/Users/bahadirbozoglu/.m2/repository/com/fasterxml/jackson/core/jackson-annotations/2.15.3/jackson-annotations-2.15.3.jar:/Users/bahadirbozoglu/.m2/repository/com/fasterxml/jackson/core/jackson-core/2.15.3/jackson-core-2.15.3.jar:/Users/bahadirbozoglu/.m2/repository/org/springframework/boot/spring-boot-starter-test/3.2.1/spring-boot-starter-test-3.2.1.jar:/Users/bahadirbozoglu/.m2/repository/org/springframework/boot/spring-boot-test/3.2.1/spring-boot-test-3.2.1.jar:/Users/bahadirbozoglu/.m2/repository/org/springframework/boot/spring-boot-test-autoconfigure/3.2.1/spring-boot-test-autoconfigure-3.2.1.jar:/Users/bahadirbozoglu/.m2/repository/com/jayway/jsonpath/json-path/2.8.0/json-path-2.8.0.jar:/Users/bahadirbozoglu/.m2/repository/jakarta/xml/bind/jakarta.xml.bind-api/4.0.1/jakarta.xml.bind-api-4.0.1.jar:/Users/bahadirbozoglu/.m2/repository/jakarta/activation/jakarta.activation-api/2.1.2/jakarta.activation-api-2.1.2.jar:/Users/bahadirbozoglu/.m2/repository/net/minidev/json-smart/2.5.0/json-smart-2.5.0.jar:/Users/bahadirbozoglu/.m2/repository/net/minidev/accessors-smart/2.5.0/accessors-smart-2.5.0.jar:/Users/bahadirbozoglu/.m2/repository/org/ow2/asm/asm/9.3/asm-9.3.jar:/Users/bahadirbozoglu/.m2/repository/org/assertj/assertj-core/3.24.2/assertj-core-3.24.2.jar:/Users/bahadirbozoglu/.m2/repository/org/awaitility/awaitility/4.2.0/awaitility-4.2.0.jar:/Users/bahadirbozoglu/.m2/repository/org/hamcrest/hamcrest/2.2/hamcrest-2.2.jar:/Users/bahadirbozoglu/.m2/repository/org/junit/jupiter/junit-jupiter/5.10.1/junit-jupiter-5.10.1.jar:/Users/bahadirbozoglu/.m2/repository/org/junit/jupiter/junit-jupiter-api/5.10.1/junit-jupiter-api-5.10.1.jar:/Users/bahadirbozoglu/.m2/repository/org/opentest4j/opentest4j/1.3.0/opentest4j-1.3.0.jar:/Users/bahadirbozoglu/.m2/repository/org/junit/platform/junit-platform-commons/1.10.1/junit-platform-commons-1.10.1.jar:/Users/bahadirbozoglu/.m2/repository/org/apiguardian/apiguardian-api/1.1.2/apiguardian-api-1.1.2.jar:/Users/bahadirbozoglu/.m2/repository/org/junit/jupiter/junit-jupiter-params/5.10.1/junit-jupiter-params-5.10.1.jar:/Users/bahadirbozoglu/.m2/repository/org/junit/jupiter/junit-jupiter-engine/5.10.1/junit-jupiter-engine-5.10.1.jar:/Users/bahadirbozoglu/.m2/repository/org/junit/platform/junit-platform-engine/1.10.1/junit-platform-engine-1.10.1.jar:/Users/bahadirbozoglu/.m2/repository/org/mockito/mockito-core/5.7.0/mockito-core-5.7.0.jar:/Users/bahadirbozoglu/.m2/repository/net/bytebuddy/byte-buddy-agent/1.14.10/byte-buddy-agent-1.14.10.jar:/Users/bahadirbozoglu/.m2/repository/org/objenesis/objenesis/3.3/objenesis-3.3.jar:/Users/bahadirbozoglu/.m2/repository/org/mockito/mockito-junit-jupiter/5.7.0/mockito-junit-jupiter-5.7.0.jar:/Users/bahadirbozoglu/.m2/repository/org/skyscreamer/jsonassert/1.5.1/jsonassert-1.5.1.jar:/Users/bahadirbozoglu/.m2/repository/com/vaadin/external/google/android-json/0.0.20131108.vaadin1/android-json-0.0.20131108.vaadin1.jar:/Users/bahadirbozoglu/.m2/repository/org/springframework/spring-core/6.1.2/spring-core-6.1.2.jar:/Users/bahadirbozoglu/.m2/repository/org/springframework/spring-jcl/6.1.2/spring-jcl-6.1.2.jar:/Users/bahadirbozoglu/.m2/repository/org/springframework/spring-test/6.1.2/spring-test-6.1.2.jar:/Users/bahadirbozoglu/.m2/repository/org/xmlunit/xmlunit-core/2.9.1/xmlunit-core-2.9.1.jar:/Users/bahadirbozoglu/.m2/repository/org/springframework/security/spring-security-test/6.2.1/spring-security-test-6.2.1.jar:/Users/bahadirbozoglu/.m2/repository/org/springframework/security/spring-security-core/6.2.1/spring-security-core-6.2.1.jar:/Users/bahadirbozoglu/.m2/repository/org/springframework/security/spring-security-crypto/6.2.1/spring-security-crypto-6.2.1.jar:/Users/bahadirbozoglu/.m2/repository/org/testcontainers/junit-jupiter/1.19.3/junit-jupiter-1.19.3.jar:/Users/bahadirbozoglu/.m2/repository/org/testcontainers/testcontainers/1.19.3/testcontainers-1.19.3.jar:/Users/bahadirbozoglu/.m2/repository/junit/junit/4.13.2/junit-4.13.2.jar:/Users/bahadirbozoglu/.m2/repository/org/hamcrest/hamcrest-core/2.2/hamcrest-core-2.2.jar:/Users/bahadirbozoglu/.m2/repository/org/apache/commons/commons-compress/1.24.0/commons-compress-1.24.0.jar:/Users/bahadirbozoglu/.m2/repository/org/rnorth/duct-tape/duct-tape/1.0.8/duct-tape-1.0.8.jar:/Users/bahadirbozoglu/.m2/repository/org/jetbrains/annotations/17.0.0/annotations-17.0.0.jar:/Users/bahadirbozoglu/.m2/repository/com/github/docker-java/docker-java-api/3.3.4/docker-java-api-3.3.4.jar:/Users/bahadirbozoglu/.m2/repository/com/github/docker-java/docker-java-transport-zerodep/3.3.4/docker-java-transport-zerodep-3.3.4.jar:/Users/bahadirbozoglu/.m2/repository/com/github/docker-java/docker-java-transport/3.3.4/docker-java-transport-3.3.4.jar:/Users/bahadirbozoglu/.m2/repository/net/java/dev/jna/jna/5.13.0/jna-5.13.0.jar:/Users/bahadirbozoglu/.m2/repository/org/testcontainers/postgresql/1.19.3/postgresql-1.19.3.jar:/Users/bahadirbozoglu/.m2/repository/org/testcontainers/jdbc/1.19.3/jdbc-1.19.3.jar:/Users/bahadirbozoglu/.m2/repository/org/testcontainers/database-commons/1.19.3/database-commons-1.19.3.jar:/Users/bahadirbozoglu/.m2/repository/org/postgresql/postgresql/42.6.0/postgresql-42.6.0.jar:/Users/bahadirbozoglu/.m2/repository/org/checkerframework/checker-qual/3.31.0/checker-qual-3.31.0.jar:"/>
    <property name="sun.cpu.endian" value="little"/>
    <property name="user.home" value="/Users/bahadirbozoglu"/>
    <property name="user.language" value="en"/>
    <property name="java.specification.vendor" value="Oracle Corporation"/>
    <property name="java.version.date" value="2025-07-15"/>
    <property name="java.home" value="/usr/local/Cellar/openjdk@21/21.0.8/libexec/openjdk.jdk/Contents/Home"/>
    <property name="file.separator" value="/"/>
    <property name="basedir" value="/Users/bahadirbozoglu/Projects/Test/kiro-test"/>
    <property name="java.vm.compressedOopsMode" value="Zero based"/>
    <property name="line.separator" value="&#10;"/>
    <property name="java.vm.specification.vendor" value="Oracle Corporation"/>
    <property name="java.specification.name" value="Java Platform API Specification"/>
    <property name="FILE_LOG_CHARSET" value="UTF-8"/>
    <property name="java.awt.headless" value="true"/>
    <property name="apple.awt.application.name" value="ForkedBooter"/>
    <property name="surefire.real.class.path" value="/Users/bahadirbozoglu/Projects/Test/kiro-test/target/surefire/surefirebooter-20250816164221529_3.jar"/>
    <property name="sun.management.compiler" value="HotSpot 64-Bit Tiered Compilers"/>
    <property name="ftp.nonProxyHosts" value="local|*.local|169.254/16|*.169.254/16"/>
    <property name="java.runtime.version" value="21.0.8"/>
    <property name="user.name" value="bahadirbozoglu"/>
    <property name="stdout.encoding" value="UTF-8"/>
    <property name="path.separator" value=":"/>
    <property name="os.version" value="15.5"/>
    <property name="java.runtime.name" value="OpenJDK Runtime Environment"/>
    <property name="file.encoding" value="UTF-8"/>
    <property name="java.vm.name" value="OpenJDK 64-Bit Server VM"/>
    <property name="java.vendor.version" value="Homebrew"/>
    <property name="localRepository" value="/Users/bahadirbozoglu/.m2/repository"/>
    <property name="java.vendor.url.bug" value="https://github.com/Homebrew/homebrew-core/issues"/>
    <property name="java.io.tmpdir" value="/var/folders/_s/2mvngjb15351mc7ctsrcz5sh0000gn/T/"/>
    <property name="com.zaxxer.hikari.pool_number" value="1"/>
    <property name="java.version" value="21.0.8"/>
    <property name="user.dir" value="/Users/bahadirbozoglu/Projects/Test/kiro-test"/>
    <property name="os.arch" value="x86_64"/>
    <property name="java.vm.specification.name" value="Java Virtual Machine Specification"/>
    <property name="PID" value="10047"/>
    <property name="CONSOLE_LOG_CHARSET" value="UTF-8"/>
    <property name="native.encoding" value="UTF-8"/>
    <property name="java.library.path" value="/Users/bahadirbozoglu/Library/Java/Extensions:/Library/Java/Extensions:/Network/Library/Java/Extensions:/System/Library/Java/Extensions:/usr/lib/java:."/>
    <property name="java.vm.info" value="mixed mode, sharing"/>
    <property name="stderr.encoding" value="UTF-8"/>
    <property name="java.vendor" value="Homebrew"/>
    <property name="java.vm.version" value="21.0.8"/>
    <property name="sun.io.unicode.encoding" value="UnicodeBig"/>
    <property name="socksNonProxyHosts" value="local|*.local|169.254/16|*.169.254/16"/>
    <property name="java.class.version" value="65.0"/>
    <property name="LOGGED_APPLICATION_NAME" value="[expense-tracker-test] "/>
  </properties>
  <testcase name="shouldCompleteUserRegistrationFlow" classname="com.fintech.expensetracker.integration.ExpenseTrackerH2IntegrationTest" time="0.959">
    <system-out><![CDATA[16:42:22.414 [main] INFO org.springframework.test.context.support.AnnotationConfigContextLoaderUtils -- Could not detect default configuration classes for test class [com.fintech.expensetracker.integration.ExpenseTrackerH2IntegrationTest]: ExpenseTrackerH2IntegrationTest does not declare any static, non-private, non-final, nested classes annotated with @Configuration.
16:42:22.547 [main] INFO org.springframework.boot.test.context.SpringBootTestContextBootstrapper -- Found @SpringBootConfiguration com.fintech.expensetracker.ExpenseTrackerApplication for test class com.fintech.expensetracker.integration.ExpenseTrackerH2IntegrationTest

  .   ____          _            __ _ _
 /\\ / ___'_ __ _ _(_)_ __  __ _ \ \ \ \
( ( )\___ | '_ | '_| | '_ \/ _` | \ \ \ \
 \\/  ___)| |_)| | | | | || (_| |  ) ) ) )
  '  |____| .__|_| |_|_| |_\__, | / / / /
 =========|_|==============|___/=/_/_/_/
 :: Spring Boot ::                (v3.2.1)

2025-08-16T16:42:23.019+03:00  INFO 10047 --- [expense-tracker-test] [           main] c.f.e.i.ExpenseTrackerH2IntegrationTest  : Starting ExpenseTrackerH2IntegrationTest using Java 21.0.8 with PID 10047 (started by bahadirbozoglu in /Users/bahadirbozoglu/Projects/Test/kiro-test)
2025-08-16T16:42:23.020+03:00  INFO 10047 --- [expense-tracker-test] [           main] c.f.e.i.ExpenseTrackerH2IntegrationTest  : The following 1 profile is active: "test"
2025-08-16T16:42:23.835+03:00  INFO 10047 --- [expense-tracker-test] [           main] .s.d.r.c.RepositoryConfigurationDelegate : Bootstrapping Spring Data JPA repositories in DEFAULT mode.
2025-08-16T16:42:23.903+03:00  INFO 10047 --- [expense-tracker-test] [           main] .s.d.r.c.RepositoryConfigurationDelegate : Finished Spring Data repository scanning in 58 ms. Found 4 JPA repository interfaces.
2025-08-16T16:42:24.579+03:00  INFO 10047 --- [expense-tracker-test] [           main] o.hibernate.jpa.internal.util.LogHelper  : HHH000204: Processing PersistenceUnitInfo [name: default]
2025-08-16T16:42:24.685+03:00  INFO 10047 --- [expense-tracker-test] [           main] org.hibernate.Version                    : HHH000412: Hibernate ORM core version 6.4.1.Final
2025-08-16T16:42:24.726+03:00  INFO 10047 --- [expense-tracker-test] [           main] o.h.c.internal.RegionFactoryInitiator    : HHH000026: Second-level cache disabled
2025-08-16T16:42:25.079+03:00  INFO 10047 --- [expense-tracker-test] [           main] o.s.o.j.p.SpringPersistenceUnitInfo      : No LoadTimeWeaver setup: ignoring JPA class transformer
2025-08-16T16:42:25.112+03:00  INFO 10047 --- [expense-tracker-test] [           main] com.zaxxer.hikari.HikariDataSource       : HikariPool-1 - Starting...
2025-08-16T16:42:25.379+03:00  INFO 10047 --- [expense-tracker-test] [           main] com.zaxxer.hikari.pool.HikariPool        : HikariPool-1 - Added connection conn0: url=jdbc:h2:mem:testdb user=SA
2025-08-16T16:42:25.381+03:00  INFO 10047 --- [expense-tracker-test] [           main] com.zaxxer.hikari.HikariDataSource       : HikariPool-1 - Start completed.
2025-08-16T16:42:25.420+03:00  WARN 10047 --- [expense-tracker-test] [           main] org.hibernate.orm.deprecation            : HHH90000025: H2Dialect does not need to be specified explicitly using 'hibernate.dialect' (remove the property setting and it will be selected by default)
2025-08-16T16:42:26.598+03:00  INFO 10047 --- [expense-tracker-test] [           main] o.h.e.t.j.p.i.JtaPlatformInitiator       : HHH000489: No JTA platform available (set 'hibernate.transaction.jta.platform' to enable JTA platform integration)
2025-08-16T16:42:26.654+03:00  INFO 10047 --- [expense-tracker-test] [           main] j.LocalContainerEntityManagerFactoryBean : Initialized JPA EntityManagerFactory for persistence unit 'default'
2025-08-16T16:42:26.981+03:00  INFO 10047 --- [expense-tracker-test] [           main] o.s.d.j.r.query.QueryEnhancerFactory     : Hibernate is in classpath; If applicable, HQL parser will be used.
2025-08-16T16:42:28.156+03:00  WARN 10047 --- [expense-tracker-test] [           main] JpaBaseConfiguration$JpaWebConfiguration : spring.jpa.open-in-view is enabled by default. Therefore, database queries may be performed during view rendering. Explicitly configure spring.jpa.open-in-view to disable this warning
2025-08-16T16:42:28.824+03:00  INFO 10047 --- [expense-tracker-test] [           main] o.s.b.a.h2.H2ConsoleAutoConfiguration    : H2 console available at '/h2-console'. Database available at 'jdbc:h2:mem:testdb'
2025-08-16T16:42:28.888+03:00  INFO 10047 --- [expense-tracker-test] [           main] o.s.b.t.m.w.SpringBootMockServletContext : Initializing Spring TestDispatcherServlet ''
2025-08-16T16:42:28.888+03:00  INFO 10047 --- [expense-tracker-test] [           main] o.s.t.web.servlet.TestDispatcherServlet  : Initializing Servlet ''
2025-08-16T16:42:28.890+03:00  INFO 10047 --- [expense-tracker-test] [           main] o.s.t.web.servlet.TestDispatcherServlet  : Completed initialization in 2 ms
2025-08-16T16:42:28.908+03:00  INFO 10047 --- [expense-tracker-test] [           main] c.f.e.i.ExpenseTrackerH2IntegrationTest  : Started ExpenseTrackerH2IntegrationTest in 6.195 seconds (process running for 7.279)
2025-08-16T16:42:28.912+03:00  INFO 10047 --- [expense-tracker-test] [           main] c.f.e.config.DatabaseConfig              : Initializing default categories...
2025-08-16T16:42:29.037+03:00  WARN 10047 --- [expense-tracker-test] [           main] c.f.e.config.DatabaseConfig              : Default category not found, creating 'Uncategorized' category
2025-08-16T16:42:29.104+03:00  INFO 10047 --- [expense-tracker-test] [           main] c.f.e.config.DatabaseConfig              : Created default 'Uncategorized' category
2025-08-16T16:42:29.183+03:00  INFO 10047 --- [expense-tracker-test] [           main] c.f.e.config.DatabaseConfig              : Created 23 missing essential categories
2025-08-16T16:42:29.196+03:00  INFO 10047 --- [expense-tracker-test] [           main] c.f.e.config.DatabaseConfig              : Database initialization complete. Total categories: 24
2025-08-16T16:42:29.906+03:00  INFO 10047 --- [expense-tracker-test] [           main] c.f.e.controller.AuthController          : Registration request received for email: integration@example.com
2025-08-16T16:42:29.907+03:00  INFO 10047 --- [expense-tracker-test] [           main] c.f.expensetracker.service.UserService   : Attempting to register user with email: integration@example.com
2025-08-16T16:42:30.006+03:00  INFO 10047 --- [expense-tracker-test] [           main] c.f.expensetracker.service.UserService   : User registered successfully with ID: 1
2025-08-16T16:42:30.037+03:00  INFO 10047 --- [expense-tracker-test] [           main] c.f.e.controller.AuthController          : User registered successfully: integration@example.com
2025-08-16T16:42:30.150+03:00  INFO 10047 --- [expense-tracker-test] [           main] c.f.e.controller.AuthController          : Registration request received for email: integration@example.com
2025-08-16T16:42:30.150+03:00  INFO 10047 --- [expense-tracker-test] [           main] c.f.expensetracker.service.UserService   : Attempting to register user with email: integration@example.com
2025-08-16T16:42:30.153+03:00  WARN 10047 --- [expense-tracker-test] [           main] c.f.expensetracker.service.UserService   : Registration failed - email already exists: integration@example.com
2025-08-16T16:42:30.157+03:00  WARN 10047 --- [expense-tracker-test] [           main] c.f.e.exception.GlobalExceptionHandler   : Bad request exception: Email address is already in use
]]></system-out>
    <system-err><![CDATA[WARNING: A Java agent has been loaded dynamically (/Users/bahadirbozoglu/.m2/repository/net/bytebuddy/byte-buddy-agent/1.14.10/byte-buddy-agent-1.14.10.jar)
WARNING: If a serviceability tool is in use, please run with -XX:+EnableDynamicAgentLoading to hide this warning
WARNING: If a serviceability tool is not in use, please run with -Djdk.instrument.traceUsage for more information
WARNING: Dynamic loading of agents will be disallowed by default in a future release
]]></system-err>
  </testcase>
  <testcase name="shouldCompleteAuthenticationFlow" classname="com.fintech.expensetracker.integration.ExpenseTrackerH2IntegrationTest" time="0.248">
    <system-out><![CDATA[2025-08-16T16:42:30.177+03:00  INFO 10047 --- [expense-tracker-test] [           main] c.f.e.controller.AuthController          : Login request received for email: integration@example.com
2025-08-16T16:42:30.178+03:00  INFO 10047 --- [expense-tracker-test] [           main] c.f.expensetracker.service.UserService   : Attempting to authenticate user with email: integration@example.com
2025-08-16T16:42:30.340+03:00  INFO 10047 --- [expense-tracker-test] [           main] c.f.expensetracker.service.UserService   : User authenticated successfully: integration@example.com
2025-08-16T16:42:30.340+03:00  INFO 10047 --- [expense-tracker-test] [           main] c.f.e.controller.AuthController          : User authenticated successfully: integration@example.com
2025-08-16T16:42:30.343+03:00  INFO 10047 --- [expense-tracker-test] [           main] c.f.e.controller.AuthController          : Login request received for email: integration@example.com
2025-08-16T16:42:30.343+03:00  INFO 10047 --- [expense-tracker-test] [           main] c.f.expensetracker.service.UserService   : Attempting to authenticate user with email: integration@example.com
2025-08-16T16:42:30.413+03:00  WARN 10047 --- [expense-tracker-test] [           main] c.f.expensetracker.service.UserService   : Authentication failed for email: integration@example.com
2025-08-16T16:42:30.414+03:00  WARN 10047 --- [expense-tracker-test] [           main] c.f.e.exception.GlobalExceptionHandler   : Authentication failed: Invalid email or password
]]></system-out>
  </testcase>
  <testcase name="shouldCompleteAccountManagementFlow" classname="com.fintech.expensetracker.integration.ExpenseTrackerH2IntegrationTest" time="0.135">
    <system-out><![CDATA[2025-08-16T16:42:30.460+03:00  INFO 10047 --- [expense-tracker-test] [           main] c.f.e.controller.AccountController       : Creating account for user ID: 1 with name: Integration Test Account
2025-08-16T16:42:30.461+03:00  INFO 10047 --- [expense-tracker-test] [           main] c.f.e.service.AccountService             : Creating account for user ID: 1
2025-08-16T16:42:30.464+03:00  INFO 10047 --- [expense-tracker-test] [           main] c.f.e.service.AccountService             : Successfully created account with ID: 1 for user ID: 1
2025-08-16T16:42:30.479+03:00  INFO 10047 --- [expense-tracker-test] [           main] c.f.e.controller.AccountController       : Successfully created account ID: 1 for user ID: 1
2025-08-16T16:42:30.490+03:00  INFO 10047 --- [expense-tracker-test] [           main] c.f.e.controller.AccountController       : Retrieving accounts for user ID: 1
2025-08-16T16:42:30.491+03:00  INFO 10047 --- [expense-tracker-test] [           main] c.f.e.service.AccountService             : Retrieving accounts for user ID: 1
2025-08-16T16:42:30.501+03:00  INFO 10047 --- [expense-tracker-test] [           main] c.f.e.service.AccountService             : Found 1 accounts for user ID: 1
2025-08-16T16:42:30.507+03:00  INFO 10047 --- [expense-tracker-test] [           main] c.f.e.controller.AccountController       : Retrieved 1 accounts for user ID: 1
2025-08-16T16:42:30.524+03:00  INFO 10047 --- [expense-tracker-test] [           main] c.f.e.controller.AccountController       : Updating account ID: 1 for user ID: 1
2025-08-16T16:42:30.525+03:00  INFO 10047 --- [expense-tracker-test] [           main] c.f.e.service.AccountService             : Updating account ID: 1 for user ID: 1
2025-08-16T16:42:30.529+03:00  INFO 10047 --- [expense-tracker-test] [           main] c.f.e.service.AccountService             : Successfully updated account ID: 1 for user ID: 1
2025-08-16T16:42:30.541+03:00  INFO 10047 --- [expense-tracker-test] [           main] c.f.e.controller.AccountController       : Successfully updated account ID: 1 for user ID: 1
2025-08-16T16:42:30.547+03:00  INFO 10047 --- [expense-tracker-test] [           main] c.f.e.controller.AccountController       : Calculating balance for account ID: 1 for user ID: 1
2025-08-16T16:42:30.548+03:00  INFO 10047 --- [expense-tracker-test] [           main] c.f.e.service.AccountService             : Calculating balance for account ID: 1 for user ID: 1
2025-08-16T16:42:30.550+03:00  INFO 10047 --- [expense-tracker-test] [           main] c.f.e.service.AccountService             : Calculated balance for account ID: 1 is: 1500.00
2025-08-16T16:42:30.551+03:00  INFO 10047 --- [expense-tracker-test] [           main] c.f.e.controller.AccountController       : Calculated balance for account ID: 1 is: 1500.00
]]></system-out>
  </testcase>
  <testcase name="shouldCompleteTransactionManagementFlow" classname="com.fintech.expensetracker.integration.ExpenseTrackerH2IntegrationTest" time="0.061">
    <failure message="Status expected:&lt;201&gt; but was:&lt;400&gt;" type="java.lang.AssertionError"><![CDATA[java.lang.AssertionError: Status expected:<201> but was:<400>
	at org.springframework.test.util.AssertionErrors.fail(AssertionErrors.java:59)
	at org.springframework.test.util.AssertionErrors.assertEquals(AssertionErrors.java:122)
	at org.springframework.test.web.servlet.result.StatusResultMatchers.lambda$matcher$9(StatusResultMatchers.java:637)
	at org.springframework.test.web.servlet.MockMvc$1.andExpect(MockMvc.java:214)
	at com.fintech.expensetracker.integration.ExpenseTrackerH2IntegrationTest.shouldCompleteTransactionManagementFlow(ExpenseTrackerH2IntegrationTest.java:208)
	at java.base/java.lang.reflect.Method.invoke(Method.java:580)
	at java.base/java.util.ArrayList.forEach(ArrayList.java:1596)
	at java.base/java.util.ArrayList.forEach(ArrayList.java:1596)
]]></failure>
    <system-out><![CDATA[2025-08-16T16:42:30.571+03:00  INFO 10047 --- [expense-tracker-test] [           main] c.f.e.controller.TransactionController   : Creating transaction for user ID: 1 with amount: 3000.00 and description: 'Monthly Salary'
2025-08-16T16:42:30.579+03:00  INFO 10047 --- [expense-tracker-test] [           main] c.f.e.service.TransactionService         : Created transaction with ID 1 for user 1
2025-08-16T16:42:30.581+03:00  INFO 10047 --- [expense-tracker-test] [           main] c.f.e.controller.TransactionController   : Successfully created transaction ID: 1 for user ID: 1
2025-08-16T16:42:30.596+03:00  INFO 10047 --- [expense-tracker-test] [           main] c.f.e.controller.TransactionController   : Creating transaction for user ID: 1 with amount: 1200.00 and description: 'Rent'
2025-08-16T16:42:30.607+03:00  WARN 10047 --- [expense-tracker-test] [           main] c.f.e.exception.GlobalExceptionHandler   : Constraint violation: Validation failed for classes [com.fintech.expensetracker.entity.Transaction] during persist time for groups [jakarta.validation.groups.Default, ]
List of constraint violations:[
	ConstraintViolationImpl{interpolatedMessage='Amount must be greater than 0', propertyPath=amount, rootBeanClass=class com.fintech.expensetracker.entity.Transaction, messageTemplate='Amount must be greater than 0'}
]

MockHttpServletRequest:
      HTTP Method = POST
      Request URI = /api/v1/transactions
       Parameters = {}
          Headers = [Content-Type:"application/json;charset=UTF-8", Authorization:"Bearer eyJhbGciOiJIUzUxMiJ9.eyJzdWIiOiIxIiwiaWF0IjoxNzU1MzUxNzUwLCJleHAiOjE3NTUzNTUzNTB9.1i4b8WeUHRlhyXyv2n-qNXmI66ldUu_1NMlN80z_tc39WKeFmT8iyL9osXtjY23L_vTBd9GC2HcZQs6Q1JtBsA", Content-Length:"128"]
             Body = {"amount":3000.00,"description":"Monthly Salary","transactionDate":"2025-08-16","accountId":1,"categoryId":null,"type":"INCOME"}
    Session Attrs = {}

Handler:
             Type = com.fintech.expensetracker.controller.TransactionController
           Method = com.fintech.expensetracker.controller.TransactionController#createTransaction(CreateTransactionRequest, UserPrincipal)

Async:
    Async started = false
     Async result = null

Resolved Exception:
             Type = null

ModelAndView:
        View name = null
             View = null
            Model = null

FlashMap:
       Attributes = null

MockHttpServletResponse:
           Status = 201
    Error message = null
          Headers = [Vary:"Origin", "Access-Control-Request-Method", "Access-Control-Request-Headers", Content-Type:"application/json", X-Content-Type-Options:"nosniff", X-XSS-Protection:"0", Cache-Control:"no-cache, no-store, max-age=0, must-revalidate", Pragma:"no-cache", Expires:"0"]
     Content type = application/json
             Body = {"id":1,"amount":3000.00,"description":"Monthly Salary","transactionDate":"2025-08-16","account":{"id":1,"name":"Updated Integration Account","type":"CHECKING","initialBalance":null,"currentBalance":null,"createdAt":null,"updatedAt":null},"category":{"id":1,"name":"Uncategorized","description":"Default category for transactions without a specific category","default":true},"type":"INCOME","createdAt":"2025-08-16T16:42:30.578037","updatedAt":"2025-08-16T16:42:30.578071"}
    Forwarded URL = null
   Redirected URL = null
          Cookies = []

MockHttpServletRequest:
      HTTP Method = POST
      Request URI = /api/v1/transactions
       Parameters = {}
          Headers = [Content-Type:"application/json;charset=UTF-8", Authorization:"Bearer eyJhbGciOiJIUzUxMiJ9.eyJzdWIiOiIxIiwiaWF0IjoxNzU1MzUxNzUwLCJleHAiOjE3NTUzNTUzNTB9.1i4b8WeUHRlhyXyv2n-qNXmI66ldUu_1NMlN80z_tc39WKeFmT8iyL9osXtjY23L_vTBd9GC2HcZQs6Q1JtBsA", Content-Length:"119"]
             Body = {"amount":1200.00,"description":"Rent","transactionDate":"2025-08-15","accountId":1,"categoryId":null,"type":"EXPENSE"}
    Session Attrs = {}

Handler:
             Type = com.fintech.expensetracker.controller.TransactionController
           Method = com.fintech.expensetracker.controller.TransactionController#createTransaction(CreateTransactionRequest, UserPrincipal)

Async:
    Async started = false
     Async result = null

Resolved Exception:
             Type = jakarta.validation.ConstraintViolationException

ModelAndView:
        View name = null
             View = null
            Model = null

FlashMap:
       Attributes = null

MockHttpServletResponse:
           Status = 400
    Error message = null
          Headers = [Vary:"Origin", "Access-Control-Request-Method", "Access-Control-Request-Headers", Content-Type:"application/json", X-Content-Type-Options:"nosniff", X-XSS-Protection:"0", Cache-Control:"no-cache, no-store, max-age=0, must-revalidate", Pragma:"no-cache", Expires:"0"]
     Content type = application/json
             Body = {"timestamp":"2025-08-16T16:42:30.607966","status":400,"error":"Validation Error","message":"Constraint validation failed","path":"/api/v1/transactions","details":{"amount":"Amount must be greater than 0"}}
    Forwarded URL = null
   Redirected URL = null
          Cookies = []
]]></system-out>
  </testcase>
  <testcase name="shouldCompleteAnalyticsFlow" classname="com.fintech.expensetracker.integration.ExpenseTrackerH2IntegrationTest" time="0.042">
    <failure message="JSON path &quot;$.totalIncome&quot; expected:&lt;3200.0&gt; but was:&lt;3000.0&gt;" type="java.lang.AssertionError"><![CDATA[java.lang.AssertionError: JSON path "$.totalIncome" expected:<3200.0> but was:<3000.0>
	at org.springframework.test.util.AssertionErrors.fail(AssertionErrors.java:59)
	at org.springframework.test.util.AssertionErrors.assertEquals(AssertionErrors.java:122)
	at org.springframework.test.util.JsonPathExpectationsHelper.assertValue(JsonPathExpectationsHelper.java:123)
	at org.springframework.test.web.servlet.result.JsonPathResultMatchers.lambda$value$2(JsonPathResultMatchers.java:111)
	at org.springframework.test.web.servlet.MockMvc$1.andExpect(MockMvc.java:214)
	at com.fintech.expensetracker.integration.ExpenseTrackerH2IntegrationTest.shouldCompleteAnalyticsFlow(ExpenseTrackerH2IntegrationTest.java:257)
	at java.base/java.lang.reflect.Method.invoke(Method.java:580)
	at java.base/java.util.ArrayList.forEach(ArrayList.java:1596)
	at java.base/java.util.ArrayList.forEach(ArrayList.java:1596)
]]></failure>
    <system-out><![CDATA[2025-08-16T16:42:30.644+03:00  INFO 10047 --- [expense-tracker-test] [           main] c.f.e.controller.AnalyticsController     : Retrieving monthly spending summary for user ID: 1 and month: 2025-08
2025-08-16T16:42:30.655+03:00  INFO 10047 --- [expense-tracker-test] [           main] c.f.e.controller.AnalyticsController     : Retrieved monthly spending summary for user ID: 1 and month: 2025-08 - Income: 3000.00, Expenses: 0, Savings: 3000.00

MockHttpServletRequest:
      HTTP Method = GET
      Request URI = /api/v1/analytics/monthly-summary
       Parameters = {month=[2025-08]}
          Headers = [Authorization:"Bearer eyJhbGciOiJIUzUxMiJ9.eyJzdWIiOiIxIiwiaWF0IjoxNzU1MzUxNzUwLCJleHAiOjE3NTUzNTUzNTB9.1i4b8WeUHRlhyXyv2n-qNXmI66ldUu_1NMlN80z_tc39WKeFmT8iyL9osXtjY23L_vTBd9GC2HcZQs6Q1JtBsA"]
             Body = null
    Session Attrs = {}

Handler:
             Type = com.fintech.expensetracker.controller.AnalyticsController
           Method = com.fintech.expensetracker.controller.AnalyticsController#getMonthlySpendingSummary(YearMonth, UserPrincipal)

Async:
    Async started = false
     Async result = null

Resolved Exception:
             Type = null

ModelAndView:
        View name = null
             View = null
            Model = null

FlashMap:
       Attributes = null

MockHttpServletResponse:
           Status = 200
    Error message = null
          Headers = [Vary:"Origin", "Access-Control-Request-Method", "Access-Control-Request-Headers", Content-Type:"application/json", X-Content-Type-Options:"nosniff", X-XSS-Protection:"0", Cache-Control:"no-cache, no-store, max-age=0, must-revalidate", Pragma:"no-cache", Expires:"0"]
     Content type = application/json
             Body = {"month":"2025-08","totalIncome":3000.00,"totalExpenses":0,"netSavings":3000.00,"savingsRate":100.00}
    Forwarded URL = null
   Redirected URL = null
          Cookies = []
]]></system-out>
  </testcase>
  <testcase name="shouldEnsureDataIsolationBetweenUsers" classname="com.fintech.expensetracker.integration.ExpenseTrackerH2IntegrationTest" time="0.222">
    <failure message="JSON path &quot;$.length()&quot; expected:&lt;5&gt; but was:&lt;11&gt;" type="java.lang.AssertionError"><![CDATA[java.lang.AssertionError: JSON path "$.length()" expected:<5> but was:<11>
	at org.springframework.test.util.AssertionErrors.fail(AssertionErrors.java:59)
	at org.springframework.test.util.AssertionErrors.assertEquals(AssertionErrors.java:122)
	at org.springframework.test.util.JsonPathExpectationsHelper.assertValue(JsonPathExpectationsHelper.java:123)
	at org.springframework.test.web.servlet.result.JsonPathResultMatchers.lambda$value$2(JsonPathResultMatchers.java:111)
	at org.springframework.test.web.servlet.MockMvc$1.andExpect(MockMvc.java:214)
	at com.fintech.expensetracker.integration.ExpenseTrackerH2IntegrationTest.shouldEnsureDataIsolationBetweenUsers(ExpenseTrackerH2IntegrationTest.java:368)
	at java.base/java.lang.reflect.Method.invoke(Method.java:580)
	at java.base/java.util.ArrayList.forEach(ArrayList.java:1596)
	at java.base/java.util.ArrayList.forEach(ArrayList.java:1596)
]]></failure>
    <system-out><![CDATA[2025-08-16T16:42:30.666+03:00  INFO 10047 --- [expense-tracker-test] [           main] c.f.e.controller.AuthController          : Registration request received for email: second@example.com
2025-08-16T16:42:30.666+03:00  INFO 10047 --- [expense-tracker-test] [           main] c.f.expensetracker.service.UserService   : Attempting to register user with email: second@example.com
2025-08-16T16:42:30.809+03:00  INFO 10047 --- [expense-tracker-test] [           main] c.f.expensetracker.service.UserService   : User registered successfully with ID: 2
2025-08-16T16:42:30.810+03:00  INFO 10047 --- [expense-tracker-test] [           main] c.f.e.controller.AuthController          : User registered successfully: second@example.com
2025-08-16T16:42:30.816+03:00  INFO 10047 --- [expense-tracker-test] [           main] c.f.e.controller.AccountController       : Creating account for user ID: 2 with name: Second User Account
2025-08-16T16:42:30.816+03:00  INFO 10047 --- [expense-tracker-test] [           main] c.f.e.service.AccountService             : Creating account for user ID: 2
2025-08-16T16:42:30.818+03:00  INFO 10047 --- [expense-tracker-test] [           main] c.f.e.service.AccountService             : Successfully created account with ID: 2 for user ID: 2
2025-08-16T16:42:30.820+03:00  INFO 10047 --- [expense-tracker-test] [           main] c.f.e.controller.AccountController       : Successfully created account ID: 2 for user ID: 2
2025-08-16T16:42:30.826+03:00  INFO 10047 --- [expense-tracker-test] [           main] c.f.e.controller.TransactionController   : Creating transaction for user ID: 2 with amount: 1000.00 and description: 'Second User Income'
2025-08-16T16:42:30.830+03:00  INFO 10047 --- [expense-tracker-test] [           main] c.f.e.service.TransactionService         : Created transaction with ID 2 for user 2
2025-08-16T16:42:30.830+03:00  INFO 10047 --- [expense-tracker-test] [           main] c.f.e.controller.TransactionController   : Successfully created transaction ID: 2 for user ID: 2
2025-08-16T16:42:30.835+03:00  INFO 10047 --- [expense-tracker-test] [           main] c.f.e.controller.AccountController       : Retrieving accounts for user ID: 1
2025-08-16T16:42:30.835+03:00  INFO 10047 --- [expense-tracker-test] [           main] c.f.e.service.AccountService             : Retrieving accounts for user ID: 1
2025-08-16T16:42:30.837+03:00  INFO 10047 --- [expense-tracker-test] [           main] c.f.e.service.AccountService             : Found 1 accounts for user ID: 1
2025-08-16T16:42:30.840+03:00  INFO 10047 --- [expense-tracker-test] [           main] c.f.e.controller.AccountController       : Retrieved 1 accounts for user ID: 1
2025-08-16T16:42:30.845+03:00  INFO 10047 --- [expense-tracker-test] [           main] c.f.e.controller.AccountController       : Retrieving accounts for user ID: 2
2025-08-16T16:42:30.845+03:00  INFO 10047 --- [expense-tracker-test] [           main] c.f.e.service.AccountService             : Retrieving accounts for user ID: 2
2025-08-16T16:42:30.847+03:00  INFO 10047 --- [expense-tracker-test] [           main] c.f.e.service.AccountService             : Found 1 accounts for user ID: 2
2025-08-16T16:42:30.847+03:00  INFO 10047 --- [expense-tracker-test] [           main] c.f.e.controller.AccountController       : Retrieved 1 accounts for user ID: 2
2025-08-16T16:42:30.854+03:00  INFO 10047 --- [expense-tracker-test] [           main] c.f.e.controller.TransactionController   : Retrieving transactions for user ID: 1 with filters - page: 0, size: 20
2025-08-16T16:42:30.868+03:00  INFO 10047 --- [expense-tracker-test] [           main] c.f.e.controller.TransactionController   : Retrieved 1 transactions for user ID: 1 (page 1/1)

MockHttpServletRequest:
      HTTP Method = POST
      Request URI = /api/v1/auth/register
       Parameters = {}
          Headers = [Content-Type:"application/json;charset=UTF-8", Content-Length:"76"]
             Body = {"email":"second@example.com","password":"password123","name":"Second User"}
    Session Attrs = {}

Handler:
             Type = com.fintech.expensetracker.controller.AuthController
           Method = com.fintech.expensetracker.controller.AuthController#registerUser(UserRegistrationRequest)

Async:
    Async started = false
     Async result = null

Resolved Exception:
             Type = null

ModelAndView:
        View name = null
             View = null
            Model = null

FlashMap:
       Attributes = null

MockHttpServletResponse:
           Status = 201
    Error message = null
          Headers = [Vary:"Origin", "Access-Control-Request-Method", "Access-Control-Request-Headers", Content-Type:"application/json", X-Content-Type-Options:"nosniff", X-XSS-Protection:"0", Cache-Control:"no-cache, no-store, max-age=0, must-revalidate", Pragma:"no-cache", Expires:"0"]
     Content type = application/json
             Body = {"token":"eyJhbGciOiJIUzUxMiJ9.eyJzdWIiOiIyIiwiaWF0IjoxNzU1MzUxNzUwLCJleHAiOjE3NTUzNTUzNTB9.KtYP1ULWn3A0fMrk1ayG1zJP2YF5d4U3m868i_xWk6OeI9cDQ3a7N2SLWk9TNEwfxZSif4GCWPXcwnDl07kNBg","tokenType":"Bearer","expiresIn":86400,"user":{"id":2,"email":"second@example.com","name":"Second User","createdAt":"2025-08-16T16:42:30.808713"}}
    Forwarded URL = null
   Redirected URL = null
          Cookies = []

MockHttpServletRequest:
      HTTP Method = POST
      Request URI = /api/v1/accounts
       Parameters = {}
          Headers = [Content-Type:"application/json;charset=UTF-8", Authorization:"Bearer eyJhbGciOiJIUzUxMiJ9.eyJzdWIiOiIyIiwiaWF0IjoxNzU1MzUxNzUwLCJleHAiOjE3NTUzNTUzNTB9.KtYP1ULWn3A0fMrk1ayG1zJP2YF5d4U3m868i_xWk6OeI9cDQ3a7N2SLWk9TNEwfxZSif4GCWPXcwnDl07kNBg", Content-Length:"72"]
             Body = {"name":"Second User Account","type":"SAVINGS","initialBalance":5000.00}
    Session Attrs = {}

Handler:
             Type = com.fintech.expensetracker.controller.AccountController
           Method = com.fintech.expensetracker.controller.AccountController#createAccount(CreateAccountRequest, UserPrincipal)

Async:
    Async started = false
     Async result = null

Resolved Exception:
             Type = null

ModelAndView:
        View name = null
             View = null
            Model = null

FlashMap:
       Attributes = null

MockHttpServletResponse:
           Status = 201
    Error message = null
          Headers = [Vary:"Origin", "Access-Control-Request-Method", "Access-Control-Request-Headers", Content-Type:"application/json", X-Content-Type-Options:"nosniff", X-XSS-Protection:"0", Cache-Control:"no-cache, no-store, max-age=0, must-revalidate", Pragma:"no-cache", Expires:"0"]
     Content type = application/json
             Body = {"id":2,"name":"Second User Account","type":"SAVINGS","initialBalance":5000.00,"currentBalance":5000.00,"createdAt":"2025-08-16T16:42:30.817775","updatedAt":"2025-08-16T16:42:30.81779"}
    Forwarded URL = null
   Redirected URL = null
          Cookies = []

MockHttpServletRequest:
      HTTP Method = POST
      Request URI = /api/v1/transactions
       Parameters = {}
          Headers = [Content-Type:"application/json;charset=UTF-8", Authorization:"Bearer eyJhbGciOiJIUzUxMiJ9.eyJzdWIiOiIyIiwiaWF0IjoxNzU1MzUxNzUwLCJleHAiOjE3NTUzNTUzNTB9.KtYP1ULWn3A0fMrk1ayG1zJP2YF5d4U3m868i_xWk6OeI9cDQ3a7N2SLWk9TNEwfxZSif4GCWPXcwnDl07kNBg", Content-Length:"132"]
             Body = {"amount":1000.00,"description":"Second User Income","transactionDate":"2025-08-16","accountId":2,"categoryId":null,"type":"INCOME"}
    Session Attrs = {}

Handler:
             Type = com.fintech.expensetracker.controller.TransactionController
           Method = com.fintech.expensetracker.controller.TransactionController#createTransaction(CreateTransactionRequest, UserPrincipal)

Async:
    Async started = false
     Async result = null

Resolved Exception:
             Type = null

ModelAndView:
        View name = null
             View = null
            Model = null

FlashMap:
       Attributes = null

MockHttpServletResponse:
           Status = 201
    Error message = null
          Headers = [Vary:"Origin", "Access-Control-Request-Method", "Access-Control-Request-Headers", Content-Type:"application/json", X-Content-Type-Options:"nosniff", X-XSS-Protection:"0", Cache-Control:"no-cache, no-store, max-age=0, must-revalidate", Pragma:"no-cache", Expires:"0"]
     Content type = application/json
             Body = {"id":2,"amount":1000.00,"description":"Second User Income","transactionDate":"2025-08-16","account":{"id":2,"name":"Second User Account","type":"SAVINGS","initialBalance":null,"currentBalance":null,"createdAt":null,"updatedAt":null},"category":{"id":1,"name":"Uncategorized","description":"Default category for transactions without a specific category","default":true},"type":"INCOME","createdAt":"2025-08-16T16:42:30.829404","updatedAt":"2025-08-16T16:42:30.829421"}
    Forwarded URL = null
   Redirected URL = null
          Cookies = []

MockHttpServletRequest:
      HTTP Method = GET
      Request URI = /api/v1/accounts
       Parameters = {}
          Headers = [Authorization:"Bearer eyJhbGciOiJIUzUxMiJ9.eyJzdWIiOiIxIiwiaWF0IjoxNzU1MzUxNzUwLCJleHAiOjE3NTUzNTUzNTB9.1i4b8WeUHRlhyXyv2n-qNXmI66ldUu_1NMlN80z_tc39WKeFmT8iyL9osXtjY23L_vTBd9GC2HcZQs6Q1JtBsA"]
             Body = null
    Session Attrs = {}

Handler:
             Type = com.fintech.expensetracker.controller.AccountController
           Method = com.fintech.expensetracker.controller.AccountController#getUserAccounts(UserPrincipal)

Async:
    Async started = false
     Async result = null

Resolved Exception:
             Type = null

ModelAndView:
        View name = null
             View = null
            Model = null

FlashMap:
       Attributes = null

MockHttpServletResponse:
           Status = 200
    Error message = null
          Headers = [Vary:"Origin", "Access-Control-Request-Method", "Access-Control-Request-Headers", Content-Type:"application/json", X-Content-Type-Options:"nosniff", X-XSS-Protection:"0", Cache-Control:"no-cache, no-store, max-age=0, must-revalidate", Pragma:"no-cache", Expires:"0"]
     Content type = application/json
             Body = [{"id":1,"name":"Updated Integration Account","type":"CHECKING","initialBalance":1500.00,"currentBalance":4500.00,"createdAt":"2025-08-16T16:42:30.463637","updatedAt":"2025-08-16T16:42:30.532505"}]
    Forwarded URL = null
   Redirected URL = null
          Cookies = []

MockHttpServletRequest:
      HTTP Method = GET
      Request URI = /api/v1/accounts
       Parameters = {}
          Headers = [Authorization:"Bearer eyJhbGciOiJIUzUxMiJ9.eyJzdWIiOiIyIiwiaWF0IjoxNzU1MzUxNzUwLCJleHAiOjE3NTUzNTUzNTB9.KtYP1ULWn3A0fMrk1ayG1zJP2YF5d4U3m868i_xWk6OeI9cDQ3a7N2SLWk9TNEwfxZSif4GCWPXcwnDl07kNBg"]
             Body = null
    Session Attrs = {}

Handler:
             Type = com.fintech.expensetracker.controller.AccountController
           Method = com.fintech.expensetracker.controller.AccountController#getUserAccounts(UserPrincipal)

Async:
    Async started = false
     Async result = null

Resolved Exception:
             Type = null

ModelAndView:
        View name = null
             View = null
            Model = null

FlashMap:
       Attributes = null

MockHttpServletResponse:
           Status = 200
    Error message = null
          Headers = [Vary:"Origin", "Access-Control-Request-Method", "Access-Control-Request-Headers", Content-Type:"application/json", X-Content-Type-Options:"nosniff", X-XSS-Protection:"0", Cache-Control:"no-cache, no-store, max-age=0, must-revalidate", Pragma:"no-cache", Expires:"0"]
     Content type = application/json
             Body = [{"id":2,"name":"Second User Account","type":"SAVINGS","initialBalance":5000.00,"currentBalance":6000.00,"createdAt":"2025-08-16T16:42:30.817775","updatedAt":"2025-08-16T16:42:30.81779"}]
    Forwarded URL = null
   Redirected URL = null
          Cookies = []

MockHttpServletRequest:
      HTTP Method = GET
      Request URI = /api/v1/transactions
       Parameters = {}
          Headers = [Authorization:"Bearer eyJhbGciOiJIUzUxMiJ9.eyJzdWIiOiIxIiwiaWF0IjoxNzU1MzUxNzUwLCJleHAiOjE3NTUzNTUzNTB9.1i4b8WeUHRlhyXyv2n-qNXmI66ldUu_1NMlN80z_tc39WKeFmT8iyL9osXtjY23L_vTBd9GC2HcZQs6Q1JtBsA"]
             Body = null
    Session Attrs = {}

Handler:
             Type = com.fintech.expensetracker.controller.TransactionController
           Method = com.fintech.expensetracker.controller.TransactionController#getUserTransactions(UserPrincipal, Long, Long, String, String, String, String, String, int, int)

Async:
    Async started = false
     Async result = null

Resolved Exception:
             Type = null

ModelAndView:
        View name = null
             View = null
            Model = null

FlashMap:
       Attributes = null

MockHttpServletResponse:
           Status = 200
    Error message = null
          Headers = [Vary:"Origin", "Access-Control-Request-Method", "Access-Control-Request-Headers", Content-Type:"application/json", X-Content-Type-Options:"nosniff", X-XSS-Protection:"0", Cache-Control:"no-cache, no-store, max-age=0, must-revalidate", Pragma:"no-cache", Expires:"0"]
     Content type = application/json
             Body = {"content":[{"id":1,"amount":3000.00,"description":"Monthly Salary","transactionDate":"2025-08-16","account":{"id":1,"name":"Updated Integration Account","type":"CHECKING","initialBalance":null,"currentBalance":null,"createdAt":null,"updatedAt":null},"category":{"id":1,"name":"Uncategorized","description":"Default category for transactions without a specific category","default":true},"type":"INCOME","createdAt":"2025-08-16T16:42:30.578037","updatedAt":"2025-08-16T16:42:30.578071"}],"pageable":{"pageNumber":0,"pageSize":20,"sort":{"empty":false,"sorted":true,"unsorted":false},"offset":0,"paged":true,"unpaged":false},"last":true,"totalElements":1,"totalPages":1,"size":20,"number":0,"sort":{"empty":false,"sorted":true,"unsorted":false},"numberOfElements":1,"first":true,"empty":false}
    Forwarded URL = null
   Redirected URL = null
          Cookies = []
]]></system-out>
  </testcase>
  <testcase name="shouldHandleErrorScenariosCorrectly" classname="com.fintech.expensetracker.integration.ExpenseTrackerH2IntegrationTest" time="0.066">
    <failure message="Status expected:&lt;201&gt; but was:&lt;400&gt;" type="java.lang.AssertionError"><![CDATA[java.lang.AssertionError: Status expected:<201> but was:<400>
	at org.springframework.test.util.AssertionErrors.fail(AssertionErrors.java:59)
	at org.springframework.test.util.AssertionErrors.assertEquals(AssertionErrors.java:122)
	at org.springframework.test.web.servlet.result.StatusResultMatchers.lambda$matcher$9(StatusResultMatchers.java:637)
	at org.springframework.test.web.servlet.MockMvc$1.andExpect(MockMvc.java:214)
	at com.fintech.expensetracker.integration.ExpenseTrackerH2IntegrationTest.shouldHandleErrorScenariosCorrectly(ExpenseTrackerH2IntegrationTest.java:450)
	at java.base/java.lang.reflect.Method.invoke(Method.java:580)
	at java.base/java.util.ArrayList.forEach(ArrayList.java:1596)
	at java.base/java.util.ArrayList.forEach(ArrayList.java:1596)
]]></failure>
    <system-out><![CDATA[2025-08-16T16:42:30.914+03:00  WARN 10047 --- [expense-tracker-test] [           main] c.f.e.exception.GlobalExceptionHandler   : Validation error occurred: Validation failed for argument [0] in public org.springframework.http.ResponseEntity<com.fintech.expensetracker.dto.response.AccountResponse> com.fintech.expensetracker.controller.AccountController.createAccount(com.fintech.expensetracker.dto.request.CreateAccountRequest,com.fintech.expensetracker.security.UserPrincipal): [Field error in object 'createAccountRequest' on field 'name': rejected value []; codes [NotBlank.createAccountRequest.name,NotBlank.name,NotBlank.java.lang.String,NotBlank]; arguments [org.springframework.context.support.DefaultMessageSourceResolvable: codes [createAccountRequest.name,name]; arguments []; default message [name]]; default message [Account name is required]] 
2025-08-16T16:42:30.922+03:00  INFO 10047 --- [expense-tracker-test] [           main] c.f.e.controller.AccountController       : Calculating balance for account ID: 99999 for user ID: 1
2025-08-16T16:42:30.923+03:00  INFO 10047 --- [expense-tracker-test] [           main] c.f.e.service.AccountService             : Calculating balance for account ID: 99999 for user ID: 1
2025-08-16T16:42:30.926+03:00  WARN 10047 --- [expense-tracker-test] [           main] c.f.e.exception.GlobalExceptionHandler   : Resource not found exception: Account not found with ID: 99999 for user ID: 1
2025-08-16T16:42:30.935+03:00  WARN 10047 --- [expense-tracker-test] [           main] c.f.e.exception.GlobalExceptionHandler   : Validation error occurred: Validation failed for argument [0] in public org.springframework.http.ResponseEntity<com.fintech.expensetracker.dto.response.TransactionResponse> com.fintech.expensetracker.controller.TransactionController.createTransaction(com.fintech.expensetracker.dto.request.CreateTransactionRequest,com.fintech.expensetracker.security.UserPrincipal) with 2 errors: [Field error in object 'createTransactionRequest' on field 'amount': rejected value [0.00]; codes [DecimalMin.createTransactionRequest.amount,DecimalMin.amount,DecimalMin.java.math.BigDecimal,DecimalMin]; arguments [org.springframework.context.support.DefaultMessageSourceResolvable: codes [createTransactionRequest.amount,amount]; arguments []; default message [amount],true,0.01]; default message [Amount must be greater than 0]] [Field error in object 'createTransactionRequest' on field 'description': rejected value []; codes [NotBlank.createTransactionRequest.description,NotBlank.description,NotBlank.java.lang.String,NotBlank]; arguments [org.springframework.context.support.DefaultMessageSourceResolvable: codes [createTransactionRequest.description,description]; arguments []; default message [description]]; default message [Description is required]] 
2025-08-16T16:42:30.944+03:00  INFO 10047 --- [expense-tracker-test] [           main] c.f.e.controller.TransactionController   : Creating transaction for user ID: 1 with amount: 99.999 and description: 'Precision Test'
2025-08-16T16:42:30.948+03:00  WARN 10047 --- [expense-tracker-test] [           main] c.f.e.exception.GlobalExceptionHandler   : Constraint violation: Validation failed for classes [com.fintech.expensetracker.entity.Transaction] during persist time for groups [jakarta.validation.groups.Default, ]
List of constraint violations:[
	ConstraintViolationImpl{interpolatedMessage='Amount must be greater than 0', propertyPath=amount, rootBeanClass=class com.fintech.expensetracker.entity.Transaction, messageTemplate='Amount must be greater than 0'}
]

MockHttpServletRequest:
      HTTP Method = POST
      Request URI = /api/v1/accounts
       Parameters = {}
          Headers = [Content-Type:"application/json;charset=UTF-8", Authorization:"Bearer eyJhbGciOiJIUzUxMiJ9.eyJzdWIiOiIxIiwiaWF0IjoxNzU1MzUxNzUwLCJleHAiOjE3NTUzNTUzNTB9.1i4b8WeUHRlhyXyv2n-qNXmI66ldUu_1NMlN80z_tc39WKeFmT8iyL9osXtjY23L_vTBd9GC2HcZQs6Q1JtBsA", Content-Length:"48"]
             Body = {"name":"","type":"CHECKING","initialBalance":0}
    Session Attrs = {}

Handler:
             Type = com.fintech.expensetracker.controller.AccountController
           Method = com.fintech.expensetracker.controller.AccountController#createAccount(CreateAccountRequest, UserPrincipal)

Async:
    Async started = false
     Async result = null

Resolved Exception:
             Type = org.springframework.web.bind.MethodArgumentNotValidException

ModelAndView:
        View name = null
             View = null
            Model = null

FlashMap:
       Attributes = null

MockHttpServletResponse:
           Status = 400
    Error message = null
          Headers = [Vary:"Origin", "Access-Control-Request-Method", "Access-Control-Request-Headers", Content-Type:"application/json", X-Content-Type-Options:"nosniff", X-XSS-Protection:"0", Cache-Control:"no-cache, no-store, max-age=0, must-revalidate", Pragma:"no-cache", Expires:"0"]
     Content type = application/json
             Body = {"timestamp":"2025-08-16T16:42:30.914647","status":400,"error":"Validation Error","message":"Invalid input data","path":"/api/v1/accounts","details":{"name":"Account name is required"}}
    Forwarded URL = null
   Redirected URL = null
          Cookies = []

MockHttpServletRequest:
      HTTP Method = GET
      Request URI = /api/v1/accounts/99999/balance
       Parameters = {}
          Headers = [Authorization:"Bearer eyJhbGciOiJIUzUxMiJ9.eyJzdWIiOiIxIiwiaWF0IjoxNzU1MzUxNzUwLCJleHAiOjE3NTUzNTUzNTB9.1i4b8WeUHRlhyXyv2n-qNXmI66ldUu_1NMlN80z_tc39WKeFmT8iyL9osXtjY23L_vTBd9GC2HcZQs6Q1JtBsA"]
             Body = null
    Session Attrs = {}

Handler:
             Type = com.fintech.expensetracker.controller.AccountController
           Method = com.fintech.expensetracker.controller.AccountController#getAccountBalance(Long, UserPrincipal)

Async:
    Async started = false
     Async result = null

Resolved Exception:
             Type = com.fintech.expensetracker.exception.ResourceNotFoundException

ModelAndView:
        View name = null
             View = null
            Model = null

FlashMap:
       Attributes = null

MockHttpServletResponse:
           Status = 404
    Error message = null
          Headers = [Vary:"Origin", "Access-Control-Request-Method", "Access-Control-Request-Headers", Content-Type:"application/json", X-Content-Type-Options:"nosniff", X-XSS-Protection:"0", Cache-Control:"no-cache, no-store, max-age=0, must-revalidate", Pragma:"no-cache", Expires:"0"]
     Content type = application/json
             Body = {"timestamp":"2025-08-16T16:42:30.926383","status":404,"error":"Resource Not Found","message":"Account not found with ID: 99999 for user ID: 1","path":"/api/v1/accounts/99999/balance","details":null}
    Forwarded URL = null
   Redirected URL = null
          Cookies = []

MockHttpServletRequest:
      HTTP Method = POST
      Request URI = /api/v1/transactions
       Parameters = {}
          Headers = [Content-Type:"application/json;charset=UTF-8", Authorization:"Bearer eyJhbGciOiJIUzUxMiJ9.eyJzdWIiOiIxIiwiaWF0IjoxNzU1MzUxNzUwLCJleHAiOjE3NTUzNTUzNTB9.1i4b8WeUHRlhyXyv2n-qNXmI66ldUu_1NMlN80z_tc39WKeFmT8iyL9osXtjY23L_vTBd9GC2HcZQs6Q1JtBsA", Content-Length:"104"]
             Body = {"amount":0.00,"description":"","transactionDate":null,"accountId":1,"categoryId":null,"type":"EXPENSE"}
    Session Attrs = {}

Handler:
             Type = com.fintech.expensetracker.controller.TransactionController
           Method = com.fintech.expensetracker.controller.TransactionController#createTransaction(CreateTransactionRequest, UserPrincipal)

Async:
    Async started = false
     Async result = null

Resolved Exception:
             Type = org.springframework.web.bind.MethodArgumentNotValidException

ModelAndView:
        View name = null
             View = null
            Model = null

FlashMap:
       Attributes = null

MockHttpServletResponse:
           Status = 400
    Error message = null
          Headers = [Vary:"Origin", "Access-Control-Request-Method", "Access-Control-Request-Headers", Content-Type:"application/json", X-Content-Type-Options:"nosniff", X-XSS-Protection:"0", Cache-Control:"no-cache, no-store, max-age=0, must-revalidate", Pragma:"no-cache", Expires:"0"]
     Content type = application/json
             Body = {"timestamp":"2025-08-16T16:42:30.936136","status":400,"error":"Validation Error","message":"Invalid input data","path":"/api/v1/transactions","details":{"amount":"Amount must be greater than 0","description":"Description is required"}}
    Forwarded URL = null
   Redirected URL = null
          Cookies = []

MockHttpServletRequest:
      HTTP Method = POST
      Request URI = /api/v1/transactions
       Parameters = {}
          Headers = [Content-Type:"application/json;charset=UTF-8", Authorization:"Bearer eyJhbGciOiJIUzUxMiJ9.eyJzdWIiOiIxIiwiaWF0IjoxNzU1MzUxNzUwLCJleHAiOjE3NTUzNTUzNTB9.1i4b8WeUHRlhyXyv2n-qNXmI66ldUu_1NMlN80z_tc39WKeFmT8iyL9osXtjY23L_vTBd9GC2HcZQs6Q1JtBsA", Content-Length:"128"]
             Body = {"amount":99.999,"description":"Precision Test","transactionDate":"2025-08-16","accountId":1,"categoryId":null,"type":"EXPENSE"}
    Session Attrs = {}

Handler:
             Type = com.fintech.expensetracker.controller.TransactionController
           Method = com.fintech.expensetracker.controller.TransactionController#createTransaction(CreateTransactionRequest, UserPrincipal)

Async:
    Async started = false
     Async result = null

Resolved Exception:
             Type = jakarta.validation.ConstraintViolationException

ModelAndView:
        View name = null
             View = null
            Model = null

FlashMap:
       Attributes = null

MockHttpServletResponse:
           Status = 400
    Error message = null
          Headers = [Vary:"Origin", "Access-Control-Request-Method", "Access-Control-Request-Headers", Content-Type:"application/json", X-Content-Type-Options:"nosniff", X-XSS-Protection:"0", Cache-Control:"no-cache, no-store, max-age=0, must-revalidate", Pragma:"no-cache", Expires:"0"]
     Content type = application/json
             Body = {"timestamp":"2025-08-16T16:42:30.94891","status":400,"error":"Validation Error","message":"Constraint validation failed","path":"/api/v1/transactions","details":{"amount":"Amount must be greater than 0"}}
    Forwarded URL = null
   Redirected URL = null
          Cookies = []
]]></system-out>
  </testcase>
  <testcase name="shouldHandleSoftDeleteCorrectly" classname="com.fintech.expensetracker.integration.ExpenseTrackerH2IntegrationTest" time="0.034">
    <failure message="JSON path &quot;$.length()&quot; expected:&lt;5&gt; but was:&lt;11&gt;" type="java.lang.AssertionError"><![CDATA[java.lang.AssertionError: JSON path "$.length()" expected:<5> but was:<11>
	at org.springframework.test.util.AssertionErrors.fail(AssertionErrors.java:59)
	at org.springframework.test.util.AssertionErrors.assertEquals(AssertionErrors.java:122)
	at org.springframework.test.util.JsonPathExpectationsHelper.assertValue(JsonPathExpectationsHelper.java:123)
	at org.springframework.test.web.servlet.result.JsonPathResultMatchers.lambda$value$2(JsonPathResultMatchers.java:111)
	at org.springframework.test.web.servlet.MockMvc$1.andExpect(MockMvc.java:214)
	at com.fintech.expensetracker.integration.ExpenseTrackerH2IntegrationTest.shouldHandleSoftDeleteCorrectly(ExpenseTrackerH2IntegrationTest.java:466)
	at java.base/java.lang.reflect.Method.invoke(Method.java:580)
	at java.base/java.util.ArrayList.forEach(ArrayList.java:1596)
	at java.base/java.util.ArrayList.forEach(ArrayList.java:1596)
]]></failure>
    <system-out><![CDATA[2025-08-16T16:42:30.966+03:00  INFO 10047 --- [expense-tracker-test] [           main] c.f.e.controller.TransactionController   : Deleting transaction ID: 1 for user ID: 1
2025-08-16T16:42:30.975+03:00  INFO 10047 --- [expense-tracker-test] [           main] c.f.e.service.TransactionService         : Soft deleted transaction with ID 1 for user 1
2025-08-16T16:42:30.977+03:00  INFO 10047 --- [expense-tracker-test] [           main] c.f.e.controller.TransactionController   : Successfully deleted transaction ID: 1 for user ID: 1
2025-08-16T16:42:30.982+03:00  INFO 10047 --- [expense-tracker-test] [           main] c.f.e.controller.TransactionController   : Retrieving transactions for user ID: 1 with filters - page: 0, size: 20
2025-08-16T16:42:30.984+03:00  INFO 10047 --- [expense-tracker-test] [           main] c.f.e.controller.TransactionController   : Retrieved 0 transactions for user ID: 1 (page 1/0)

MockHttpServletRequest:
      HTTP Method = DELETE
      Request URI = /api/v1/transactions/1
       Parameters = {}
          Headers = [Authorization:"Bearer eyJhbGciOiJIUzUxMiJ9.eyJzdWIiOiIxIiwiaWF0IjoxNzU1MzUxNzUwLCJleHAiOjE3NTUzNTUzNTB9.1i4b8WeUHRlhyXyv2n-qNXmI66ldUu_1NMlN80z_tc39WKeFmT8iyL9osXtjY23L_vTBd9GC2HcZQs6Q1JtBsA"]
             Body = null
    Session Attrs = {}

Handler:
             Type = com.fintech.expensetracker.controller.TransactionController
           Method = com.fintech.expensetracker.controller.TransactionController#deleteTransaction(Long, UserPrincipal)

Async:
    Async started = false
     Async result = null

Resolved Exception:
             Type = null

ModelAndView:
        View name = null
             View = null
            Model = null

FlashMap:
       Attributes = null

MockHttpServletResponse:
           Status = 204
    Error message = null
          Headers = [Vary:"Origin", "Access-Control-Request-Method", "Access-Control-Request-Headers", X-Content-Type-Options:"nosniff", X-XSS-Protection:"0", Cache-Control:"no-cache, no-store, max-age=0, must-revalidate", Pragma:"no-cache", Expires:"0"]
     Content type = null
             Body = 
    Forwarded URL = null
   Redirected URL = null
          Cookies = []

MockHttpServletRequest:
      HTTP Method = GET
      Request URI = /api/v1/transactions
       Parameters = {}
          Headers = [Authorization:"Bearer eyJhbGciOiJIUzUxMiJ9.eyJzdWIiOiIxIiwiaWF0IjoxNzU1MzUxNzUwLCJleHAiOjE3NTUzNTUzNTB9.1i4b8WeUHRlhyXyv2n-qNXmI66ldUu_1NMlN80z_tc39WKeFmT8iyL9osXtjY23L_vTBd9GC2HcZQs6Q1JtBsA"]
             Body = null
    Session Attrs = {}

Handler:
             Type = com.fintech.expensetracker.controller.TransactionController
           Method = com.fintech.expensetracker.controller.TransactionController#getUserTransactions(UserPrincipal, Long, Long, String, String, String, String, String, int, int)

Async:
    Async started = false
     Async result = null

Resolved Exception:
             Type = null

ModelAndView:
        View name = null
             View = null
            Model = null

FlashMap:
       Attributes = null

MockHttpServletResponse:
           Status = 200
    Error message = null
          Headers = [Vary:"Origin", "Access-Control-Request-Method", "Access-Control-Request-Headers", Content-Type:"application/json", X-Content-Type-Options:"nosniff", X-XSS-Protection:"0", Cache-Control:"no-cache, no-store, max-age=0, must-revalidate", Pragma:"no-cache", Expires:"0"]
     Content type = application/json
             Body = {"content":[],"pageable":{"pageNumber":0,"pageSize":20,"sort":{"empty":false,"sorted":true,"unsorted":false},"offset":0,"paged":true,"unpaged":false},"last":true,"totalElements":0,"totalPages":0,"size":20,"number":0,"sort":{"empty":false,"sorted":true,"unsorted":false},"numberOfElements":0,"first":true,"empty":true}
    Forwarded URL = null
   Redirected URL = null
          Cookies = []
]]></system-out>
  </testcase>
</testsuite>